<?xml version="1.0" encoding="utf-8"?>
<CoverageSession xmlns:xsd="http://www.w3.org/2001/XMLSchema" xmlns:xsi="http://www.w3.org/2001/XMLSchema-instance" Version="0.0.0.0">
  <Summary numSequencePoints="572" visitedSequencePoints="506" numBranchPoints="0" visitedBranchPoints="0" sequenceCoverage="88.46" branchCoverage="0.0" maxCyclomaticComplexity="0" minCyclomaticComplexity="0" maxCrapScore="0" minCrapScore="0" visitedClasses="22" numClasses="22" visitedMethods="117" numMethods="117" />
  <Modules>
    <Module>
      <Summary numSequencePoints="131" visitedSequencePoints="118" numBranchPoints="0" visitedBranchPoints="0" sequenceCoverage="90.08" branchCoverage="0.0" maxCyclomaticComplexity="0" minCyclomaticComplexity="0" maxCrapScore="0" minCrapScore="0" visitedClasses="4" numClasses="4" visitedMethods="32" numMethods="32" />
      <ModuleTime>0001-01-01T00:00:00</ModuleTime>
      <ModuleName>AIBERG.Factions.TheOrderOfTheFlesh</ModuleName>
      <Files>
        <File uid="1" fullPath="D:/CNG491ERG/EndlessRunnerGame/Assets/Scripts/Factions/The Order of the Flesh/AssaultRifle.cs" />
        <File uid="2" fullPath="D:/CNG491ERG/EndlessRunnerGame/Assets/Scripts/Factions/The Order of the Flesh/Jump.cs" />
        <File uid="3" fullPath="D:/CNG491ERG/EndlessRunnerGame/Assets/Scripts/Factions/The Order of the Flesh/LastResort.cs" />
        <File uid="4" fullPath="D:/CNG491ERG/EndlessRunnerGame/Assets/Scripts/Factions/The Order of the Flesh/MachineGun.cs" />
      </Files>
      <Classes>
        <Class>
          <Summary numSequencePoints="37" visitedSequencePoints="33" numBranchPoints="0" visitedBranchPoints="0" sequenceCoverage="89.19" branchCoverage="0.0" maxCyclomaticComplexity="0" minCyclomaticComplexity="0" maxCrapScore="0" minCrapScore="0" visitedClasses="1" numClasses="1" visitedMethods="10" numMethods="10" />
          <FullName>AIBERG.Factions.TheOrderOfTheFlesh.AssaultRifle</FullName>
          <Methods>
            <Method visited="true" cyclomaticComplexity="0" nPathComplexity="0" sequenceCoverage="100.0" branchCoverage="0" crapScore="0" isConstructor="false" isStatic="false" isGetter="true" isSetter="false">
              <Summary numSequencePoints="1" visitedSequencePoints="1" numBranchPoints="0" visitedBranchPoints="0" sequenceCoverage="100.0" branchCoverage="0" maxCyclomaticComplexity="0" minCyclomaticComplexity="0" maxCrapScore="0" minCrapScore="0" visitedClasses="0" numClasses="0" visitedMethods="1" numMethods="1" />
              <MetadataToken>100663299</MetadataToken>
              <Name>System.Single AIBERG.Factions.TheOrderOfTheFlesh.AssaultRifle::get_Cooldown()</Name>
              <FileRef uid="1" />
              <SequencePoints>
                <SequencePoint vc="96" uspid="1207" ordinal="0" offset="0" sl="25" sc="30" el="25" ec="30" bec="0" bev="0" fileid="1" />
              </SequencePoints>
              <BranchPoints />
            </Method>
            <Method visited="true" cyclomaticComplexity="0" nPathComplexity="0" sequenceCoverage="100.0" branchCoverage="0" crapScore="0" isConstructor="false" isStatic="false" isGetter="true" isSetter="false">
              <Summary numSequencePoints="1" visitedSequencePoints="1" numBranchPoints="0" visitedBranchPoints="0" sequenceCoverage="100.0" branchCoverage="0" maxCyclomaticComplexity="0" minCyclomaticComplexity="0" maxCrapScore="0" minCrapScore="0" visitedClasses="0" numClasses="0" visitedMethods="1" numMethods="1" />
              <MetadataToken>100663301</MetadataToken>
              <Name>System.Single AIBERG.Factions.TheOrderOfTheFlesh.AssaultRifle::get_Damage()</Name>
              <FileRef uid="1" />
              <SequencePoints>
                <SequencePoint vc="1" uspid="1209" ordinal="0" offset="0" sl="27" sc="28" el="27" ec="28" bec="0" bev="0" fileid="1" />
              </SequencePoints>
              <BranchPoints />
            </Method>
            <Method visited="true" cyclomaticComplexity="0" nPathComplexity="0" sequenceCoverage="100.0" branchCoverage="0" crapScore="0" isConstructor="false" isStatic="false" isGetter="true" isSetter="false">
              <Summary numSequencePoints="1" visitedSequencePoints="1" numBranchPoints="0" visitedBranchPoints="0" sequenceCoverage="100.0" branchCoverage="0" maxCyclomaticComplexity="0" minCyclomaticComplexity="0" maxCrapScore="0" minCrapScore="0" visitedClasses="0" numClasses="0" visitedMethods="1" numMethods="1" />
              <MetadataToken>100663302</MetadataToken>
              <Name>System.Boolean AIBERG.Factions.TheOrderOfTheFlesh.AssaultRifle::get_CanBeUsed()</Name>
              <FileRef uid="1" />
              <SequencePoints>
                <SequencePoint vc="19" uspid="1210" ordinal="0" offset="0" sl="28" sc="30" el="28" ec="30" bec="0" bev="0" fileid="1" />
              </SequencePoints>
              <BranchPoints />
            </Method>
            <Method visited="true" cyclomaticComplexity="0" nPathComplexity="0" sequenceCoverage="100.0" branchCoverage="0" crapScore="0" isConstructor="false" isStatic="false" isGetter="true" isSetter="false">
              <Summary numSequencePoints="1" visitedSequencePoints="1" numBranchPoints="0" visitedBranchPoints="0" sequenceCoverage="100.0" branchCoverage="0" maxCyclomaticComplexity="0" minCyclomaticComplexity="0" maxCrapScore="0" minCrapScore="0" visitedClasses="0" numClasses="0" visitedMethods="1" numMethods="1" />
              <MetadataToken>100663303</MetadataToken>
              <Name>AIBERG.Interfaces.IAbility AIBERG.Factions.TheOrderOfTheFlesh.AssaultRifle::get_AbilityLock()</Name>
              <FileRef uid="1" />
              <SequencePoints>
                <SequencePoint vc="94" uspid="1211" ordinal="0" offset="0" sl="31" sc="16" el="31" ec="16" bec="0" bev="0" fileid="1" />
              </SequencePoints>
              <BranchPoints />
            </Method>
            <Method visited="true" cyclomaticComplexity="0" nPathComplexity="0" sequenceCoverage="100.0" branchCoverage="0" crapScore="0" isConstructor="false" isStatic="false" isGetter="false" isSetter="true">
              <Summary numSequencePoints="6" visitedSequencePoints="6" numBranchPoints="0" visitedBranchPoints="0" sequenceCoverage="100.0" branchCoverage="0" maxCyclomaticComplexity="0" minCyclomaticComplexity="0" maxCrapScore="0" minCrapScore="0" visitedClasses="0" numClasses="0" visitedMethods="1" numMethods="1" />
              <MetadataToken>100663304</MetadataToken>
              <Name>System.Void AIBERG.Factions.TheOrderOfTheFlesh.AssaultRifle::set_AbilityLock(AIBERG.Interfaces.IAbility)</Name>
              <FileRef uid="1" />
              <SequencePoints>
                <SequencePoint vc="1" uspid="1212" ordinal="0" offset="0" sl="32" sc="12" el="32" ec="12" bec="0" bev="0" fileid="1" />
                <SequencePoint vc="1" uspid="1213" ordinal="0" offset="1" sl="33" sc="13" el="33" ec="13" bec="0" bev="0" fileid="1" />
                <SequencePoint vc="1" uspid="1214" ordinal="0" offset="26" sl="33" sc="63" el="33" ec="63" bec="0" bev="0" fileid="1" />
                <SequencePoint vc="1" uspid="1215" ordinal="0" offset="27" sl="34" sc="17" el="34" ec="17" bec="0" bev="0" fileid="1" />
                <SequencePoint vc="1" uspid="1216" ordinal="0" offset="34" sl="35" sc="13" el="35" ec="13" bec="0" bev="0" fileid="1" />
                <SequencePoint vc="1" uspid="1217" ordinal="0" offset="35" sl="36" sc="9" el="36" ec="9" bec="0" bev="0" fileid="1" />
              </SequencePoints>
              <BranchPoints />
            </Method>
            <Method visited="true" cyclomaticComplexity="0" nPathComplexity="0" sequenceCoverage="100.0" branchCoverage="0" crapScore="0" isConstructor="false" isStatic="false" isGetter="false" isSetter="false">
              <Summary numSequencePoints="8" visitedSequencePoints="8" numBranchPoints="0" visitedBranchPoints="0" sequenceCoverage="100.0" branchCoverage="0" maxCyclomaticComplexity="0" minCyclomaticComplexity="0" maxCrapScore="0" minCrapScore="0" visitedClasses="0" numClasses="0" visitedMethods="1" numMethods="1" />
              <MetadataToken>100663306</MetadataToken>
              <Name>System.Void AIBERG.Factions.TheOrderOfTheFlesh.AssaultRifle::Start()</Name>
              <FileRef uid="1" />
              <SequencePoints>
                <SequencePoint vc="1" uspid="1219" ordinal="0" offset="0" sl="43" sc="26" el="43" ec="26" bec="0" bev="0" fileid="1" />
                <SequencePoint vc="1" uspid="1220" ordinal="0" offset="1" sl="44" sc="9" el="44" ec="9" bec="0" bev="0" fileid="1" />
                <SequencePoint vc="1" uspid="1221" ordinal="0" offset="18" sl="45" sc="9" el="45" ec="9" bec="0" bev="0" fileid="1" />
                <SequencePoint vc="1" uspid="1222" ordinal="0" offset="25" sl="46" sc="9" el="46" ec="9" bec="0" bev="0" fileid="1" />
                <SequencePoint vc="1" uspid="1223" ordinal="0" offset="47" sl="47" sc="9" el="47" ec="9" bec="0" bev="0" fileid="1" />
                <SequencePoint vc="1" uspid="1224" ordinal="0" offset="69" sl="48" sc="9" el="48" ec="9" bec="0" bev="0" fileid="1" />
                <SequencePoint vc="1" uspid="1225" ordinal="0" offset="91" sl="49" sc="9" el="49" ec="9" bec="0" bev="0" fileid="1" />
                <SequencePoint vc="1" uspid="1226" ordinal="0" offset="99" sl="50" sc="5" el="50" ec="5" bec="0" bev="0" fileid="1" />
              </SequencePoints>
              <BranchPoints />
            </Method>
            <Method visited="true" cyclomaticComplexity="0" nPathComplexity="0" sequenceCoverage="100.0" branchCoverage="0" crapScore="0" isConstructor="false" isStatic="false" isGetter="false" isSetter="false">
              <Summary numSequencePoints="5" visitedSequencePoints="5" numBranchPoints="0" visitedBranchPoints="0" sequenceCoverage="100.0" branchCoverage="0" maxCyclomaticComplexity="0" minCyclomaticComplexity="0" maxCrapScore="0" minCrapScore="0" visitedClasses="0" numClasses="0" visitedMethods="1" numMethods="1" />
              <MetadataToken>100663307</MetadataToken>
              <Name>System.Void AIBERG.Factions.TheOrderOfTheFlesh.AssaultRifle::FixedUpdate()</Name>
              <FileRef uid="1" />
              <SequencePoints>
                <SequencePoint vc="94" uspid="1227" ordinal="0" offset="0" sl="52" sc="32" el="52" ec="32" bec="0" bev="0" fileid="1" />
                <SequencePoint vc="94" uspid="1228" ordinal="0" offset="1" sl="53" sc="9" el="53" ec="9" bec="0" bev="0" fileid="1" />
                <SequencePoint vc="94" uspid="1229" ordinal="0" offset="16" sl="54" sc="9" el="54" ec="9" bec="0" bev="0" fileid="1" />
                <SequencePoint vc="94" uspid="1230" ordinal="0" offset="45" sl="55" sc="9" el="55" ec="9" bec="0" bev="0" fileid="1" />
                <SequencePoint vc="94" uspid="1231" ordinal="0" offset="79" sl="56" sc="5" el="56" ec="5" bec="0" bev="0" fileid="1" />
              </SequencePoints>
              <BranchPoints />
            </Method>
            <Method visited="true" cyclomaticComplexity="0" nPathComplexity="0" sequenceCoverage="42.86" branchCoverage="0" crapScore="0" isConstructor="false" isStatic="false" isGetter="false" isSetter="false">
              <Summary numSequencePoints="7" visitedSequencePoints="3" numBranchPoints="0" visitedBranchPoints="0" sequenceCoverage="42.86" branchCoverage="0" maxCyclomaticComplexity="0" minCyclomaticComplexity="0" maxCrapScore="0" minCrapScore="0" visitedClasses="0" numClasses="0" visitedMethods="1" numMethods="1" />
              <MetadataToken>100663308</MetadataToken>
              <Name>System.Void AIBERG.Factions.TheOrderOfTheFlesh.AssaultRifle::UseAbility(System.Boolean)</Name>
              <FileRef uid="1" />
              <SequencePoints>
                <SequencePoint vc="94" uspid="1232" ordinal="0" offset="0" sl="58" sc="47" el="58" ec="47" bec="0" bev="0" fileid="1" />
                <SequencePoint vc="94" uspid="1233" ordinal="0" offset="1" sl="59" sc="9" el="59" ec="9" bec="0" bev="0" fileid="1" />
                <SequencePoint vc="0" uspid="1234" ordinal="0" offset="27" sl="59" sc="62" el="59" ec="62" bec="0" bev="0" fileid="1" />
                <SequencePoint vc="0" uspid="1235" ordinal="0" offset="28" sl="60" sc="13" el="60" ec="13" bec="0" bev="0" fileid="1" />
                <SequencePoint vc="0" uspid="1236" ordinal="0" offset="35" sl="61" sc="13" el="61" ec="13" bec="0" bev="0" fileid="1" />
                <SequencePoint vc="0" uspid="1237" ordinal="0" offset="46" sl="62" sc="9" el="62" ec="9" bec="0" bev="0" fileid="1" />
                <SequencePoint vc="94" uspid="1238" ordinal="0" offset="47" sl="63" sc="5" el="63" ec="5" bec="0" bev="0" fileid="1" />
              </SequencePoints>
              <BranchPoints />
            </Method>
            <Method visited="true" cyclomaticComplexity="0" nPathComplexity="0" sequenceCoverage="100.0" branchCoverage="0" crapScore="0" isConstructor="false" isStatic="false" isGetter="false" isSetter="false">
              <Summary numSequencePoints="3" visitedSequencePoints="3" numBranchPoints="0" visitedBranchPoints="0" sequenceCoverage="100.0" branchCoverage="0" maxCyclomaticComplexity="0" minCyclomaticComplexity="0" maxCrapScore="0" minCrapScore="0" visitedClasses="0" numClasses="0" visitedMethods="1" numMethods="1" />
              <MetadataToken>100663310</MetadataToken>
              <Name>System.Void AIBERG.Factions.TheOrderOfTheFlesh.AssaultRifle::ResetCooldown()</Name>
              <FileRef uid="1" />
              <SequencePoints>
                <SequencePoint vc="2" uspid="1248" ordinal="0" offset="0" sl="74" sc="32" el="74" ec="32" bec="0" bev="0" fileid="1" />
                <SequencePoint vc="2" uspid="1249" ordinal="0" offset="1" sl="75" sc="9" el="75" ec="9" bec="0" bev="0" fileid="1" />
                <SequencePoint vc="2" uspid="1250" ordinal="0" offset="13" sl="76" sc="5" el="76" ec="5" bec="0" bev="0" fileid="1" />
              </SequencePoints>
              <BranchPoints />
            </Method>
            <Method visited="true" cyclomaticComplexity="0" nPathComplexity="0" sequenceCoverage="100.0" branchCoverage="0" crapScore="0" isConstructor="true" isStatic="false" isGetter="false" isSetter="false">
              <Summary numSequencePoints="4" visitedSequencePoints="4" numBranchPoints="0" visitedBranchPoints="0" sequenceCoverage="100.0" branchCoverage="0" maxCyclomaticComplexity="0" minCyclomaticComplexity="0" maxCrapScore="0" minCrapScore="0" visitedClasses="0" numClasses="0" visitedMethods="1" numMethods="1" />
              <MetadataToken>100663311</MetadataToken>
              <Name>AIBERG.Factions.TheOrderOfTheFlesh.AssaultRifle::AssaultRifle()</Name>
              <FileRef uid="1" />
              <SequencePoints>
                <SequencePoint vc="2" uspid="1251" ordinal="0" offset="0" sl="11" sc="22" el="11" ec="22" bec="0" bev="0" fileid="1" />
                <SequencePoint vc="2" uspid="1252" ordinal="0" offset="11" sl="12" sc="22" el="12" ec="22" bec="0" bev="0" fileid="1" />
                <SequencePoint vc="2" uspid="1253" ordinal="0" offset="22" sl="13" sc="22" el="13" ec="22" bec="0" bev="0" fileid="1" />
                <SequencePoint vc="2" uspid="1254" ordinal="0" offset="33" sl="22" sc="22" el="22" ec="22" bec="0" bev="0" fileid="1" />
              </SequencePoints>
              <BranchPoints />
            </Method>
          </Methods>
        </Class>
        <Class>
          <Summary numSequencePoints="19" visitedSequencePoints="16" numBranchPoints="0" visitedBranchPoints="0" sequenceCoverage="84.21" branchCoverage="0.0" maxCyclomaticComplexity="0" minCyclomaticComplexity="0" maxCrapScore="0" minCrapScore="0" visitedClasses="1" numClasses="1" visitedMethods="4" numMethods="4" />
          <FullName>AIBERG.Factions.TheOrderOfTheFlesh.Jump</FullName>
          <Methods>
            <Method visited="true" cyclomaticComplexity="0" nPathComplexity="0" sequenceCoverage="100.0" branchCoverage="0" crapScore="0" isConstructor="false" isStatic="false" isGetter="false" isSetter="true">
              <Summary numSequencePoints="6" visitedSequencePoints="6" numBranchPoints="0" visitedBranchPoints="0" sequenceCoverage="100.0" branchCoverage="0" maxCyclomaticComplexity="0" minCyclomaticComplexity="0" maxCrapScore="0" minCrapScore="0" visitedClasses="0" numClasses="0" visitedMethods="1" numMethods="1" />
              <MetadataToken>100663317</MetadataToken>
              <Name>System.Void AIBERG.Factions.TheOrderOfTheFlesh.Jump::set_AbilityLock(AIBERG.Interfaces.IAbility)</Name>
              <FileRef uid="2" />
              <SequencePoints>
                <SequencePoint vc="1" uspid="1260" ordinal="0" offset="0" sl="21" sc="12" el="21" ec="12" bec="0" bev="0" fileid="2" />
                <SequencePoint vc="1" uspid="1261" ordinal="0" offset="1" sl="22" sc="13" el="22" ec="13" bec="0" bev="0" fileid="2" />
                <SequencePoint vc="1" uspid="1262" ordinal="0" offset="26" sl="22" sc="63" el="22" ec="63" bec="0" bev="0" fileid="2" />
                <SequencePoint vc="1" uspid="1263" ordinal="0" offset="27" sl="23" sc="17" el="23" ec="17" bec="0" bev="0" fileid="2" />
                <SequencePoint vc="1" uspid="1264" ordinal="0" offset="34" sl="24" sc="13" el="24" ec="13" bec="0" bev="0" fileid="2" />
                <SequencePoint vc="1" uspid="1265" ordinal="0" offset="35" sl="25" sc="9" el="25" ec="9" bec="0" bev="0" fileid="2" />
              </SequencePoints>
              <BranchPoints />
            </Method>
            <Method visited="true" cyclomaticComplexity="0" nPathComplexity="0" sequenceCoverage="100.0" branchCoverage="0" crapScore="0" isConstructor="false" isStatic="false" isGetter="false" isSetter="false">
              <Summary numSequencePoints="4" visitedSequencePoints="4" numBranchPoints="0" visitedBranchPoints="0" sequenceCoverage="100.0" branchCoverage="0" maxCyclomaticComplexity="0" minCyclomaticComplexity="0" maxCrapScore="0" minCrapScore="0" visitedClasses="0" numClasses="0" visitedMethods="1" numMethods="1" />
              <MetadataToken>100663318</MetadataToken>
              <Name>System.Void AIBERG.Factions.TheOrderOfTheFlesh.Jump::Start()</Name>
              <FileRef uid="2" />
              <SequencePoints>
                <SequencePoint vc="1" uspid="1266" ordinal="0" offset="0" sl="30" sc="26" el="30" ec="26" bec="0" bev="0" fileid="2" />
                <SequencePoint vc="1" uspid="1267" ordinal="0" offset="1" sl="31" sc="9" el="31" ec="9" bec="0" bev="0" fileid="2" />
                <SequencePoint vc="1" uspid="1268" ordinal="0" offset="18" sl="32" sc="9" el="32" ec="9" bec="0" bev="0" fileid="2" />
                <SequencePoint vc="1" uspid="1269" ordinal="0" offset="26" sl="33" sc="5" el="33" ec="5" bec="0" bev="0" fileid="2" />
              </SequencePoints>
              <BranchPoints />
            </Method>
            <Method visited="true" cyclomaticComplexity="0" nPathComplexity="0" sequenceCoverage="50.00" branchCoverage="0" crapScore="0" isConstructor="false" isStatic="false" isGetter="false" isSetter="false">
              <Summary numSequencePoints="6" visitedSequencePoints="3" numBranchPoints="0" visitedBranchPoints="0" sequenceCoverage="50.00" branchCoverage="0" maxCyclomaticComplexity="0" minCyclomaticComplexity="0" maxCrapScore="0" minCrapScore="0" visitedClasses="0" numClasses="0" visitedMethods="1" numMethods="1" />
              <MetadataToken>100663319</MetadataToken>
              <Name>System.Void AIBERG.Factions.TheOrderOfTheFlesh.Jump::UseAbility(System.Boolean)</Name>
              <FileRef uid="2" />
              <SequencePoints>
                <SequencePoint vc="94" uspid="1270" ordinal="0" offset="0" sl="35" sc="47" el="35" ec="47" bec="0" bev="0" fileid="2" />
                <SequencePoint vc="94" uspid="1271" ordinal="0" offset="1" sl="36" sc="9" el="36" ec="9" bec="0" bev="0" fileid="2" />
                <SequencePoint vc="0" uspid="1272" ordinal="0" offset="6" sl="36" sc="26" el="36" ec="26" bec="0" bev="0" fileid="2" />
                <SequencePoint vc="0" uspid="1273" ordinal="0" offset="7" sl="37" sc="13" el="37" ec="13" bec="0" bev="0" fileid="2" />
                <SequencePoint vc="0" uspid="1274" ordinal="0" offset="40" sl="38" sc="9" el="38" ec="9" bec="0" bev="0" fileid="2" />
                <SequencePoint vc="94" uspid="1275" ordinal="0" offset="41" sl="39" sc="5" el="39" ec="5" bec="0" bev="0" fileid="2" />
              </SequencePoints>
              <BranchPoints />
            </Method>
            <Method visited="true" cyclomaticComplexity="0" nPathComplexity="0" sequenceCoverage="100.0" branchCoverage="0" crapScore="0" isConstructor="false" isStatic="false" isGetter="false" isSetter="false">
              <Summary numSequencePoints="3" visitedSequencePoints="3" numBranchPoints="0" visitedBranchPoints="0" sequenceCoverage="100.0" branchCoverage="0" maxCyclomaticComplexity="0" minCyclomaticComplexity="0" maxCrapScore="0" minCrapScore="0" visitedClasses="0" numClasses="0" visitedMethods="1" numMethods="1" />
              <MetadataToken>100663320</MetadataToken>
              <Name>System.Void AIBERG.Factions.TheOrderOfTheFlesh.Jump::ResetCooldown()</Name>
              <FileRef uid="2" />
              <SequencePoints>
                <SequencePoint vc="1" uspid="1276" ordinal="0" offset="0" sl="41" sc="32" el="41" ec="32" bec="0" bev="0" fileid="2" />
                <SequencePoint vc="1" uspid="1277" ordinal="0" offset="1" sl="42" sc="9" el="42" ec="9" bec="0" bev="0" fileid="2" />
                <SequencePoint vc="1" uspid="1278" ordinal="0" offset="3" sl="43" sc="5" el="43" ec="5" bec="0" bev="0" fileid="2" />
              </SequencePoints>
              <BranchPoints />
            </Method>
          </Methods>
        </Class>
        <Class>
          <Summary numSequencePoints="38" visitedSequencePoints="35" numBranchPoints="0" visitedBranchPoints="0" sequenceCoverage="92.11" branchCoverage="0.0" maxCyclomaticComplexity="0" minCyclomaticComplexity="0" maxCrapScore="0" minCrapScore="0" visitedClasses="1" numClasses="1" visitedMethods="9" numMethods="9" />
          <FullName>AIBERG.Factions.TheOrderOfTheFlesh.LastResort</FullName>
          <Methods>
            <Method visited="true" cyclomaticComplexity="0" nPathComplexity="0" sequenceCoverage="100.0" branchCoverage="0" crapScore="0" isConstructor="false" isStatic="false" isGetter="true" isSetter="false">
              <Summary numSequencePoints="1" visitedSequencePoints="1" numBranchPoints="0" visitedBranchPoints="0" sequenceCoverage="100.0" branchCoverage="0" maxCyclomaticComplexity="0" minCyclomaticComplexity="0" maxCrapScore="0" minCrapScore="0" visitedClasses="0" numClasses="0" visitedMethods="1" numMethods="1" />
              <MetadataToken>100663322</MetadataToken>
              <Name>System.Single AIBERG.Factions.TheOrderOfTheFlesh.LastResort::get_Cooldown()</Name>
              <FileRef uid="3" />
              <SequencePoints>
                <SequencePoint vc="96" uspid="1279" ordinal="0" offset="0" sl="29" sc="30" el="29" ec="30" bec="0" bev="0" fileid="3" />
              </SequencePoints>
              <BranchPoints />
            </Method>
            <Method visited="true" cyclomaticComplexity="0" nPathComplexity="0" sequenceCoverage="100.0" branchCoverage="0" crapScore="0" isConstructor="false" isStatic="false" isGetter="true" isSetter="false">
              <Summary numSequencePoints="1" visitedSequencePoints="1" numBranchPoints="0" visitedBranchPoints="0" sequenceCoverage="100.0" branchCoverage="0" maxCyclomaticComplexity="0" minCyclomaticComplexity="0" maxCrapScore="0" minCrapScore="0" visitedClasses="0" numClasses="0" visitedMethods="1" numMethods="1" />
              <MetadataToken>100663324</MetadataToken>
              <Name>System.Single AIBERG.Factions.TheOrderOfTheFlesh.LastResort::get_Damage()</Name>
              <FileRef uid="3" />
              <SequencePoints>
                <SequencePoint vc="1" uspid="1281" ordinal="0" offset="0" sl="31" sc="28" el="31" ec="28" bec="0" bev="0" fileid="3" />
              </SequencePoints>
              <BranchPoints />
            </Method>
            <Method visited="true" cyclomaticComplexity="0" nPathComplexity="0" sequenceCoverage="100.0" branchCoverage="0" crapScore="0" isConstructor="false" isStatic="false" isGetter="true" isSetter="false">
              <Summary numSequencePoints="1" visitedSequencePoints="1" numBranchPoints="0" visitedBranchPoints="0" sequenceCoverage="100.0" branchCoverage="0" maxCyclomaticComplexity="0" minCyclomaticComplexity="0" maxCrapScore="0" minCrapScore="0" visitedClasses="0" numClasses="0" visitedMethods="1" numMethods="1" />
              <MetadataToken>100663325</MetadataToken>
              <Name>System.Boolean AIBERG.Factions.TheOrderOfTheFlesh.LastResort::get_CanBeUsed()</Name>
              <FileRef uid="3" />
              <SequencePoints>
                <SequencePoint vc="113" uspid="1282" ordinal="0" offset="0" sl="32" sc="30" el="32" ec="30" bec="0" bev="0" fileid="3" />
              </SequencePoints>
              <BranchPoints />
            </Method>
            <Method visited="true" cyclomaticComplexity="0" nPathComplexity="0" sequenceCoverage="100.0" branchCoverage="0" crapScore="0" isConstructor="false" isStatic="false" isGetter="false" isSetter="true">
              <Summary numSequencePoints="6" visitedSequencePoints="6" numBranchPoints="0" visitedBranchPoints="0" sequenceCoverage="100.0" branchCoverage="0" maxCyclomaticComplexity="0" minCyclomaticComplexity="0" maxCrapScore="0" minCrapScore="0" visitedClasses="0" numClasses="0" visitedMethods="1" numMethods="1" />
              <MetadataToken>100663327</MetadataToken>
              <Name>System.Void AIBERG.Factions.TheOrderOfTheFlesh.LastResort::set_AbilityLock(AIBERG.Interfaces.IAbility)</Name>
              <FileRef uid="3" />
              <SequencePoints>
                <SequencePoint vc="1" uspid="1284" ordinal="0" offset="0" sl="36" sc="12" el="36" ec="12" bec="0" bev="0" fileid="3" />
                <SequencePoint vc="1" uspid="1285" ordinal="0" offset="1" sl="37" sc="13" el="37" ec="13" bec="0" bev="0" fileid="3" />
                <SequencePoint vc="1" uspid="1286" ordinal="0" offset="26" sl="37" sc="63" el="37" ec="63" bec="0" bev="0" fileid="3" />
                <SequencePoint vc="1" uspid="1287" ordinal="0" offset="27" sl="38" sc="17" el="38" ec="17" bec="0" bev="0" fileid="3" />
                <SequencePoint vc="1" uspid="1288" ordinal="0" offset="34" sl="39" sc="13" el="39" ec="13" bec="0" bev="0" fileid="3" />
                <SequencePoint vc="1" uspid="1289" ordinal="0" offset="35" sl="40" sc="9" el="40" ec="9" bec="0" bev="0" fileid="3" />
              </SequencePoints>
              <BranchPoints />
            </Method>
            <Method visited="true" cyclomaticComplexity="0" nPathComplexity="0" sequenceCoverage="100.0" branchCoverage="0" crapScore="0" isConstructor="false" isStatic="false" isGetter="false" isSetter="false">
              <Summary numSequencePoints="9" visitedSequencePoints="9" numBranchPoints="0" visitedBranchPoints="0" sequenceCoverage="100.0" branchCoverage="0" maxCyclomaticComplexity="0" minCyclomaticComplexity="0" maxCrapScore="0" minCrapScore="0" visitedClasses="0" numClasses="0" visitedMethods="1" numMethods="1" />
              <MetadataToken>100663329</MetadataToken>
              <Name>System.Void AIBERG.Factions.TheOrderOfTheFlesh.LastResort::Start()</Name>
              <FileRef uid="3" />
              <SequencePoints>
                <SequencePoint vc="1" uspid="1291" ordinal="0" offset="0" sl="45" sc="17" el="45" ec="17" bec="0" bev="0" fileid="3" />
                <SequencePoint vc="1" uspid="1292" ordinal="0" offset="1" sl="46" sc="9" el="46" ec="9" bec="0" bev="0" fileid="3" />
                <SequencePoint vc="1" uspid="1293" ordinal="0" offset="18" sl="47" sc="9" el="47" ec="9" bec="0" bev="0" fileid="3" />
                <SequencePoint vc="1" uspid="1294" ordinal="0" offset="25" sl="48" sc="9" el="48" ec="9" bec="0" bev="0" fileid="3" />
                <SequencePoint vc="1" uspid="1295" ordinal="0" offset="36" sl="49" sc="9" el="49" ec="9" bec="0" bev="0" fileid="3" />
                <SequencePoint vc="1" uspid="1296" ordinal="0" offset="58" sl="50" sc="9" el="50" ec="9" bec="0" bev="0" fileid="3" />
                <SequencePoint vc="1" uspid="1297" ordinal="0" offset="80" sl="51" sc="9" el="51" ec="9" bec="0" bev="0" fileid="3" />
                <SequencePoint vc="1" uspid="1298" ordinal="0" offset="102" sl="52" sc="9" el="52" ec="9" bec="0" bev="0" fileid="3" />
                <SequencePoint vc="1" uspid="1299" ordinal="0" offset="110" sl="53" sc="5" el="53" ec="5" bec="0" bev="0" fileid="3" />
              </SequencePoints>
              <BranchPoints />
            </Method>
            <Method visited="true" cyclomaticComplexity="0" nPathComplexity="0" sequenceCoverage="100.0" branchCoverage="0" crapScore="0" isConstructor="false" isStatic="false" isGetter="false" isSetter="false">
              <Summary numSequencePoints="4" visitedSequencePoints="4" numBranchPoints="0" visitedBranchPoints="0" sequenceCoverage="100.0" branchCoverage="0" maxCyclomaticComplexity="0" minCyclomaticComplexity="0" maxCrapScore="0" minCrapScore="0" visitedClasses="0" numClasses="0" visitedMethods="1" numMethods="1" />
              <MetadataToken>100663330</MetadataToken>
              <Name>System.Void AIBERG.Factions.TheOrderOfTheFlesh.LastResort::FixedUpdate()</Name>
              <FileRef uid="3" />
              <SequencePoints>
                <SequencePoint vc="94" uspid="1300" ordinal="0" offset="0" sl="55" sc="32" el="55" ec="32" bec="0" bev="0" fileid="3" />
                <SequencePoint vc="94" uspid="1301" ordinal="0" offset="1" sl="56" sc="9" el="56" ec="9" bec="0" bev="0" fileid="3" />
                <SequencePoint vc="94" uspid="1302" ordinal="0" offset="30" sl="57" sc="9" el="57" ec="9" bec="0" bev="0" fileid="3" />
                <SequencePoint vc="94" uspid="1303" ordinal="0" offset="64" sl="58" sc="5" el="58" ec="5" bec="0" bev="0" fileid="3" />
              </SequencePoints>
              <BranchPoints />
            </Method>
            <Method visited="true" cyclomaticComplexity="0" nPathComplexity="0" sequenceCoverage="50.00" branchCoverage="0" crapScore="0" isConstructor="false" isStatic="false" isGetter="false" isSetter="false">
              <Summary numSequencePoints="6" visitedSequencePoints="3" numBranchPoints="0" visitedBranchPoints="0" sequenceCoverage="50.00" branchCoverage="0" maxCyclomaticComplexity="0" minCyclomaticComplexity="0" maxCrapScore="0" minCrapScore="0" visitedClasses="0" numClasses="0" visitedMethods="1" numMethods="1" />
              <MetadataToken>100663331</MetadataToken>
              <Name>System.Void AIBERG.Factions.TheOrderOfTheFlesh.LastResort::UseAbility(System.Boolean)</Name>
              <FileRef uid="3" />
              <SequencePoints>
                <SequencePoint vc="94" uspid="1304" ordinal="0" offset="0" sl="59" sc="48" el="59" ec="48" bec="0" bev="0" fileid="3" />
                <SequencePoint vc="94" uspid="1305" ordinal="0" offset="1" sl="60" sc="9" el="60" ec="9" bec="0" bev="0" fileid="3" />
                <SequencePoint vc="0" uspid="1306" ordinal="0" offset="13" sl="60" sc="39" el="60" ec="39" bec="0" bev="0" fileid="3" />
                <SequencePoint vc="0" uspid="1307" ordinal="0" offset="14" sl="61" sc="13" el="61" ec="13" bec="0" bev="0" fileid="3" />
                <SequencePoint vc="0" uspid="1308" ordinal="0" offset="33" sl="62" sc="9" el="62" ec="9" bec="0" bev="0" fileid="3" />
                <SequencePoint vc="94" uspid="1309" ordinal="0" offset="34" sl="63" sc="5" el="63" ec="5" bec="0" bev="0" fileid="3" />
              </SequencePoints>
              <BranchPoints />
            </Method>
            <Method visited="true" cyclomaticComplexity="0" nPathComplexity="0" sequenceCoverage="100.0" branchCoverage="0" crapScore="0" isConstructor="false" isStatic="false" isGetter="false" isSetter="false">
              <Summary numSequencePoints="3" visitedSequencePoints="3" numBranchPoints="0" visitedBranchPoints="0" sequenceCoverage="100.0" branchCoverage="0" maxCyclomaticComplexity="0" minCyclomaticComplexity="0" maxCrapScore="0" minCrapScore="0" visitedClasses="0" numClasses="0" visitedMethods="1" numMethods="1" />
              <MetadataToken>100663334</MetadataToken>
              <Name>System.Void AIBERG.Factions.TheOrderOfTheFlesh.LastResort::ResetCooldown()</Name>
              <FileRef uid="3" />
              <SequencePoints>
                <SequencePoint vc="2" uspid="1319" ordinal="0" offset="0" sl="84" sc="32" el="84" ec="32" bec="0" bev="0" fileid="3" />
                <SequencePoint vc="2" uspid="1320" ordinal="0" offset="1" sl="85" sc="9" el="85" ec="9" bec="0" bev="0" fileid="3" />
                <SequencePoint vc="2" uspid="1321" ordinal="0" offset="13" sl="86" sc="5" el="86" ec="5" bec="0" bev="0" fileid="3" />
              </SequencePoints>
              <BranchPoints />
            </Method>
            <Method visited="true" cyclomaticComplexity="0" nPathComplexity="0" sequenceCoverage="100.0" branchCoverage="0" crapScore="0" isConstructor="true" isStatic="false" isGetter="false" isSetter="false">
              <Summary numSequencePoints="7" visitedSequencePoints="7" numBranchPoints="0" visitedBranchPoints="0" sequenceCoverage="100.0" branchCoverage="0" maxCyclomaticComplexity="0" minCyclomaticComplexity="0" maxCrapScore="0" minCrapScore="0" visitedClasses="0" numClasses="0" visitedMethods="1" numMethods="1" />
              <MetadataToken>100663335</MetadataToken>
              <Name>AIBERG.Factions.TheOrderOfTheFlesh.LastResort::LastResort()</Name>
              <FileRef uid="3" />
              <SequencePoints>
                <SequencePoint vc="2" uspid="1322" ordinal="0" offset="0" sl="13" sc="22" el="13" ec="22" bec="0" bev="0" fileid="3" />
                <SequencePoint vc="2" uspid="1323" ordinal="0" offset="11" sl="14" sc="22" el="14" ec="22" bec="0" bev="0" fileid="3" />
                <SequencePoint vc="2" uspid="1324" ordinal="0" offset="22" sl="15" sc="22" el="15" ec="22" bec="0" bev="0" fileid="3" />
                <SequencePoint vc="2" uspid="1325" ordinal="0" offset="33" sl="16" sc="22" el="16" ec="22" bec="0" bev="0" fileid="3" />
                <SequencePoint vc="2" uspid="1326" ordinal="0" offset="44" sl="24" sc="22" el="24" ec="22" bec="0" bev="0" fileid="3" />
                <SequencePoint vc="2" uspid="1327" ordinal="0" offset="55" sl="25" sc="22" el="25" ec="22" bec="0" bev="0" fileid="3" />
                <SequencePoint vc="2" uspid="1328" ordinal="0" offset="66" sl="26" sc="22" el="26" ec="22" bec="0" bev="0" fileid="3" />
              </SequencePoints>
              <BranchPoints />
            </Method>
          </Methods>
        </Class>
        <Class>
          <Summary numSequencePoints="37" visitedSequencePoints="34" numBranchPoints="0" visitedBranchPoints="0" sequenceCoverage="91.89" branchCoverage="0.0" maxCyclomaticComplexity="0" minCyclomaticComplexity="0" maxCrapScore="0" minCrapScore="0" visitedClasses="1" numClasses="1" visitedMethods="9" numMethods="9" />
          <FullName>AIBERG.Factions.TheOrderOfTheFlesh.MachineGun</FullName>
          <Methods>
            <Method visited="true" cyclomaticComplexity="0" nPathComplexity="0" sequenceCoverage="100.0" branchCoverage="0" crapScore="0" isConstructor="false" isStatic="false" isGetter="true" isSetter="false">
              <Summary numSequencePoints="1" visitedSequencePoints="1" numBranchPoints="0" visitedBranchPoints="0" sequenceCoverage="100.0" branchCoverage="0" maxCyclomaticComplexity="0" minCyclomaticComplexity="0" maxCrapScore="0" minCrapScore="0" visitedClasses="0" numClasses="0" visitedMethods="1" numMethods="1" />
              <MetadataToken>100663336</MetadataToken>
              <Name>System.Single AIBERG.Factions.TheOrderOfTheFlesh.MachineGun::get_Cooldown()</Name>
              <FileRef uid="4" />
              <SequencePoints>
                <SequencePoint vc="96" uspid="1329" ordinal="0" offset="0" sl="28" sc="30" el="28" ec="30" bec="0" bev="0" fileid="4" />
              </SequencePoints>
              <BranchPoints />
            </Method>
            <Method visited="true" cyclomaticComplexity="0" nPathComplexity="0" sequenceCoverage="100.0" branchCoverage="0" crapScore="0" isConstructor="false" isStatic="false" isGetter="true" isSetter="false">
              <Summary numSequencePoints="1" visitedSequencePoints="1" numBranchPoints="0" visitedBranchPoints="0" sequenceCoverage="100.0" branchCoverage="0" maxCyclomaticComplexity="0" minCyclomaticComplexity="0" maxCrapScore="0" minCrapScore="0" visitedClasses="0" numClasses="0" visitedMethods="1" numMethods="1" />
              <MetadataToken>100663337</MetadataToken>
              <Name>System.Single AIBERG.Factions.TheOrderOfTheFlesh.MachineGun::get_Damage()</Name>
              <FileRef uid="4" />
              <SequencePoints>
                <SequencePoint vc="1" uspid="1330" ordinal="0" offset="0" sl="29" sc="28" el="29" ec="28" bec="0" bev="0" fileid="4" />
              </SequencePoints>
              <BranchPoints />
            </Method>
            <Method visited="true" cyclomaticComplexity="0" nPathComplexity="0" sequenceCoverage="100.0" branchCoverage="0" crapScore="0" isConstructor="false" isStatic="false" isGetter="true" isSetter="false">
              <Summary numSequencePoints="1" visitedSequencePoints="1" numBranchPoints="0" visitedBranchPoints="0" sequenceCoverage="100.0" branchCoverage="0" maxCyclomaticComplexity="0" minCyclomaticComplexity="0" maxCrapScore="0" minCrapScore="0" visitedClasses="0" numClasses="0" visitedMethods="1" numMethods="1" />
              <MetadataToken>100663339</MetadataToken>
              <Name>System.Boolean AIBERG.Factions.TheOrderOfTheFlesh.MachineGun::get_CanBeUsed()</Name>
              <FileRef uid="4" />
              <SequencePoints>
                <SequencePoint vc="19" uspid="1332" ordinal="0" offset="0" sl="31" sc="30" el="31" ec="30" bec="0" bev="0" fileid="4" />
              </SequencePoints>
              <BranchPoints />
            </Method>
            <Method visited="true" cyclomaticComplexity="0" nPathComplexity="0" sequenceCoverage="100.0" branchCoverage="0" crapScore="0" isConstructor="false" isStatic="false" isGetter="false" isSetter="true">
              <Summary numSequencePoints="6" visitedSequencePoints="6" numBranchPoints="0" visitedBranchPoints="0" sequenceCoverage="100.0" branchCoverage="0" maxCyclomaticComplexity="0" minCyclomaticComplexity="0" maxCrapScore="0" minCrapScore="0" visitedClasses="0" numClasses="0" visitedMethods="1" numMethods="1" />
              <MetadataToken>100663341</MetadataToken>
              <Name>System.Void AIBERG.Factions.TheOrderOfTheFlesh.MachineGun::set_AbilityLock(AIBERG.Interfaces.IAbility)</Name>
              <FileRef uid="4" />
              <SequencePoints>
                <SequencePoint vc="1" uspid="1334" ordinal="0" offset="0" sl="34" sc="12" el="34" ec="12" bec="0" bev="0" fileid="4" />
                <SequencePoint vc="1" uspid="1335" ordinal="0" offset="1" sl="35" sc="13" el="35" ec="13" bec="0" bev="0" fileid="4" />
                <SequencePoint vc="1" uspid="1336" ordinal="0" offset="26" sl="35" sc="63" el="35" ec="63" bec="0" bev="0" fileid="4" />
                <SequencePoint vc="1" uspid="1337" ordinal="0" offset="27" sl="36" sc="17" el="36" ec="17" bec="0" bev="0" fileid="4" />
                <SequencePoint vc="1" uspid="1338" ordinal="0" offset="34" sl="37" sc="13" el="37" ec="13" bec="0" bev="0" fileid="4" />
                <SequencePoint vc="1" uspid="1339" ordinal="0" offset="35" sl="38" sc="9" el="38" ec="9" bec="0" bev="0" fileid="4" />
              </SequencePoints>
              <BranchPoints />
            </Method>
            <Method visited="true" cyclomaticComplexity="0" nPathComplexity="0" sequenceCoverage="100.0" branchCoverage="0" crapScore="0" isConstructor="false" isStatic="false" isGetter="false" isSetter="false">
              <Summary numSequencePoints="8" visitedSequencePoints="8" numBranchPoints="0" visitedBranchPoints="0" sequenceCoverage="100.0" branchCoverage="0" maxCyclomaticComplexity="0" minCyclomaticComplexity="0" maxCrapScore="0" minCrapScore="0" visitedClasses="0" numClasses="0" visitedMethods="1" numMethods="1" />
              <MetadataToken>100663343</MetadataToken>
              <Name>System.Void AIBERG.Factions.TheOrderOfTheFlesh.MachineGun::Start()</Name>
              <FileRef uid="4" />
              <SequencePoints>
                <SequencePoint vc="1" uspid="1341" ordinal="0" offset="0" sl="44" sc="17" el="44" ec="17" bec="0" bev="0" fileid="4" />
                <SequencePoint vc="1" uspid="1342" ordinal="0" offset="1" sl="45" sc="9" el="45" ec="9" bec="0" bev="0" fileid="4" />
                <SequencePoint vc="1" uspid="1343" ordinal="0" offset="18" sl="46" sc="9" el="46" ec="9" bec="0" bev="0" fileid="4" />
                <SequencePoint vc="1" uspid="1344" ordinal="0" offset="25" sl="47" sc="9" el="47" ec="9" bec="0" bev="0" fileid="4" />
                <SequencePoint vc="1" uspid="1345" ordinal="0" offset="47" sl="48" sc="9" el="48" ec="9" bec="0" bev="0" fileid="4" />
                <SequencePoint vc="1" uspid="1346" ordinal="0" offset="69" sl="49" sc="9" el="49" ec="9" bec="0" bev="0" fileid="4" />
                <SequencePoint vc="1" uspid="1347" ordinal="0" offset="91" sl="50" sc="9" el="50" ec="9" bec="0" bev="0" fileid="4" />
                <SequencePoint vc="1" uspid="1348" ordinal="0" offset="99" sl="51" sc="5" el="51" ec="5" bec="0" bev="0" fileid="4" />
              </SequencePoints>
              <BranchPoints />
            </Method>
            <Method visited="true" cyclomaticComplexity="0" nPathComplexity="0" sequenceCoverage="100.0" branchCoverage="0" crapScore="0" isConstructor="false" isStatic="false" isGetter="false" isSetter="false">
              <Summary numSequencePoints="4" visitedSequencePoints="4" numBranchPoints="0" visitedBranchPoints="0" sequenceCoverage="100.0" branchCoverage="0" maxCyclomaticComplexity="0" minCyclomaticComplexity="0" maxCrapScore="0" minCrapScore="0" visitedClasses="0" numClasses="0" visitedMethods="1" numMethods="1" />
              <MetadataToken>100663344</MetadataToken>
              <Name>System.Void AIBERG.Factions.TheOrderOfTheFlesh.MachineGun::FixedUpdate()</Name>
              <FileRef uid="4" />
              <SequencePoints>
                <SequencePoint vc="94" uspid="1349" ordinal="0" offset="0" sl="53" sc="32" el="53" ec="32" bec="0" bev="0" fileid="4" />
                <SequencePoint vc="94" uspid="1350" ordinal="0" offset="1" sl="54" sc="9" el="54" ec="9" bec="0" bev="0" fileid="4" />
                <SequencePoint vc="94" uspid="1351" ordinal="0" offset="30" sl="55" sc="9" el="55" ec="9" bec="0" bev="0" fileid="4" />
                <SequencePoint vc="94" uspid="1352" ordinal="0" offset="64" sl="56" sc="5" el="56" ec="5" bec="0" bev="0" fileid="4" />
              </SequencePoints>
              <BranchPoints />
            </Method>
            <Method visited="true" cyclomaticComplexity="0" nPathComplexity="0" sequenceCoverage="50.00" branchCoverage="0" crapScore="0" isConstructor="false" isStatic="false" isGetter="false" isSetter="false">
              <Summary numSequencePoints="6" visitedSequencePoints="3" numBranchPoints="0" visitedBranchPoints="0" sequenceCoverage="50.00" branchCoverage="0" maxCyclomaticComplexity="0" minCyclomaticComplexity="0" maxCrapScore="0" minCrapScore="0" visitedClasses="0" numClasses="0" visitedMethods="1" numMethods="1" />
              <MetadataToken>100663345</MetadataToken>
              <Name>System.Void AIBERG.Factions.TheOrderOfTheFlesh.MachineGun::UseAbility(System.Boolean)</Name>
              <FileRef uid="4" />
              <SequencePoints>
                <SequencePoint vc="94" uspid="1353" ordinal="0" offset="0" sl="58" sc="47" el="58" ec="47" bec="0" bev="0" fileid="4" />
                <SequencePoint vc="94" uspid="1354" ordinal="0" offset="1" sl="59" sc="9" el="59" ec="9" bec="0" bev="0" fileid="4" />
                <SequencePoint vc="0" uspid="1355" ordinal="0" offset="13" sl="59" sc="39" el="59" ec="39" bec="0" bev="0" fileid="4" />
                <SequencePoint vc="0" uspid="1356" ordinal="0" offset="14" sl="60" sc="13" el="60" ec="13" bec="0" bev="0" fileid="4" />
                <SequencePoint vc="0" uspid="1357" ordinal="0" offset="33" sl="61" sc="9" el="61" ec="9" bec="0" bev="0" fileid="4" />
                <SequencePoint vc="94" uspid="1358" ordinal="0" offset="34" sl="62" sc="5" el="62" ec="5" bec="0" bev="0" fileid="4" />
              </SequencePoints>
              <BranchPoints />
            </Method>
            <Method visited="true" cyclomaticComplexity="0" nPathComplexity="0" sequenceCoverage="100.0" branchCoverage="0" crapScore="0" isConstructor="false" isStatic="false" isGetter="false" isSetter="false">
              <Summary numSequencePoints="3" visitedSequencePoints="3" numBranchPoints="0" visitedBranchPoints="0" sequenceCoverage="100.0" branchCoverage="0" maxCyclomaticComplexity="0" minCyclomaticComplexity="0" maxCrapScore="0" minCrapScore="0" visitedClasses="0" numClasses="0" visitedMethods="1" numMethods="1" />
              <MetadataToken>100663348</MetadataToken>
              <Name>System.Void AIBERG.Factions.TheOrderOfTheFlesh.MachineGun::ResetCooldown()</Name>
              <FileRef uid="4" />
              <SequencePoints>
                <SequencePoint vc="2" uspid="1368" ordinal="0" offset="0" sl="82" sc="32" el="82" ec="32" bec="0" bev="0" fileid="4" />
                <SequencePoint vc="2" uspid="1369" ordinal="0" offset="1" sl="83" sc="9" el="83" ec="9" bec="0" bev="0" fileid="4" />
                <SequencePoint vc="2" uspid="1370" ordinal="0" offset="13" sl="84" sc="5" el="84" ec="5" bec="0" bev="0" fileid="4" />
              </SequencePoints>
              <BranchPoints />
            </Method>
            <Method visited="true" cyclomaticComplexity="0" nPathComplexity="0" sequenceCoverage="100.0" branchCoverage="0" crapScore="0" isConstructor="true" isStatic="false" isGetter="false" isSetter="false">
              <Summary numSequencePoints="7" visitedSequencePoints="7" numBranchPoints="0" visitedBranchPoints="0" sequenceCoverage="100.0" branchCoverage="0" maxCyclomaticComplexity="0" minCyclomaticComplexity="0" maxCrapScore="0" minCrapScore="0" visitedClasses="0" numClasses="0" visitedMethods="1" numMethods="1" />
              <MetadataToken>100663349</MetadataToken>
              <Name>AIBERG.Factions.TheOrderOfTheFlesh.MachineGun::MachineGun()</Name>
              <FileRef uid="4" />
              <SequencePoints>
                <SequencePoint vc="2" uspid="1371" ordinal="0" offset="0" sl="12" sc="22" el="12" ec="22" bec="0" bev="0" fileid="4" />
                <SequencePoint vc="2" uspid="1372" ordinal="0" offset="11" sl="13" sc="22" el="13" ec="22" bec="0" bev="0" fileid="4" />
                <SequencePoint vc="2" uspid="1373" ordinal="0" offset="22" sl="14" sc="22" el="14" ec="22" bec="0" bev="0" fileid="4" />
                <SequencePoint vc="2" uspid="1374" ordinal="0" offset="33" sl="15" sc="22" el="15" ec="22" bec="0" bev="0" fileid="4" />
                <SequencePoint vc="2" uspid="1375" ordinal="0" offset="44" sl="23" sc="22" el="23" ec="22" bec="0" bev="0" fileid="4" />
                <SequencePoint vc="2" uspid="1376" ordinal="0" offset="55" sl="24" sc="22" el="24" ec="22" bec="0" bev="0" fileid="4" />
                <SequencePoint vc="2" uspid="1377" ordinal="0" offset="66" sl="25" sc="22" el="25" ec="22" bec="0" bev="0" fileid="4" />
              </SequencePoints>
              <BranchPoints />
            </Method>
          </Methods>
        </Class>
      </Classes>
    </Module>
    <Module>
      <Summary numSequencePoints="46" visitedSequencePoints="45" numBranchPoints="0" visitedBranchPoints="0" sequenceCoverage="97.83" branchCoverage="0.0" maxCyclomaticComplexity="0" minCyclomaticComplexity="0" maxCrapScore="0" minCrapScore="0" visitedClasses="1" numClasses="1" visitedMethods="4" numMethods="4" />
      <ModuleTime>0001-01-01T00:00:00</ModuleTime>
      <ModuleName>AIBERG.Utilities</ModuleName>
      <Files>
        <File uid="5" fullPath="D:/CNG491ERG/EndlessRunnerGame/Assets/Scripts/Utilities/ComponentFinder.cs" />
      </Files>
      <Classes>
        <Class>
          <Summary numSequencePoints="46" visitedSequencePoints="45" numBranchPoints="0" visitedBranchPoints="0" sequenceCoverage="97.83" branchCoverage="0.0" maxCyclomaticComplexity="0" minCyclomaticComplexity="0" maxCrapScore="0" minCrapScore="0" visitedClasses="1" numClasses="1" visitedMethods="4" numMethods="4" />
          <FullName>AIBERG.Utilities.ComponentFinder</FullName>
          <Methods>
            <Method visited="true" cyclomaticComplexity="0" nPathComplexity="0" sequenceCoverage="90.91" branchCoverage="0" crapScore="0" isConstructor="false" isStatic="true" isGetter="false" isSetter="false">
              <Summary numSequencePoints="11" visitedSequencePoints="10" numBranchPoints="0" visitedBranchPoints="0" sequenceCoverage="90.91" branchCoverage="0" maxCyclomaticComplexity="0" minCyclomaticComplexity="0" maxCrapScore="0" minCrapScore="0" visitedClasses="0" numClasses="0" visitedMethods="1" numMethods="1" />
              <MetadataToken>100663299</MetadataToken>
              <Name>static T AIBERG.Utilities.ComponentFinder::FindComponentInParents[T](UnityEngine.Transform)</Name>
              <FileRef uid="5" />
              <SequencePoints>
                <SequencePoint vc="15" uspid="1400" ordinal="0" offset="0" sl="7" sc="0" el="7" ec="0" bec="0" bev="0" fileid="5" />
                <SequencePoint vc="34" uspid="1401" ordinal="0" offset="3" sl="10" sc="0" el="10" ec="0" bec="0" bev="0" fileid="5" />
                <SequencePoint vc="34" uspid="1402" ordinal="0" offset="4" sl="12" sc="0" el="12" ec="0" bec="0" bev="0" fileid="5" />
                <SequencePoint vc="34" uspid="1403" ordinal="0" offset="11" sl="15" sc="0" el="15" ec="0" bec="0" bev="0" fileid="5" />
                <SequencePoint vc="15" uspid="1404" ordinal="0" offset="27" sl="16" sc="0" el="16" ec="0" bec="0" bev="0" fileid="5" />
                <SequencePoint vc="15" uspid="1405" ordinal="0" offset="28" sl="17" sc="0" el="17" ec="0" bec="0" bev="0" fileid="5" />
                <SequencePoint vc="19" uspid="1406" ordinal="0" offset="32" sl="21" sc="0" el="21" ec="0" bec="0" bev="0" fileid="5" />
                <SequencePoint vc="19" uspid="1407" ordinal="0" offset="40" sl="22" sc="0" el="22" ec="0" bec="0" bev="0" fileid="5" />
                <SequencePoint vc="34" uspid="1408" ordinal="0" offset="41" sl="9" sc="0" el="9" ec="0" bec="0" bev="0" fileid="5" />
                <SequencePoint vc="0" uspid="1409" ordinal="0" offset="52" sl="25" sc="0" el="25" ec="0" bec="0" bev="0" fileid="5" />
                <SequencePoint vc="15" uspid="1410" ordinal="0" offset="65" sl="26" sc="0" el="26" ec="0" bec="0" bev="0" fileid="5" />
              </SequencePoints>
              <BranchPoints />
            </Method>
            <Method visited="true" cyclomaticComplexity="0" nPathComplexity="0" sequenceCoverage="100.0" branchCoverage="0" crapScore="0" isConstructor="false" isStatic="true" isGetter="false" isSetter="false">
              <Summary numSequencePoints="17" visitedSequencePoints="17" numBranchPoints="0" visitedBranchPoints="0" sequenceCoverage="100.0" branchCoverage="0" maxCyclomaticComplexity="0" minCyclomaticComplexity="0" maxCrapScore="0" minCrapScore="0" visitedClasses="0" numClasses="0" visitedMethods="1" numMethods="1" />
              <MetadataToken>100663300</MetadataToken>
              <Name>static T AIBERG.Utilities.ComponentFinder::FindComponentInChildren[T](UnityEngine.Transform)</Name>
              <FileRef uid="5" />
              <SequencePoints>
                <SequencePoint vc="9" uspid="1411" ordinal="0" offset="0" sl="28" sc="0" el="28" ec="0" bec="0" bev="0" fileid="5" />
                <SequencePoint vc="9" uspid="1412" ordinal="0" offset="1" sl="30" sc="0" el="30" ec="0" bec="0" bev="0" fileid="5" />
                <SequencePoint vc="9" uspid="1413" ordinal="0" offset="8" sl="33" sc="0" el="33" ec="0" bec="0" bev="0" fileid="5" />
                <SequencePoint vc="2" uspid="1414" ordinal="0" offset="24" sl="33" sc="0" el="33" ec="0" bec="0" bev="0" fileid="5" />
                <SequencePoint vc="2" uspid="1415" ordinal="0" offset="25" sl="34" sc="0" el="34" ec="0" bec="0" bev="0" fileid="5" />
                <SequencePoint vc="7" uspid="1416" ordinal="0" offset="29" sl="38" sc="0" el="38" ec="0" bec="0" bev="0" fileid="5" />
                <SequencePoint vc="7" uspid="1417" ordinal="0" offset="30" sl="38" sc="0" el="38" ec="0" bec="0" bev="0" fileid="5" />
                <SequencePoint vc="7" uspid="1418" ordinal="0" offset="39" sl="38" sc="0" el="38" ec="0" bec="0" bev="0" fileid="5" />
                <SequencePoint vc="7" uspid="1419" ordinal="0" offset="52" sl="38" sc="0" el="38" ec="0" bec="0" bev="0" fileid="5" />
                <SequencePoint vc="7" uspid="1420" ordinal="0" offset="53" sl="40" sc="0" el="40" ec="0" bec="0" bev="0" fileid="5" />
                <SequencePoint vc="7" uspid="1421" ordinal="0" offset="61" sl="43" sc="0" el="43" ec="0" bec="0" bev="0" fileid="5" />
                <SequencePoint vc="2" uspid="1422" ordinal="0" offset="79" sl="43" sc="0" el="43" ec="0" bec="0" bev="0" fileid="5" />
                <SequencePoint vc="2" uspid="1423" ordinal="0" offset="80" sl="44" sc="0" el="44" ec="0" bec="0" bev="0" fileid="5" />
                <SequencePoint vc="5" uspid="1424" ordinal="0" offset="84" sl="46" sc="0" el="46" ec="0" bec="0" bev="0" fileid="5" />
                <SequencePoint vc="12" uspid="1425" ordinal="0" offset="85" sl="38" sc="0" el="38" ec="0" bec="0" bev="0" fileid="5" />
                <SequencePoint vc="5" uspid="1426" ordinal="0" offset="116" sl="48" sc="0" el="48" ec="0" bec="0" bev="0" fileid="5" />
                <SequencePoint vc="9" uspid="1427" ordinal="0" offset="129" sl="49" sc="0" el="49" ec="0" bec="0" bev="0" fileid="5" />
              </SequencePoints>
              <BranchPoints />
            </Method>
            <Method visited="true" cyclomaticComplexity="0" nPathComplexity="0" sequenceCoverage="100.0" branchCoverage="0" crapScore="0" isConstructor="false" isStatic="true" isGetter="false" isSetter="false">
              <Summary numSequencePoints="5" visitedSequencePoints="5" numBranchPoints="0" visitedBranchPoints="0" sequenceCoverage="100.0" branchCoverage="0" maxCyclomaticComplexity="0" minCyclomaticComplexity="0" maxCrapScore="0" minCrapScore="0" visitedClasses="0" numClasses="0" visitedMethods="1" numMethods="1" />
              <MetadataToken>100663301</MetadataToken>
              <Name>static System.Collections.Generic.List[GameObject] AIBERG.Utilities.ComponentFinder::FindGameObjectsWithTagInChildren(System.String, UnityEngine.Transform)</Name>
              <FileRef uid="5" />
              <SequencePoints>
                <SequencePoint vc="2" uspid="1428" ordinal="0" offset="0" sl="51" sc="112" el="51" ec="112" bec="0" bev="0" fileid="5" />
                <SequencePoint vc="2" uspid="1429" ordinal="0" offset="1" sl="52" sc="13" el="52" ec="13" bec="0" bev="0" fileid="5" />
                <SequencePoint vc="2" uspid="1430" ordinal="0" offset="7" sl="55" sc="13" el="55" ec="13" bec="0" bev="0" fileid="5" />
                <SequencePoint vc="2" uspid="1431" ordinal="0" offset="16" sl="57" sc="13" el="57" ec="13" bec="0" bev="0" fileid="5" />
                <SequencePoint vc="2" uspid="1432" ordinal="0" offset="20" sl="58" sc="9" el="58" ec="9" bec="0" bev="0" fileid="5" />
              </SequencePoints>
              <BranchPoints />
            </Method>
            <Method visited="true" cyclomaticComplexity="0" nPathComplexity="0" sequenceCoverage="100.0" branchCoverage="0" crapScore="0" isConstructor="false" isStatic="true" isGetter="false" isSetter="false">
              <Summary numSequencePoints="13" visitedSequencePoints="13" numBranchPoints="0" visitedBranchPoints="0" sequenceCoverage="100.0" branchCoverage="0" maxCyclomaticComplexity="0" minCyclomaticComplexity="0" maxCrapScore="0" minCrapScore="0" visitedClasses="0" numClasses="0" visitedMethods="1" numMethods="1" />
              <MetadataToken>100663302</MetadataToken>
              <Name>static System.Void AIBERG.Utilities.ComponentFinder::FindGameObjectsWithTagRecursively(System.String, UnityEngine.Transform, System.Collections.Generic.List[GameObject])</Name>
              <FileRef uid="5" />
              <SequencePoints>
                <SequencePoint vc="47" uspid="1433" ordinal="0" offset="0" sl="60" sc="133" el="60" ec="133" bec="0" bev="0" fileid="5" />
                <SequencePoint vc="47" uspid="1434" ordinal="0" offset="1" sl="62" sc="13" el="62" ec="13" bec="0" bev="0" fileid="5" />
                <SequencePoint vc="11" uspid="1435" ordinal="0" offset="12" sl="62" sc="50" el="62" ec="50" bec="0" bev="0" fileid="5" />
                <SequencePoint vc="11" uspid="1436" ordinal="0" offset="13" sl="64" sc="17" el="64" ec="17" bec="0" bev="0" fileid="5" />
                <SequencePoint vc="11" uspid="1437" ordinal="0" offset="26" sl="65" sc="13" el="65" ec="13" bec="0" bev="0" fileid="5" />
                <SequencePoint vc="47" uspid="1438" ordinal="0" offset="27" sl="67" sc="13" el="67" ec="13" bec="0" bev="0" fileid="5" />
                <SequencePoint vc="47" uspid="1439" ordinal="0" offset="28" sl="67" sc="41" el="67" ec="41" bec="0" bev="0" fileid="5" />
                <SequencePoint vc="45" uspid="1440" ordinal="0" offset="37" sl="67" sc="22" el="67" ec="22" bec="0" bev="0" fileid="5" />
                <SequencePoint vc="45" uspid="1441" ordinal="0" offset="49" sl="67" sc="58" el="67" ec="58" bec="0" bev="0" fileid="5" />
                <SequencePoint vc="45" uspid="1442" ordinal="0" offset="50" sl="69" sc="17" el="69" ec="17" bec="0" bev="0" fileid="5" />
                <SequencePoint vc="45" uspid="1443" ordinal="0" offset="59" sl="70" sc="13" el="70" ec="13" bec="0" bev="0" fileid="5" />
                <SequencePoint vc="92" uspid="1444" ordinal="0" offset="60" sl="67" sc="38" el="67" ec="38" bec="0" bev="0" fileid="5" />
                <SequencePoint vc="47" uspid="1445" ordinal="0" offset="88" sl="71" sc="9" el="71" ec="9" bec="0" bev="0" fileid="5" />
              </SequencePoints>
              <BranchPoints />
            </Method>
          </Methods>
        </Class>
      </Classes>
    </Module>
    <Module>
      <Summary numSequencePoints="29" visitedSequencePoints="22" numBranchPoints="0" visitedBranchPoints="0" sequenceCoverage="75.86" branchCoverage="0.0" maxCyclomaticComplexity="0" minCyclomaticComplexity="0" maxCrapScore="0" minCrapScore="0" visitedClasses="2" numClasses="2" visitedMethods="2" numMethods="2" />
      <ModuleTime>0001-01-01T00:00:00</ModuleTime>
      <ModuleName>AIBERG.API</ModuleName>
      <Files>
        <File uid="6" fullPath="D:/CNG491ERG/EndlessRunnerGame/Assets/Scripts/API/InputRecorder.cs" />
        <File uid="7" fullPath="D:/CNG491ERG/EndlessRunnerGame/Assets/Scripts/API/RegisterController.cs" />
        <File uid="8" fullPath="D:/CNG491ERG/EndlessRunnerGame/Assets/Scripts/API/LoginController.cs" />
      </Files>
      <Classes>
        <Class>
          <Summary numSequencePoints="8" visitedSequencePoints="5" numBranchPoints="0" visitedBranchPoints="0" sequenceCoverage="62.50" branchCoverage="0.0" maxCyclomaticComplexity="0" minCyclomaticComplexity="0" maxCrapScore="0" minCrapScore="0" visitedClasses="1" numClasses="1" visitedMethods="1" numMethods="1" />
          <FullName>AIBERG.API.LoginController</FullName>
          <Methods>
            <Method visited="true" cyclomaticComplexity="0" nPathComplexity="0" sequenceCoverage="62.50" branchCoverage="0" crapScore="0" isConstructor="false" isStatic="false" isGetter="false" isSetter="false">
              <Summary numSequencePoints="8" visitedSequencePoints="5" numBranchPoints="0" visitedBranchPoints="0" sequenceCoverage="62.50" branchCoverage="0" maxCyclomaticComplexity="0" minCyclomaticComplexity="0" maxCrapScore="0" minCrapScore="0" visitedClasses="0" numClasses="0" visitedMethods="1" numMethods="1" />
              <MetadataToken>100663308</MetadataToken>
              <Name>System.Void AIBERG.API.LoginController::Start()</Name>
              <FileRef uid="8" />
              <SequencePoints>
                <SequencePoint vc="2" uspid="1523" ordinal="0" offset="0" sl="20" sc="9" el="20" ec="9" bec="0" bev="0" fileid="8" />
                <SequencePoint vc="2" uspid="1524" ordinal="0" offset="1" sl="21" sc="13" el="21" ec="13" bec="0" bev="0" fileid="8" />
                <SequencePoint vc="2" uspid="1525" ordinal="0" offset="8" sl="22" sc="13" el="22" ec="13" bec="0" bev="0" fileid="8" />
                <SequencePoint vc="0" uspid="1526" ordinal="0" offset="41" sl="23" sc="13" el="23" ec="13" bec="0" bev="0" fileid="8" />
                <SequencePoint vc="0" uspid="1527" ordinal="0" offset="42" sl="24" sc="17" el="24" ec="17" bec="0" bev="0" fileid="8" />
                <SequencePoint vc="0" uspid="1528" ordinal="0" offset="53" sl="25" sc="13" el="25" ec="13" bec="0" bev="0" fileid="8" />
                <SequencePoint vc="2" uspid="1529" ordinal="0" offset="54" sl="26" sc="13" el="26" ec="13" bec="0" bev="0" fileid="8" />
                <SequencePoint vc="2" uspid="1530" ordinal="0" offset="83" sl="27" sc="9" el="27" ec="9" bec="0" bev="0" fileid="8" />
              </SequencePoints>
              <BranchPoints />
            </Method>
          </Methods>
        </Class>
        <Class>
          <Summary numSequencePoints="21" visitedSequencePoints="17" numBranchPoints="0" visitedBranchPoints="0" sequenceCoverage="80.95" branchCoverage="0.0" maxCyclomaticComplexity="0" minCyclomaticComplexity="0" maxCrapScore="0" minCrapScore="0" visitedClasses="1" numClasses="1" visitedMethods="1" numMethods="1" />
          <FullName>AIBERG.API.LoginController/&lt;LoginRequest&gt;d__6</FullName>
          <Methods>
            <Method visited="true" cyclomaticComplexity="0" nPathComplexity="0" sequenceCoverage="80.95" branchCoverage="0" crapScore="0" isConstructor="false" isStatic="false" isGetter="false" isSetter="false">
              <Summary numSequencePoints="21" visitedSequencePoints="17" numBranchPoints="0" visitedBranchPoints="0" sequenceCoverage="80.95" branchCoverage="0" maxCyclomaticComplexity="0" minCyclomaticComplexity="0" maxCrapScore="0" minCrapScore="0" visitedClasses="0" numClasses="0" visitedMethods="1" numMethods="1" />
              <MetadataToken>100663320</MetadataToken>
              <Name>System.Boolean AIBERG.API.LoginController/&lt;LoginRequest&gt;d__6::MoveNext()</Name>
              <FileRef uid="8" />
              <SequencePoints>
                <SequencePoint vc="2" uspid="1550" ordinal="0" offset="34" sl="35" sc="9" el="35" ec="9" bec="0" bev="0" fileid="8" />
                <SequencePoint vc="2" uspid="1551" ordinal="0" offset="35" sl="36" sc="13" el="36" ec="13" bec="0" bev="0" fileid="8" />
                <SequencePoint vc="1" uspid="1552" ordinal="0" offset="92" sl="37" sc="13" el="37" ec="13" bec="0" bev="0" fileid="8" />
                <SequencePoint vc="1" uspid="1553" ordinal="0" offset="93" sl="39" sc="17" el="39" ec="17" bec="0" bev="0" fileid="8" />
                <SequencePoint vc="1" uspid="1554" ordinal="0" offset="172" sl="42" sc="17" el="42" ec="17" bec="0" bev="0" fileid="8" />
                <SequencePoint vc="1" uspid="1555" ordinal="0" offset="193" sl="43" sc="17" el="43" ec="17" bec="0" bev="0" fileid="8" />
                <SequencePoint vc="1" uspid="1556" ordinal="0" offset="215" sl="44" sc="17" el="44" ec="17" bec="0" bev="0" fileid="8" />
                <SequencePoint vc="1" uspid="1557" ordinal="0" offset="238" sl="45" sc="17" el="45" ec="17" bec="0" bev="0" fileid="8" />
                <SequencePoint vc="1" uspid="1558" ordinal="0" offset="255" sl="46" sc="17" el="46" ec="17" bec="0" bev="0" fileid="8" />
                <SequencePoint vc="1" uspid="1559" ordinal="0" offset="277" sl="49" sc="17" el="49" ec="17" bec="0" bev="0" fileid="8" />
                <SequencePoint vc="1" uspid="1560" ordinal="0" offset="310" sl="52" sc="17" el="52" ec="17" bec="0" bev="0" fileid="8" />
                <SequencePoint vc="0" uspid="1561" ordinal="0" offset="331" sl="53" sc="17" el="53" ec="17" bec="0" bev="0" fileid="8" />
                <SequencePoint vc="0" uspid="1562" ordinal="0" offset="332" sl="54" sc="21" el="54" ec="21" bec="0" bev="0" fileid="8" />
                <SequencePoint vc="0" uspid="1563" ordinal="0" offset="359" sl="55" sc="21" el="55" ec="21" bec="0" bev="0" fileid="8" />
                <SequencePoint vc="0" uspid="1564" ordinal="0" offset="371" sl="56" sc="17" el="56" ec="17" bec="0" bev="0" fileid="8" />
                <SequencePoint vc="1" uspid="1565" ordinal="0" offset="374" sl="58" sc="17" el="58" ec="17" bec="0" bev="0" fileid="8" />
                <SequencePoint vc="1" uspid="1566" ordinal="0" offset="375" sl="60" sc="21" el="60" ec="21" bec="0" bev="0" fileid="8" />
                <SequencePoint vc="1" uspid="1567" ordinal="0" offset="407" sl="61" sc="21" el="61" ec="21" bec="0" bev="0" fileid="8" />
                <SequencePoint vc="1" uspid="1568" ordinal="0" offset="419" sl="62" sc="17" el="62" ec="17" bec="0" bev="0" fileid="8" />
                <SequencePoint vc="1" uspid="1569" ordinal="0" offset="420" sl="63" sc="13" el="63" ec="13" bec="0" bev="0" fileid="8" />
                <SequencePoint vc="2" uspid="1570" ordinal="0" offset="442" sl="64" sc="9" el="64" ec="9" bec="0" bev="0" fileid="8" />
              </SequencePoints>
              <BranchPoints />
            </Method>
          </Methods>
        </Class>
      </Classes>
    </Module>
    <Module>
      <Summary numSequencePoints="148" visitedSequencePoints="120" numBranchPoints="0" visitedBranchPoints="0" sequenceCoverage="81.08" branchCoverage="0.0" maxCyclomaticComplexity="0" minCyclomaticComplexity="0" maxCrapScore="0" minCrapScore="0" visitedClasses="5" numClasses="5" visitedMethods="34" numMethods="34" />
      <ModuleTime>0001-01-01T00:00:00</ModuleTime>
      <ModuleName>AIBERG.BossAbilities</ModuleName>
      <Files>
        <File uid="9" fullPath="D:/CNG491ERG/EndlessRunnerGame/Assets/Scripts/Boss Abilities/AttackDrone.cs" />
        <File uid="10" fullPath="D:/CNG491ERG/EndlessRunnerGame/Assets/Scripts/Boss Abilities/BasicAttack.cs" />
        <File uid="11" fullPath="D:/CNG491ERG/EndlessRunnerGame/Assets/Scripts/Boss Abilities/MoveDown.cs" />
        <File uid="12" fullPath="D:/CNG491ERG/EndlessRunnerGame/Assets/Scripts/Boss Abilities/MoveUp.cs" />
        <File uid="13" fullPath="D:/CNG491ERG/EndlessRunnerGame/Assets/Scripts/Boss Abilities/SpawnAttackDrones.cs" />
      </Files>
      <Classes>
        <Class>
          <Summary numSequencePoints="7" visitedSequencePoints="7" numBranchPoints="0" visitedBranchPoints="0" sequenceCoverage="100.0" branchCoverage="0.0" maxCyclomaticComplexity="0" minCyclomaticComplexity="0" maxCrapScore="0" minCrapScore="0" visitedClasses="1" numClasses="1" visitedMethods="7" numMethods="7" />
          <FullName>AIBERG.BossAbilities.AttackDrone</FullName>
          <Methods>
            <Method visited="true" cyclomaticComplexity="0" nPathComplexity="0" sequenceCoverage="100.0" branchCoverage="0" crapScore="0" isConstructor="false" isStatic="false" isGetter="false" isSetter="true">
              <Summary numSequencePoints="1" visitedSequencePoints="1" numBranchPoints="0" visitedBranchPoints="0" sequenceCoverage="100.0" branchCoverage="0" maxCyclomaticComplexity="0" minCyclomaticComplexity="0" maxCrapScore="0" minCrapScore="0" visitedClasses="0" numClasses="0" visitedMethods="1" numMethods="1" />
              <MetadataToken>100663300</MetadataToken>
              <Name>System.Void AIBERG.BossAbilities.AttackDrone::set_MaxVelocity(System.Single)</Name>
              <FileRef uid="9" />
              <SequencePoints>
                <SequencePoint vc="1" uspid="1572" ordinal="0" offset="0" sl="31" sc="57" el="31" ec="57" bec="0" bev="0" fileid="9" />
              </SequencePoints>
              <BranchPoints />
            </Method>
            <Method visited="true" cyclomaticComplexity="0" nPathComplexity="0" sequenceCoverage="100.0" branchCoverage="0" crapScore="0" isConstructor="false" isStatic="false" isGetter="false" isSetter="true">
              <Summary numSequencePoints="1" visitedSequencePoints="1" numBranchPoints="0" visitedBranchPoints="0" sequenceCoverage="100.0" branchCoverage="0" maxCyclomaticComplexity="0" minCyclomaticComplexity="0" maxCrapScore="0" minCrapScore="0" visitedClasses="0" numClasses="0" visitedMethods="1" numMethods="1" />
              <MetadataToken>100663302</MetadataToken>
              <Name>System.Void AIBERG.BossAbilities.AttackDrone::set_MovementForce(System.Single)</Name>
              <FileRef uid="9" />
              <SequencePoints>
                <SequencePoint vc="1" uspid="1574" ordinal="0" offset="0" sl="32" sc="61" el="32" ec="61" bec="0" bev="0" fileid="9" />
              </SequencePoints>
              <BranchPoints />
            </Method>
            <Method visited="true" cyclomaticComplexity="0" nPathComplexity="0" sequenceCoverage="100.0" branchCoverage="0" crapScore="0" isConstructor="false" isStatic="false" isGetter="false" isSetter="true">
              <Summary numSequencePoints="1" visitedSequencePoints="1" numBranchPoints="0" visitedBranchPoints="0" sequenceCoverage="100.0" branchCoverage="0" maxCyclomaticComplexity="0" minCyclomaticComplexity="0" maxCrapScore="0" minCrapScore="0" visitedClasses="0" numClasses="0" visitedMethods="1" numMethods="1" />
              <MetadataToken>100663306</MetadataToken>
              <Name>System.Void AIBERG.BossAbilities.AttackDrone::set_Defense(System.Single)</Name>
              <FileRef uid="9" />
              <SequencePoints>
                <SequencePoint vc="1" uspid="1578" ordinal="0" offset="0" sl="34" sc="50" el="34" ec="50" bec="0" bev="0" fileid="9" />
              </SequencePoints>
              <BranchPoints />
            </Method>
            <Method visited="true" cyclomaticComplexity="0" nPathComplexity="0" sequenceCoverage="100.0" branchCoverage="0" crapScore="0" isConstructor="false" isStatic="false" isGetter="false" isSetter="true">
              <Summary numSequencePoints="1" visitedSequencePoints="1" numBranchPoints="0" visitedBranchPoints="0" sequenceCoverage="100.0" branchCoverage="0" maxCyclomaticComplexity="0" minCyclomaticComplexity="0" maxCrapScore="0" minCrapScore="0" visitedClasses="0" numClasses="0" visitedMethods="1" numMethods="1" />
              <MetadataToken>100663308</MetadataToken>
              <Name>System.Void AIBERG.BossAbilities.AttackDrone::set_MaxHealth(System.Single)</Name>
              <FileRef uid="9" />
              <SequencePoints>
                <SequencePoint vc="1" uspid="1580" ordinal="0" offset="0" sl="35" sc="54" el="35" ec="54" bec="0" bev="0" fileid="9" />
              </SequencePoints>
              <BranchPoints />
            </Method>
            <Method visited="true" cyclomaticComplexity="0" nPathComplexity="0" sequenceCoverage="100.0" branchCoverage="0" crapScore="0" isConstructor="false" isStatic="false" isGetter="false" isSetter="true">
              <Summary numSequencePoints="1" visitedSequencePoints="1" numBranchPoints="0" visitedBranchPoints="0" sequenceCoverage="100.0" branchCoverage="0" maxCyclomaticComplexity="0" minCyclomaticComplexity="0" maxCrapScore="0" minCrapScore="0" visitedClasses="0" numClasses="0" visitedMethods="1" numMethods="1" />
              <MetadataToken>100663314</MetadataToken>
              <Name>System.Void AIBERG.BossAbilities.AttackDrone::set_ProjectilePrefab(UnityEngine.GameObject)</Name>
              <FileRef uid="9" />
              <SequencePoints>
                <SequencePoint vc="1" uspid="1586" ordinal="0" offset="0" sl="38" sc="72" el="38" ec="72" bec="0" bev="0" fileid="9" />
              </SequencePoints>
              <BranchPoints />
            </Method>
            <Method visited="true" cyclomaticComplexity="0" nPathComplexity="0" sequenceCoverage="100.0" branchCoverage="0" crapScore="0" isConstructor="false" isStatic="false" isGetter="false" isSetter="true">
              <Summary numSequencePoints="1" visitedSequencePoints="1" numBranchPoints="0" visitedBranchPoints="0" sequenceCoverage="100.0" branchCoverage="0" maxCyclomaticComplexity="0" minCyclomaticComplexity="0" maxCrapScore="0" minCrapScore="0" visitedClasses="0" numClasses="0" visitedMethods="1" numMethods="1" />
              <MetadataToken>100663316</MetadataToken>
              <Name>System.Void AIBERG.BossAbilities.AttackDrone::set_ShootingSpeed(System.Single)</Name>
              <FileRef uid="9" />
              <SequencePoints>
                <SequencePoint vc="1" uspid="1588" ordinal="0" offset="0" sl="39" sc="61" el="39" ec="61" bec="0" bev="0" fileid="9" />
              </SequencePoints>
              <BranchPoints />
            </Method>
            <Method visited="true" cyclomaticComplexity="0" nPathComplexity="0" sequenceCoverage="100.0" branchCoverage="0" crapScore="0" isConstructor="true" isStatic="false" isGetter="false" isSetter="false">
              <Summary numSequencePoints="1" visitedSequencePoints="1" numBranchPoints="0" visitedBranchPoints="0" sequenceCoverage="100.0" branchCoverage="0" maxCyclomaticComplexity="0" minCyclomaticComplexity="0" maxCrapScore="0" minCrapScore="0" visitedClasses="0" numClasses="0" visitedMethods="1" numMethods="1" />
              <MetadataToken>100663325</MetadataToken>
              <Name>AIBERG.BossAbilities.AttackDrone::AttackDrone()</Name>
              <FileRef uid="9" />
              <SequencePoints>
                <SequencePoint vc="1" uspid="1626" ordinal="0" offset="0" sl="52" sc="5" el="52" ec="5" bec="0" bev="0" fileid="9" />
              </SequencePoints>
              <BranchPoints />
            </Method>
          </Methods>
        </Class>
        <Class>
          <Summary numSequencePoints="39" visitedSequencePoints="29" numBranchPoints="0" visitedBranchPoints="0" sequenceCoverage="74.36" branchCoverage="0.0" maxCyclomaticComplexity="0" minCyclomaticComplexity="0" maxCrapScore="0" minCrapScore="0" visitedClasses="1" numClasses="1" visitedMethods="8" numMethods="8" />
          <FullName>AIBERG.BossAbilities.BasicAttack</FullName>
          <Methods>
            <Method visited="true" cyclomaticComplexity="0" nPathComplexity="0" sequenceCoverage="100.0" branchCoverage="0" crapScore="0" isConstructor="false" isStatic="false" isGetter="true" isSetter="false">
              <Summary numSequencePoints="1" visitedSequencePoints="1" numBranchPoints="0" visitedBranchPoints="0" sequenceCoverage="100.0" branchCoverage="0" maxCyclomaticComplexity="0" minCyclomaticComplexity="0" maxCrapScore="0" minCrapScore="0" visitedClasses="0" numClasses="0" visitedMethods="1" numMethods="1" />
              <MetadataToken>100663326</MetadataToken>
              <Name>System.Single AIBERG.BossAbilities.BasicAttack::get_Cooldown()</Name>
              <FileRef uid="10" />
              <SequencePoints>
                <SequencePoint vc="95" uspid="1627" ordinal="0" offset="0" sl="24" sc="30" el="24" ec="30" bec="0" bev="0" fileid="10" />
              </SequencePoints>
              <BranchPoints />
            </Method>
            <Method visited="true" cyclomaticComplexity="0" nPathComplexity="0" sequenceCoverage="100.0" branchCoverage="0" crapScore="0" isConstructor="false" isStatic="false" isGetter="true" isSetter="false">
              <Summary numSequencePoints="1" visitedSequencePoints="1" numBranchPoints="0" visitedBranchPoints="0" sequenceCoverage="100.0" branchCoverage="0" maxCyclomaticComplexity="0" minCyclomaticComplexity="0" maxCrapScore="0" minCrapScore="0" visitedClasses="0" numClasses="0" visitedMethods="1" numMethods="1" />
              <MetadataToken>100663329</MetadataToken>
              <Name>System.Boolean AIBERG.BossAbilities.BasicAttack::get_CanBeUsed()</Name>
              <FileRef uid="10" />
              <SequencePoints>
                <SequencePoint vc="19" uspid="1630" ordinal="0" offset="0" sl="27" sc="30" el="27" ec="30" bec="0" bev="0" fileid="10" />
              </SequencePoints>
              <BranchPoints />
            </Method>
            <Method visited="true" cyclomaticComplexity="0" nPathComplexity="0" sequenceCoverage="100.0" branchCoverage="0" crapScore="0" isConstructor="false" isStatic="false" isGetter="false" isSetter="true">
              <Summary numSequencePoints="6" visitedSequencePoints="6" numBranchPoints="0" visitedBranchPoints="0" sequenceCoverage="100.0" branchCoverage="0" maxCyclomaticComplexity="0" minCyclomaticComplexity="0" maxCrapScore="0" minCrapScore="0" visitedClasses="0" numClasses="0" visitedMethods="1" numMethods="1" />
              <MetadataToken>100663331</MetadataToken>
              <Name>System.Void AIBERG.BossAbilities.BasicAttack::set_AbilityLock(AIBERG.Interfaces.IAbility)</Name>
              <FileRef uid="10" />
              <SequencePoints>
                <SequencePoint vc="1" uspid="1632" ordinal="0" offset="0" sl="31" sc="12" el="31" ec="12" bec="0" bev="0" fileid="10" />
                <SequencePoint vc="1" uspid="1633" ordinal="0" offset="1" sl="32" sc="13" el="32" ec="13" bec="0" bev="0" fileid="10" />
                <SequencePoint vc="1" uspid="1634" ordinal="0" offset="26" sl="32" sc="63" el="32" ec="63" bec="0" bev="0" fileid="10" />
                <SequencePoint vc="1" uspid="1635" ordinal="0" offset="27" sl="33" sc="17" el="33" ec="17" bec="0" bev="0" fileid="10" />
                <SequencePoint vc="1" uspid="1636" ordinal="0" offset="34" sl="34" sc="13" el="34" ec="13" bec="0" bev="0" fileid="10" />
                <SequencePoint vc="1" uspid="1637" ordinal="0" offset="35" sl="35" sc="9" el="35" ec="9" bec="0" bev="0" fileid="10" />
              </SequencePoints>
              <BranchPoints />
            </Method>
            <Method visited="true" cyclomaticComplexity="0" nPathComplexity="0" sequenceCoverage="100.0" branchCoverage="0" crapScore="0" isConstructor="false" isStatic="false" isGetter="false" isSetter="false">
              <Summary numSequencePoints="6" visitedSequencePoints="6" numBranchPoints="0" visitedBranchPoints="0" sequenceCoverage="100.0" branchCoverage="0" maxCyclomaticComplexity="0" minCyclomaticComplexity="0" maxCrapScore="0" minCrapScore="0" visitedClasses="0" numClasses="0" visitedMethods="1" numMethods="1" />
              <MetadataToken>100663333</MetadataToken>
              <Name>System.Void AIBERG.BossAbilities.BasicAttack::Start()</Name>
              <FileRef uid="10" />
              <SequencePoints>
                <SequencePoint vc="1" uspid="1639" ordinal="0" offset="0" sl="40" sc="26" el="40" ec="26" bec="0" bev="0" fileid="10" />
                <SequencePoint vc="1" uspid="1640" ordinal="0" offset="1" sl="41" sc="9" el="41" ec="9" bec="0" bev="0" fileid="10" />
                <SequencePoint vc="1" uspid="1641" ordinal="0" offset="18" sl="42" sc="9" el="42" ec="9" bec="0" bev="0" fileid="10" />
[...]
                <SequencePoint vc="1" uspid="2077" ordinal="0" offset="400" sl="70" sc="9" el="70" ec="9" bec="0" bev="0" fileid="19" />
                <SequencePoint vc="1" uspid="2078" ordinal="0" offset="417" sl="71" sc="5" el="71" ec="5" bec="0" bev="0" fileid="19" />
              </SequencePoints>
              <BranchPoints />
            </Method>
            <Method visited="true" cyclomaticComplexity="0" nPathComplexity="0" sequenceCoverage="100.0" branchCoverage="0" crapScore="0" isConstructor="false" isStatic="false" isGetter="false" isSetter="false">
              <Summary numSequencePoints="9" visitedSequencePoints="9" numBranchPoints="0" visitedBranchPoints="0" sequenceCoverage="100.0" branchCoverage="0" maxCyclomaticComplexity="0" minCyclomaticComplexity="0" maxCrapScore="0" minCrapScore="0" visitedClasses="0" numClasses="0" visitedMethods="1" numMethods="1" />
              <MetadataToken>100663380</MetadataToken>
              <Name>System.Void AIBERG.Core.Player::FixedUpdate()</Name>
              <FileRef uid="19" />
              <SequencePoints>
                <SequencePoint vc="94" uspid="2079" ordinal="0" offset="0" sl="73" sc="32" el="73" ec="32" bec="0" bev="0" fileid="19" />
                <SequencePoint vc="94" uspid="2080" ordinal="0" offset="1" sl="74" sc="9" el="74" ec="9" bec="0" bev="0" fileid="19" />
                <SequencePoint vc="94" uspid="2081" ordinal="0" offset="17" sl="74" sc="53" el="74" ec="53" bec="0" bev="0" fileid="19" />
                <SequencePoint vc="94" uspid="2082" ordinal="0" offset="18" sl="75" sc="13" el="75" ec="13" bec="0" bev="0" fileid="19" />
                <SequencePoint vc="94" uspid="2083" ordinal="0" offset="47" sl="76" sc="13" el="76" ec="13" bec="0" bev="0" fileid="19" />
                <SequencePoint vc="94" uspid="2084" ordinal="0" offset="76" sl="77" sc="13" el="77" ec="13" bec="0" bev="0" fileid="19" />
                <SequencePoint vc="94" uspid="2085" ordinal="0" offset="105" sl="78" sc="13" el="78" ec="13" bec="0" bev="0" fileid="19" />
                <SequencePoint vc="94" uspid="2086" ordinal="0" offset="134" sl="79" sc="9" el="79" ec="9" bec="0" bev="0" fileid="19" />
                <SequencePoint vc="94" uspid="2087" ordinal="0" offset="135" sl="80" sc="5" el="80" ec="5" bec="0" bev="0" fileid="19" />
              </SequencePoints>
              <BranchPoints />
            </Method>
            <Method visited="true" cyclomaticComplexity="0" nPathComplexity="0" sequenceCoverage="100.0" branchCoverage="0" crapScore="0" isConstructor="false" isStatic="false" isGetter="false" isSetter="false">
              <Summary numSequencePoints="7" visitedSequencePoints="7" numBranchPoints="0" visitedBranchPoints="0" sequenceCoverage="100.0" branchCoverage="0" maxCyclomaticComplexity="0" minCyclomaticComplexity="0" maxCrapScore="0" minCrapScore="0" visitedClasses="0" numClasses="0" visitedMethods="1" numMethods="1" />
              <MetadataToken>100663382</MetadataToken>
              <Name>System.Void AIBERG.Core.Player::ResetAllCooldowns()</Name>
              <FileRef uid="19" />
              <SequencePoints>
                <SequencePoint vc="1" uspid="2097" ordinal="0" offset="0" sl="92" sc="36" el="92" ec="36" bec="0" bev="0" fileid="19" />
                <SequencePoint vc="1" uspid="2098" ordinal="0" offset="1" sl="93" sc="9" el="93" ec="9" bec="0" bev="0" fileid="19" />
                <SequencePoint vc="1" uspid="2099" ordinal="0" offset="19" sl="94" sc="9" el="94" ec="9" bec="0" bev="0" fileid="19" />
                <SequencePoint vc="1" uspid="2100" ordinal="0" offset="37" sl="95" sc="9" el="95" ec="9" bec="0" bev="0" fileid="19" />
                <SequencePoint vc="1" uspid="2101" ordinal="0" offset="55" sl="96" sc="9" el="96" ec="9" bec="0" bev="0" fileid="19" />
                <SequencePoint vc="1" uspid="2102" ordinal="0" offset="73" sl="97" sc="9" el="97" ec="9" bec="0" bev="0" fileid="19" />
                <SequencePoint vc="1" uspid="2103" ordinal="0" offset="91" sl="98" sc="5" el="98" ec="5" bec="0" bev="0" fileid="19" />
              </SequencePoints>
              <BranchPoints />
            </Method>
          </Methods>
        </Class>
        <Class>
          <Summary numSequencePoints="8" visitedSequencePoints="8" numBranchPoints="0" visitedBranchPoints="0" sequenceCoverage="100.0" branchCoverage="0.0" maxCyclomaticComplexity="0" minCyclomaticComplexity="0" maxCrapScore="0" minCrapScore="0" visitedClasses="1" numClasses="1" visitedMethods="8" numMethods="8" />
          <FullName>AIBERG.Core.InputHandlers.InputHandler</FullName>
          <Methods>
            <Method visited="true" cyclomaticComplexity="0" nPathComplexity="0" sequenceCoverage="100.0" branchCoverage="0" crapScore="0" isConstructor="false" isStatic="false" isGetter="true" isSetter="false">
              <Summary numSequencePoints="1" visitedSequencePoints="1" numBranchPoints="0" visitedBranchPoints="0" sequenceCoverage="100.0" branchCoverage="0" maxCyclomaticComplexity="0" minCyclomaticComplexity="0" maxCrapScore="0" minCrapScore="0" visitedClasses="0" numClasses="0" visitedMethods="1" numMethods="1" />
              <MetadataToken>100663393</MetadataToken>
              <Name>System.Boolean AIBERG.Core.InputHandlers.InputHandler::get_ActiveAbility1Input()</Name>
              <FileRef uid="21" />
              <SequencePoints>
                <SequencePoint vc="94" uspid="2177" ordinal="0" offset="0" sl="7" sc="9" el="7" ec="9" bec="0" bev="0" fileid="21" />
              </SequencePoints>
              <BranchPoints />
            </Method>
            <Method visited="true" cyclomaticComplexity="0" nPathComplexity="0" sequenceCoverage="100.0" branchCoverage="0" crapScore="0" isConstructor="false" isStatic="false" isGetter="false" isSetter="true">
              <Summary numSequencePoints="1" visitedSequencePoints="1" numBranchPoints="0" visitedBranchPoints="0" sequenceCoverage="100.0" branchCoverage="0" maxCyclomaticComplexity="0" minCyclomaticComplexity="0" maxCrapScore="0" minCrapScore="0" visitedClasses="0" numClasses="0" visitedMethods="1" numMethods="1" />
              <MetadataToken>100663394</MetadataToken>
              <Name>System.Void AIBERG.Core.InputHandlers.InputHandler::set_ActiveAbility1Input(System.Boolean)</Name>
              <FileRef uid="21" />
              <SequencePoints>
                <SequencePoint vc="94" uspid="2178" ordinal="0" offset="0" sl="8" sc="9" el="8" ec="9" bec="0" bev="0" fileid="21" />
              </SequencePoints>
              <BranchPoints />
            </Method>
            <Method visited="true" cyclomaticComplexity="0" nPathComplexity="0" sequenceCoverage="100.0" branchCoverage="0" crapScore="0" isConstructor="false" isStatic="false" isGetter="true" isSetter="false">
              <Summary numSequencePoints="1" visitedSequencePoints="1" numBranchPoints="0" visitedBranchPoints="0" sequenceCoverage="100.0" branchCoverage="0" maxCyclomaticComplexity="0" minCyclomaticComplexity="0" maxCrapScore="0" minCrapScore="0" visitedClasses="0" numClasses="0" visitedMethods="1" numMethods="1" />
              <MetadataToken>100663395</MetadataToken>
              <Name>System.Boolean AIBERG.Core.InputHandlers.InputHandler::get_ActiveAbility2Input()</Name>
              <FileRef uid="21" />
              <SequencePoints>
                <SequencePoint vc="94" uspid="2179" ordinal="0" offset="0" sl="11" sc="9" el="11" ec="9" bec="0" bev="0" fileid="21" />
              </SequencePoints>
              <BranchPoints />
            </Method>
            <Method visited="true" cyclomaticComplexity="0" nPathComplexity="0" sequenceCoverage="100.0" branchCoverage="0" crapScore="0" isConstructor="false" isStatic="false" isGetter="false" isSetter="true">
              <Summary numSequencePoints="1" visitedSequencePoints="1" numBranchPoints="0" visitedBranchPoints="0" sequenceCoverage="100.0" branchCoverage="0" maxCyclomaticComplexity="0" minCyclomaticComplexity="0" maxCrapScore="0" minCrapScore="0" visitedClasses="0" numClasses="0" visitedMethods="1" numMethods="1" />
              <MetadataToken>100663396</MetadataToken>
              <Name>System.Void AIBERG.Core.InputHandlers.InputHandler::set_ActiveAbility2Input(System.Boolean)</Name>
              <FileRef uid="21" />
              <SequencePoints>
                <SequencePoint vc="94" uspid="2180" ordinal="0" offset="0" sl="12" sc="9" el="12" ec="9" bec="0" bev="0" fileid="21" />
              </SequencePoints>
              <BranchPoints />
            </Method>
            <Method visited="true" cyclomaticComplexity="0" nPathComplexity="0" sequenceCoverage="100.0" branchCoverage="0" crapScore="0" isConstructor="false" isStatic="false" isGetter="true" isSetter="false">
              <Summary numSequencePoints="1" visitedSequencePoints="1" numBranchPoints="0" visitedBranchPoints="0" sequenceCoverage="100.0" branchCoverage="0" maxCyclomaticComplexity="0" minCyclomaticComplexity="0" maxCrapScore="0" minCrapScore="0" visitedClasses="0" numClasses="0" visitedMethods="1" numMethods="1" />
              <MetadataToken>100663397</MetadataToken>
              <Name>System.Boolean AIBERG.Core.InputHandlers.InputHandler::get_BasicAbilityInput()</Name>
              <FileRef uid="21" />
              <SequencePoints>
                <SequencePoint vc="94" uspid="2181" ordinal="0" offset="0" sl="15" sc="9" el="15" ec="9" bec="0" bev="0" fileid="21" />
              </SequencePoints>
              <BranchPoints />
            </Method>
            <Method visited="true" cyclomaticComplexity="0" nPathComplexity="0" sequenceCoverage="100.0" branchCoverage="0" crapScore="0" isConstructor="false" isStatic="false" isGetter="false" isSetter="true">
              <Summary numSequencePoints="1" visitedSequencePoints="1" numBranchPoints="0" visitedBranchPoints="0" sequenceCoverage="100.0" branchCoverage="0" maxCyclomaticComplexity="0" minCyclomaticComplexity="0" maxCrapScore="0" minCrapScore="0" visitedClasses="0" numClasses="0" visitedMethods="1" numMethods="1" />
              <MetadataToken>100663398</MetadataToken>
              <Name>System.Void AIBERG.Core.InputHandlers.InputHandler::set_BasicAbilityInput(System.Boolean)</Name>
              <FileRef uid="21" />
              <SequencePoints>
                <SequencePoint vc="94" uspid="2182" ordinal="0" offset="0" sl="16" sc="9" el="16" ec="9" bec="0" bev="0" fileid="21" />
              </SequencePoints>
              <BranchPoints />
            </Method>
            <Method visited="true" cyclomaticComplexity="0" nPathComplexity="0" sequenceCoverage="100.0" branchCoverage="0" crapScore="0" isConstructor="false" isStatic="false" isGetter="true" isSetter="false">
              <Summary numSequencePoints="1" visitedSequencePoints="1" numBranchPoints="0" visitedBranchPoints="0" sequenceCoverage="100.0" branchCoverage="0" maxCyclomaticComplexity="0" minCyclomaticComplexity="0" maxCrapScore="0" minCrapScore="0" visitedClasses="0" numClasses="0" visitedMethods="1" numMethods="1" />
              <MetadataToken>100663399</MetadataToken>
              <Name>System.Boolean AIBERG.Core.InputHandlers.InputHandler::get_JumpInput()</Name>
              <FileRef uid="21" />
              <SequencePoints>
                <SequencePoint vc="94" uspid="2183" ordinal="0" offset="0" sl="19" sc="9" el="19" ec="9" bec="0" bev="0" fileid="21" />
              </SequencePoints>
              <BranchPoints />
            </Method>
            <Method visited="true" cyclomaticComplexity="0" nPathComplexity="0" sequenceCoverage="100.0" branchCoverage="0" crapScore="0" isConstructor="false" isStatic="false" isGetter="false" isSetter="true">
              <Summary numSequencePoints="1" visitedSequencePoints="1" numBranchPoints="0" visitedBranchPoints="0" sequenceCoverage="100.0" branchCoverage="0" maxCyclomaticComplexity="0" minCyclomaticComplexity="0" maxCrapScore="0" minCrapScore="0" visitedClasses="0" numClasses="0" visitedMethods="1" numMethods="1" />
              <MetadataToken>100663400</MetadataToken>
              <Name>System.Void AIBERG.Core.InputHandlers.InputHandler::set_JumpInput(System.Boolean)</Name>
              <FileRef uid="21" />
              <SequencePoints>
                <SequencePoint vc="94" uspid="2184" ordinal="0" offset="0" sl="20" sc="9" el="20" ec="9" bec="0" bev="0" fileid="21" />
              </SequencePoints>
              <BranchPoints />
            </Method>
          </Methods>
        </Class>
        <Class>
          <Summary numSequencePoints="6" visitedSequencePoints="6" numBranchPoints="0" visitedBranchPoints="0" sequenceCoverage="100.0" branchCoverage="0.0" maxCyclomaticComplexity="0" minCyclomaticComplexity="0" maxCrapScore="0" minCrapScore="0" visitedClasses="1" numClasses="1" visitedMethods="1" numMethods="1" />
          <FullName>AIBERG.Core.InputHandlers.PlayerInputHandler</FullName>
          <Methods>
            <Method visited="true" cyclomaticComplexity="0" nPathComplexity="0" sequenceCoverage="100.0" branchCoverage="0" crapScore="0" isConstructor="false" isStatic="false" isGetter="false" isSetter="false">
              <Summary numSequencePoints="6" visitedSequencePoints="6" numBranchPoints="0" visitedBranchPoints="0" sequenceCoverage="100.0" branchCoverage="0" maxCyclomaticComplexity="0" minCyclomaticComplexity="0" maxCrapScore="0" minCrapScore="0" visitedClasses="0" numClasses="0" visitedMethods="1" numMethods="1" />
              <MetadataToken>100663407</MetadataToken>
              <Name>System.Void AIBERG.Core.InputHandlers.PlayerInputHandler::FixedUpdate()</Name>
              <FileRef uid="23" />
              <SequencePoints>
                <SequencePoint vc="94" uspid="2360" ordinal="0" offset="0" sl="5" sc="32" el="5" ec="32" bec="0" bev="0" fileid="23" />
                <SequencePoint vc="94" uspid="2361" ordinal="0" offset="1" sl="6" sc="9" el="6" ec="9" bec="0" bev="0" fileid="23" />
                <SequencePoint vc="94" uspid="2362" ordinal="0" offset="14" sl="7" sc="9" el="7" ec="9" bec="0" bev="0" fileid="23" />
                <SequencePoint vc="94" uspid="2363" ordinal="0" offset="28" sl="8" sc="9" el="8" ec="9" bec="0" bev="0" fileid="23" />
                <SequencePoint vc="94" uspid="2364" ordinal="0" offset="42" sl="9" sc="9" el="9" ec="9" bec="0" bev="0" fileid="23" />
                <SequencePoint vc="94" uspid="2365" ordinal="0" offset="56" sl="10" sc="5" el="10" ec="5" bec="0" bev="0" fileid="23" />
              </SequencePoints>
              <BranchPoints />
            </Method>
          </Methods>
        </Class>
        <Class>
          <Summary numSequencePoints="1" visitedSequencePoints="1" numBranchPoints="0" visitedBranchPoints="0" sequenceCoverage="100.0" branchCoverage="0.0" maxCyclomaticComplexity="0" minCyclomaticComplexity="0" maxCrapScore="0" minCrapScore="0" visitedClasses="1" numClasses="1" visitedMethods="1" numMethods="1" />
          <FullName>AIBERG.Core.Boss/&lt;&gt;c</FullName>
          <Methods>
            <Method visited="true" cyclomaticComplexity="0" nPathComplexity="0" sequenceCoverage="100.0" branchCoverage="0" crapScore="0" isConstructor="false" isStatic="false" isGetter="false" isSetter="false">
              <Summary numSequencePoints="1" visitedSequencePoints="1" numBranchPoints="0" visitedBranchPoints="0" sequenceCoverage="100.0" branchCoverage="0" maxCyclomaticComplexity="0" minCyclomaticComplexity="0" maxCrapScore="0" minCrapScore="0" visitedClasses="0" numClasses="0" visitedMethods="1" numMethods="1" />
              <MetadataToken>100663416</MetadataToken>
              <Name>UnityEngine.Transform AIBERG.Core.Boss/&lt;&gt;c::&lt;Start&gt;b__50_0(UnityEngine.GameObject)</Name>
              <FileRef uid="14" />
              <SequencePoints>
                <SequencePoint vc="3" uspid="2395" ordinal="0" offset="0" sl="50" sc="127" el="50" ec="127" bec="0" bev="0" fileid="14" />
              </SequencePoints>
              <BranchPoints />
            </Method>
          </Methods>
        </Class>
      </Classes>
    </Module>
    <Module>
      <Summary numSequencePoints="6" visitedSequencePoints="6" numBranchPoints="0" visitedBranchPoints="0" sequenceCoverage="100.0" branchCoverage="0.0" maxCyclomaticComplexity="0" minCyclomaticComplexity="0" maxCrapScore="0" minCrapScore="0" visitedClasses="1" numClasses="1" visitedMethods="2" numMethods="2" />
      <ModuleTime>0001-01-01T00:00:00</ModuleTime>
      <ModuleName>AIBERG.UI</ModuleName>
      <Files>
        <File uid="26" fullPath="D:/CNG491ERG/EndlessRunnerGame/Assets/Scripts/UI/HealthUIManager.cs" />
        <File uid="27" fullPath="D:/CNG491ERG/EndlessRunnerGame/Assets/Scripts/UI/MenuManager.cs" />
        <File uid="28" fullPath="D:/CNG491ERG/EndlessRunnerGame/Assets/Scripts/UI/StepCounter.cs" />
      </Files>
      <Classes>
        <Class>
          <Summary numSequencePoints="6" visitedSequencePoints="6" numBranchPoints="0" visitedBranchPoints="0" sequenceCoverage="100.0" branchCoverage="0.0" maxCyclomaticComplexity="0" minCyclomaticComplexity="0" maxCrapScore="0" minCrapScore="0" visitedClasses="1" numClasses="1" visitedMethods="2" numMethods="2" />
          <FullName>AIBERG.UI.HealthUIManager</FullName>
          <Methods>
            <Method visited="true" cyclomaticComplexity="0" nPathComplexity="0" sequenceCoverage="100.0" branchCoverage="0" crapScore="0" isConstructor="false" isStatic="false" isGetter="false" isSetter="false">
              <Summary numSequencePoints="3" visitedSequencePoints="3" numBranchPoints="0" visitedBranchPoints="0" sequenceCoverage="100.0" branchCoverage="0" maxCyclomaticComplexity="0" minCyclomaticComplexity="0" maxCrapScore="0" minCrapScore="0" visitedClasses="0" numClasses="0" visitedMethods="1" numMethods="1" />
              <MetadataToken>100663299</MetadataToken>
              <Name>System.Void AIBERG.UI.HealthUIManager::Start()</Name>
              <FileRef uid="26" />
              <SequencePoints>
                <SequencePoint vc="2" uspid="2398" ordinal="0" offset="0" sl="10" sc="26" el="10" ec="26" bec="0" bev="0" fileid="26" />
                <SequencePoint vc="2" uspid="2399" ordinal="0" offset="1" sl="11" sc="9" el="11" ec="9" bec="0" bev="0" fileid="26" />
                <SequencePoint vc="2" uspid="2400" ordinal="0" offset="18" sl="12" sc="5" el="12" ec="5" bec="0" bev="0" fileid="26" />
              </SequencePoints>
              <BranchPoints />
            </Method>
            <Method visited="true" cyclomaticComplexity="0" nPathComplexity="0" sequenceCoverage="100.0" branchCoverage="0" crapScore="0" isConstructor="false" isStatic="false" isGetter="false" isSetter="false">
              <Summary numSequencePoints="3" visitedSequencePoints="3" numBranchPoints="0" visitedBranchPoints="0" sequenceCoverage="100.0" branchCoverage="0" maxCyclomaticComplexity="0" minCyclomaticComplexity="0" maxCrapScore="0" minCrapScore="0" visitedClasses="0" numClasses="0" visitedMethods="1" numMethods="1" />
              <MetadataToken>100663300</MetadataToken>
              <Name>System.Void AIBERG.UI.HealthUIManager::Update()</Name>
              <FileRef uid="26" />
              <SequencePoints>
                <SequencePoint vc="1112" uspid="2401" ordinal="0" offset="0" sl="13" sc="27" el="13" ec="27" bec="0" bev="0" fileid="26" />
                <SequencePoint vc="1112" uspid="2402" ordinal="0" offset="1" sl="14" sc="9" el="14" ec="9" bec="0" bev="0" fileid="26" />
                <SequencePoint vc="1112" uspid="2403" ordinal="0" offset="36" sl="15" sc="5" el="15" ec="5" bec="0" bev="0" fileid="26" />
              </SequencePoints>
              <BranchPoints />
            </Method>
          </Methods>
        </Class>
      </Classes>
    </Module>
  </Modules>
</CoverageSession>