<?xml version="1.0" encoding="utf-8"?>
<CoverageSession xmlns:xsd="http://www.w3.org/2001/XMLSchema" xmlns:xsi="http://www.w3.org/2001/XMLSchema-instance" Version="0.0.0.0">
  <Summary numSequencePoints="1111" visitedSequencePoints="0" numBranchPoints="0" visitedBranchPoints="0" sequenceCoverage="0.0" branchCoverage="0.0" maxCyclomaticComplexity="0" minCyclomaticComplexity="0" maxCrapScore="0" minCrapScore="0" visitedClasses="0" numClasses="32" visitedMethods="0" numMethods="232" />
  <Modules>
    <Module>
      <Summary numSequencePoints="15" visitedSequencePoints="0" numBranchPoints="0" visitedBranchPoints="0" sequenceCoverage="0.0" branchCoverage="0.0" maxCyclomaticComplexity="0" minCyclomaticComplexity="0" maxCrapScore="0" minCrapScore="0" visitedClasses="0" numClasses="1" visitedMethods="0" numMethods="2" />
      <ModuleTime>0001-01-01T00:00:00</ModuleTime>
      <ModuleName>EditModeTests</ModuleName>
      <Files>
        <File uid="1" fullPath="D:/CNG491ERG/EndlessRunnerGame/Assets/Tests/EditModeTests/DamagingProjectileTests.cs" />
      </Files>
      <Classes>
        <Class>
          <Summary numSequencePoints="15" visitedSequencePoints="0" numBranchPoints="0" visitedBranchPoints="0" sequenceCoverage="0.0" branchCoverage="0.0" maxCyclomaticComplexity="0" minCyclomaticComplexity="0" maxCrapScore="0" minCrapScore="0" visitedClasses="0" numClasses="1" visitedMethods="0" numMethods="2" />
          <FullName>DamagingProjectileTests</FullName>
          <Methods>
            <Method visited="false" cyclomaticComplexity="0" nPathComplexity="0" sequenceCoverage="0.0" branchCoverage="0" crapScore="0" isConstructor="false" isStatic="false" isGetter="false" isSetter="false">
              <Summary numSequencePoints="7" visitedSequencePoints="0" numBranchPoints="0" visitedBranchPoints="0" sequenceCoverage="0.0" branchCoverage="0" maxCyclomaticComplexity="0" minCyclomaticComplexity="0" maxCrapScore="0" minCrapScore="0" visitedClasses="0" numClasses="0" visitedMethods="0" numMethods="1" />
              <MetadataToken>100663297</MetadataToken>
              <Name>System.Void DamagingProjectileTests::AddTagToDamage_AddNewTag_TagAddedSuccessfully()</Name>
              <FileRef uid="1" />
              <SequencePoints>
                <SequencePoint vc="0" uspid="4415" ordinal="0" offset="0" sl="12" sc="0" el="12" ec="0" bec="0" bev="0" fileid="1" />
                <SequencePoint vc="0" uspid="4416" ordinal="0" offset="1" sl="13" sc="0" el="13" ec="0" bec="0" bev="0" fileid="1" />
                <SequencePoint vc="0" uspid="4417" ordinal="0" offset="12" sl="14" sc="0" el="14" ec="0" bec="0" bev="0" fileid="1" />
                <SequencePoint vc="0" uspid="4418" ordinal="0" offset="19" sl="15" sc="0" el="15" ec="0" bec="0" bev="0" fileid="1" />
                <SequencePoint vc="0" uspid="4419" ordinal="0" offset="25" sl="17" sc="0" el="17" ec="0" bec="0" bev="0" fileid="1" />
                <SequencePoint vc="0" uspid="4420" ordinal="0" offset="33" sl="19" sc="0" el="19" ec="0" bec="0" bev="0" fileid="1" />
                <SequencePoint vc="0" uspid="4421" ordinal="0" offset="46" sl="20" sc="0" el="20" ec="0" bec="0" bev="0" fileid="1" />
              </SequencePoints>
              <BranchPoints />
            </Method>
            <Method visited="false" cyclomaticComplexity="0" nPathComplexity="0" sequenceCoverage="0.0" branchCoverage="0" crapScore="0" isConstructor="false" isStatic="false" isGetter="false" isSetter="false">
              <Summary numSequencePoints="8" visitedSequencePoints="0" numBranchPoints="0" visitedBranchPoints="0" sequenceCoverage="0.0" branchCoverage="0" maxCyclomaticComplexity="0" minCyclomaticComplexity="0" maxCrapScore="0" minCrapScore="0" visitedClasses="0" numClasses="0" visitedMethods="0" numMethods="1" />
              <MetadataToken>100663298</MetadataToken>
              <Name>System.Void DamagingProjectileTests::AddTagToDamage_TryAddExistingTag_TagNotAdded()</Name>
              <FileRef uid="1" />
              <SequencePoints>
                <SequencePoint vc="0" uspid="4422" ordinal="0" offset="0" sl="23" sc="0" el="23" ec="0" bec="0" bev="0" fileid="1" />
                <SequencePoint vc="0" uspid="4423" ordinal="0" offset="1" sl="24" sc="0" el="24" ec="0" bec="0" bev="0" fileid="1" />
                <SequencePoint vc="0" uspid="4424" ordinal="0" offset="12" sl="25" sc="0" el="25" ec="0" bec="0" bev="0" fileid="1" />
                <SequencePoint vc="0" uspid="4425" ordinal="0" offset="19" sl="26" sc="0" el="26" ec="0" bec="0" bev="0" fileid="1" />
                <SequencePoint vc="0" uspid="4426" ordinal="0" offset="25" sl="28" sc="0" el="28" ec="0" bec="0" bev="0" fileid="1" />
                <SequencePoint vc="0" uspid="4427" ordinal="0" offset="33" sl="30" sc="0" el="30" ec="0" bec="0" bev="0" fileid="1" />
                <SequencePoint vc="0" uspid="4428" ordinal="0" offset="41" sl="31" sc="0" el="31" ec="0" bec="0" bev="0" fileid="1" />
                <SequencePoint vc="0" uspid="4429" ordinal="0" offset="69" sl="32" sc="0" el="32" ec="0" bec="0" bev="0" fileid="1" />
              </SequencePoints>
              <BranchPoints />
            </Method>
          </Methods>
        </Class>
      </Classes>
    </Module>
    <Module>
      <Summary numSequencePoints="193" visitedSequencePoints="0" numBranchPoints="0" visitedBranchPoints="0" sequenceCoverage="0.0" branchCoverage="0.0" maxCyclomaticComplexity="0" minCyclomaticComplexity="0" maxCrapScore="0" minCrapScore="0" visitedClasses="0" numClasses="6" visitedMethods="0" numMethods="50" />
      <ModuleTime>0001-01-01T00:00:00</ModuleTime>
      <ModuleName>AIBERG.Factions.TheOrderOfTheFlesh</ModuleName>
      <Files>
        <File uid="2" fullPath="D:/CNG491ERG/EndlessRunnerGame/Assets/Scripts/Factions/The Order of the Flesh/AssaultRifle.cs" />
        <File uid="3" fullPath="D:/CNG491ERG/EndlessRunnerGame/Assets/Scripts/Factions/The Order of the Flesh/Jump.cs" />
        <File uid="4" fullPath="D:/CNG491ERG/EndlessRunnerGame/Assets/Scripts/Factions/The Order of the Flesh/LastResort.cs" />
        <File uid="5" fullPath="D:/CNG491ERG/EndlessRunnerGame/Assets/Scripts/Factions/The Order of the Flesh/MachineGun.cs" />
      </Files>
      <Classes>
        <Class>
          <Summary numSequencePoints="48" visitedSequencePoints="0" numBranchPoints="0" visitedBranchPoints="0" sequenceCoverage="0.0" branchCoverage="0.0" maxCyclomaticComplexity="0" minCyclomaticComplexity="0" maxCrapScore="0" minCrapScore="0" visitedClasses="0" numClasses="1" visitedMethods="0" numMethods="13" />
          <FullName>AIBERG.Factions.TheOrderOfTheFlesh.AssaultRifle</FullName>
          <Methods>
            <Method visited="false" cyclomaticComplexity="0" nPathComplexity="0" sequenceCoverage="0.0" branchCoverage="0" crapScore="0" isConstructor="false" isStatic="false" isGetter="true" isSetter="false">
              <Summary numSequencePoints="1" visitedSequencePoints="0" numBranchPoints="0" visitedBranchPoints="0" sequenceCoverage="0.0" branchCoverage="0" maxCyclomaticComplexity="0" minCyclomaticComplexity="0" maxCrapScore="0" minCrapScore="0" visitedClasses="0" numClasses="0" visitedMethods="0" numMethods="1" />
              <MetadataToken>100663299</MetadataToken>
              <Name>System.Single AIBERG.Factions.TheOrderOfTheFlesh.AssaultRifle::get_Cooldown()</Name>
              <FileRef uid="2" />
              <SequencePoints>
                <SequencePoint vc="0" uspid="4430" ordinal="0" offset="0" sl="25" sc="0" el="25" ec="0" bec="0" bev="0" fileid="2" />
              </SequencePoints>
              <BranchPoints />
            </Method>
            <Method visited="false" cyclomaticComplexity="0" nPathComplexity="0" sequenceCoverage="0.0" branchCoverage="0" crapScore="0" isConstructor="false" isStatic="false" isGetter="true" isSetter="false">
              <Summary numSequencePoints="1" visitedSequencePoints="0" numBranchPoints="0" visitedBranchPoints="0" sequenceCoverage="0.0" branchCoverage="0" maxCyclomaticComplexity="0" minCyclomaticComplexity="0" maxCrapScore="0" minCrapScore="0" visitedClasses="0" numClasses="0" visitedMethods="0" numMethods="1" />
              <MetadataToken>100663300</MetadataToken>
              <Name>System.Single AIBERG.Factions.TheOrderOfTheFlesh.AssaultRifle::get_AbilityDuration()</Name>
              <FileRef uid="2" />
              <SequencePoints>
                <SequencePoint vc="0" uspid="4431" ordinal="0" offset="0" sl="26" sc="0" el="26" ec="0" bec="0" bev="0" fileid="2" />
              </SequencePoints>
              <BranchPoints />
            </Method>
            <Method visited="false" cyclomaticComplexity="0" nPathComplexity="0" sequenceCoverage="0.0" branchCoverage="0" crapScore="0" isConstructor="false" isStatic="false" isGetter="true" isSetter="false">
              <Summary numSequencePoints="1" visitedSequencePoints="0" numBranchPoints="0" visitedBranchPoints="0" sequenceCoverage="0.0" branchCoverage="0" maxCyclomaticComplexity="0" minCyclomaticComplexity="0" maxCrapScore="0" minCrapScore="0" visitedClasses="0" numClasses="0" visitedMethods="0" numMethods="1" />
              <MetadataToken>100663301</MetadataToken>
              <Name>System.Single AIBERG.Factions.TheOrderOfTheFlesh.AssaultRifle::get_Damage()</Name>
              <FileRef uid="2" />
              <SequencePoints>
                <SequencePoint vc="0" uspid="4432" ordinal="0" offset="0" sl="27" sc="0" el="27" ec="0" bec="0" bev="0" fileid="2" />
              </SequencePoints>
              <BranchPoints />
            </Method>
            <Method visited="false" cyclomaticComplexity="0" nPathComplexity="0" sequenceCoverage="0.0" branchCoverage="0" crapScore="0" isConstructor="false" isStatic="false" isGetter="true" isSetter="false">
              <Summary numSequencePoints="1" visitedSequencePoints="0" numBranchPoints="0" visitedBranchPoints="0" sequenceCoverage="0.0" branchCoverage="0" maxCyclomaticComplexity="0" minCyclomaticComplexity="0" maxCrapScore="0" minCrapScore="0" visitedClasses="0" numClasses="0" visitedMethods="0" numMethods="1" />
              <MetadataToken>100663302</MetadataToken>
              <Name>System.Boolean AIBERG.Factions.TheOrderOfTheFlesh.AssaultRifle::get_CanBeUsed()</Name>
              <FileRef uid="2" />
              <SequencePoints>
                <SequencePoint vc="0" uspid="4433" ordinal="0" offset="0" sl="28" sc="0" el="28" ec="0" bec="0" bev="0" fileid="2" />
              </SequencePoints>
              <BranchPoints />
            </Method>
            <Method visited="false" cyclomaticComplexity="0" nPathComplexity="0" sequenceCoverage="0.0" branchCoverage="0" crapScore="0" isConstructor="false" isStatic="false" isGetter="true" isSetter="false">
              <Summary numSequencePoints="1" visitedSequencePoints="0" numBranchPoints="0" visitedBranchPoints="0" sequenceCoverage="0.0" branchCoverage="0" maxCyclomaticComplexity="0" minCyclomaticComplexity="0" maxCrapScore="0" minCrapScore="0" visitedClasses="0" numClasses="0" visitedMethods="0" numMethods="1" />
              <MetadataToken>100663303</MetadataToken>
              <Name>AIBERG.Interfaces.IAbility AIBERG.Factions.TheOrderOfTheFlesh.AssaultRifle::get_AbilityLock()</Name>
              <FileRef uid="2" />
              <SequencePoints>
                <SequencePoint vc="0" uspid="4434" ordinal="0" offset="0" sl="31" sc="0" el="31" ec="0" bec="0" bev="0" fileid="2" />
              </SequencePoints>
              <BranchPoints />
            </Method>
            <Method visited="false" cyclomaticComplexity="0" nPathComplexity="0" sequenceCoverage="0.0" branchCoverage="0" crapScore="0" isConstructor="false" isStatic="false" isGetter="false" isSetter="true">
              <Summary numSequencePoints="6" visitedSequencePoints="0" numBranchPoints="0" visitedBranchPoints="0" sequenceCoverage="0.0" branchCoverage="0" maxCyclomaticComplexity="0" minCyclomaticComplexity="0" maxCrapScore="0" minCrapScore="0" visitedClasses="0" numClasses="0" visitedMethods="0" numMethods="1" />
              <MetadataToken>100663304</MetadataToken>
              <Name>System.Void AIBERG.Factions.TheOrderOfTheFlesh.AssaultRifle::set_AbilityLock(AIBERG.Interfaces.IAbility)</Name>
              <FileRef uid="2" />
              <SequencePoints>
                <SequencePoint vc="0" uspid="4435" ordinal="0" offset="0" sl="32" sc="0" el="32" ec="0" bec="0" bev="0" fileid="2" />
                <SequencePoint vc="0" uspid="4436" ordinal="0" offset="1" sl="33" sc="0" el="33" ec="0" bec="0" bev="0" fileid="2" />
                <SequencePoint vc="0" uspid="4437" ordinal="0" offset="26" sl="33" sc="0" el="33" ec="0" bec="0" bev="0" fileid="2" />
                <SequencePoint vc="0" uspid="4438" ordinal="0" offset="27" sl="34" sc="0" el="34" ec="0" bec="0" bev="0" fileid="2" />
                <SequencePoint vc="0" uspid="4439" ordinal="0" offset="34" sl="35" sc="0" el="35" ec="0" bec="0" bev="0" fileid="2" />
                <SequencePoint vc="0" uspid="4440" ordinal="0" offset="35" sl="36" sc="0" el="36" ec="0" bec="0" bev="0" fileid="2" />
              </SequencePoints>
              <BranchPoints />
            </Method>
            <Method visited="false" cyclomaticComplexity="0" nPathComplexity="0" sequenceCoverage="0.0" branchCoverage="0" crapScore="0" isConstructor="false" isStatic="false" isGetter="true" isSetter="false">
              <Summary numSequencePoints="1" visitedSequencePoints="0" numBranchPoints="0" visitedBranchPoints="0" sequenceCoverage="0.0" branchCoverage="0" maxCyclomaticComplexity="0" minCyclomaticComplexity="0" maxCrapScore="0" minCrapScore="0" visitedClasses="0" numClasses="0" visitedMethods="0" numMethods="1" />
              <MetadataToken>100663305</MetadataToken>
              <Name>UnityEngine.GameObject AIBERG.Factions.TheOrderOfTheFlesh.AssaultRifle::get_AbilityOwner()</Name>
              <FileRef uid="2" />
              <SequencePoints>
                <SequencePoint vc="0" uspid="4441" ordinal="0" offset="0" sl="38" sc="0" el="38" ec="0" bec="0" bev="0" fileid="2" />
              </SequencePoints>
              <BranchPoints />
            </Method>
            <Method visited="false" cyclomaticComplexity="0" nPathComplexity="0" sequenceCoverage="0.0" branchCoverage="0" crapScore="0" isConstructor="false" isStatic="false" isGetter="false" isSetter="false">
              <Summary numSequencePoints="8" visitedSequencePoints="0" numBranchPoints="0" visitedBranchPoints="0" sequenceCoverage="0.0" branchCoverage="0" maxCyclomaticComplexity="0" minCyclomaticComplexity="0" maxCrapScore="0" minCrapScore="0" visitedClasses="0" numClasses="0" visitedMethods="0" numMethods="1" />
              <MetadataToken>100663306</MetadataToken>
              <Name>System.Void AIBERG.Factions.TheOrderOfTheFlesh.AssaultRifle::Start()</Name>
              <FileRef uid="2" />
              <SequencePoints>
                <SequencePoint vc="0" uspid="4442" ordinal="0" offset="0" sl="43" sc="0" el="43" ec="0" bec="0" bev="0" fileid="2" />
                <SequencePoint vc="0" uspid="4443" ordinal="0" offset="1" sl="44" sc="0" el="44" ec="0" bec="0" bev="0" fileid="2" />
                <SequencePoint vc="0" uspid="4444" ordinal="0" offset="18" sl="45" sc="0" el="45" ec="0" bec="0" bev="0" fileid="2" />
                <SequencePoint vc="0" uspid="4445" ordinal="0" offset="25" sl="46" sc="0" el="46" ec="0" bec="0" bev="0" fileid="2" />
                <SequencePoint vc="0" uspid="4446" ordinal="0" offset="47" sl="47" sc="0" el="47" ec="0" bec="0" bev="0" fileid="2" />
                <SequencePoint vc="0" uspid="4447" ordinal="0" offset="69" sl="48" sc="0" el="48" ec="0" bec="0" bev="0" fileid="2" />
                <SequencePoint vc="0" uspid="4448" ordinal="0" offset="91" sl="49" sc="0" el="49" ec="0" bec="0" bev="0" fileid="2" />
                <SequencePoint vc="0" uspid="4449" ordinal="0" offset="99" sl="50" sc="0" el="50" ec="0" bec="0" bev="0" fileid="2" />
              </SequencePoints>
              <BranchPoints />
            </Method>
            <Method visited="false" cyclomaticComplexity="0" nPathComplexity="0" sequenceCoverage="0.0" branchCoverage="0" crapScore="0" isConstructor="false" isStatic="false" isGetter="false" isSetter="false">
              <Summary numSequencePoints="5" visitedSequencePoints="0" numBranchPoints="0" visitedBranchPoints="0" sequenceCoverage="0.0" branchCoverage="0" maxCyclomaticComplexity="0" minCyclomaticComplexity="0" maxCrapScore="0" minCrapScore="0" visitedClasses="0" numClasses="0" visitedMethods="0" numMethods="1" />
              <MetadataToken>100663307</MetadataToken>
              <Name>System.Void AIBERG.Factions.TheOrderOfTheFlesh.AssaultRifle::FixedUpdate()</Name>
              <FileRef uid="2" />
              <SequencePoints>
                <SequencePoint vc="0" uspid="4450" ordinal="0" offset="0" sl="52" sc="0" el="52" ec="0" bec="0" bev="0" fileid="2" />
                <SequencePoint vc="0" uspid="4451" ordinal="0" offset="1" sl="53" sc="0" el="53" ec="0" bec="0" bev="0" fileid="2" />
                <SequencePoint vc="0" uspid="4452" ordinal="0" offset="16" sl="54" sc="0" el="54" ec="0" bec="0" bev="0" fileid="2" />
                <SequencePoint vc="0" uspid="4453" ordinal="0" offset="45" sl="55" sc="0" el="55" ec="0" bec="0" bev="0" fileid="2" />
                <SequencePoint vc="0" uspid="4454" ordinal="0" offset="79" sl="56" sc="0" el="56" ec="0" bec="0" bev="0" fileid="2" />
              </SequencePoints>
              <BranchPoints />
            </Method>
            <Method visited="false" cyclomaticComplexity="0" nPathComplexity="0" sequenceCoverage="0.0" branchCoverage="0" crapScore="0" isConstructor="false" isStatic="false" isGetter="false" isSetter="false">
              <Summary numSequencePoints="7" visitedSequencePoints="0" numBranchPoints="0" visitedBranchPoints="0" sequenceCoverage="0.0" branchCoverage="0" maxCyclomaticComplexity="0" minCyclomaticComplexity="0" maxCrapScore="0" minCrapScore="0" visitedClasses="0" numClasses="0" visitedMethods="0" numMethods="1" />
              <MetadataToken>100663308</MetadataToken>
              <Name>System.Void AIBERG.Factions.TheOrderOfTheFlesh.AssaultRifle::UseAbility(System.Boolean)</Name>
              <FileRef uid="2" />
              <SequencePoints>
                <SequencePoint vc="0" uspid="4455" ordinal="0" offset="0" sl="58" sc="0" el="58" ec="0" bec="0" bev="0" fileid="2" />
                <SequencePoint vc="0" uspid="4456" ordinal="0" offset="1" sl="59" sc="0" el="59" ec="0" bec="0" bev="0" fileid="2" />
                <SequencePoint vc="0" uspid="4457" ordinal="0" offset="27" sl="59" sc="0" el="59" ec="0" bec="0" bev="0" fileid="2" />
                <SequencePoint vc="0" uspid="4458" ordinal="0" offset="28" sl="60" sc="0" el="60" ec="0" bec="0" bev="0" fileid="2" />
                <SequencePoint vc="0" uspid="4459" ordinal="0" offset="35" sl="61" sc="0" el="61" ec="0" bec="0" bev="0" fileid="2" />
                <SequencePoint vc="0" uspid="4460" ordinal="0" offset="46" sl="62" sc="0" el="62" ec="0" bec="0" bev="0" fileid="2" />
                <SequencePoint vc="0" uspid="4461" ordinal="0" offset="47" sl="63" sc="0" el="63" ec="0" bec="0" bev="0" fileid="2" />
              </SequencePoints>
              <BranchPoints />
            </Method>
            <Method visited="false" cyclomaticComplexity="0" nPathComplexity="0" sequenceCoverage="0.0" branchCoverage="0" crapScore="0" isConstructor="false" isStatic="false" isGetter="false" isSetter="false">
              <Summary numSequencePoints="9" visitedSequencePoints="0" numBranchPoints="0" visitedBranchPoints="0" sequenceCoverage="0.0" branchCoverage="0" maxCyclomaticComplexity="0" minCyclomaticComplexity="0" maxCrapScore="0" minCrapScore="0" visitedClasses="0" numClasses="0" visitedMethods="0" numMethods="1" />
              <MetadataToken>100663309</MetadataToken>
              <Name>System.Void AIBERG.Factions.TheOrderOfTheFlesh.AssaultRifle::ShootBullet()</Name>
              <FileRef uid="2" />
              <SequencePoints>
                <SequencePoint vc="0" uspid="4462" ordinal="0" offset="0" sl="65" sc="0" el="65" ec="0" bec="0" bev="0" fileid="2" />
                <SequencePoint vc="0" uspid="4463" ordinal="0" offset="1" sl="66" sc="0" el="66" ec="0" bec="0" bev="0" fileid="2" />
                <SequencePoint vc="0" uspid="4464" ordinal="0" offset="34" sl="67" sc="0" el="67" ec="0" bec="0" bev="0" fileid="2" />
                <SequencePoint vc="0" uspid="4465" ordinal="0" offset="57" sl="68" sc="0" el="68" ec="0" bec="0" bev="0" fileid="2" />
                <SequencePoint vc="0" uspid="4466" ordinal="0" offset="68" sl="68" sc="0" el="68" ec="0" bec="0" bev="0" fileid="2" />
                <SequencePoint vc="0" uspid="4467" ordinal="0" offset="69" sl="69" sc="0" el="69" ec="0" bec="0" bev="0" fileid="2" />
                <SequencePoint vc="0" uspid="4468" ordinal="0" offset="97" sl="70" sc="0" el="70" ec="0" bec="0" bev="0" fileid="2" />
                <SequencePoint vc="0" uspid="4469" ordinal="0" offset="129" sl="71" sc="0" el="71" ec="0" bec="0" bev="0" fileid="2" />
                <SequencePoint vc="0" uspid="4470" ordinal="0" offset="130" sl="72" sc="0" el="72" ec="0" bec="0" bev="0" fileid="2" />
              </SequencePoints>
              <BranchPoints />
            </Method>
            <Method visited="false" cyclomaticComplexity="0" nPathComplexity="0" sequenceCoverage="0.0" branchCoverage="0" crapScore="0" isConstructor="false" isStatic="false" isGetter="false" isSetter="false">
              <Summary numSequencePoints="3" visitedSequencePoints="0" numBranchPoints="0" visitedBranchPoints="0" sequenceCoverage="0.0" branchCoverage="0" maxCyclomaticComplexity="0" minCyclomaticComplexity="0" maxCrapScore="0" minCrapScore="0" visitedClasses="0" numClasses="0" visitedMethods="0" numMethods="1" />
              <MetadataToken>100663310</MetadataToken>
              <Name>System.Void AIBERG.Factions.TheOrderOfTheFlesh.AssaultRifle::ResetCooldown()</Name>
              <FileRef uid="2" />
              <SequencePoints>
                <SequencePoint vc="0" uspid="4471" ordinal="0" offset="0" sl="74" sc="0" el="74" ec="0" bec="0" bev="0" fileid="2" />
                <SequencePoint vc="0" uspid="4472" ordinal="0" offset="1" sl="75" sc="0" el="75" ec="0" bec="0" bev="0" fileid="2" />
                <SequencePoint vc="0" uspid="4473" ordinal="0" offset="13" sl="76" sc="0" el="76" ec="0" bec="0" bev="0" fileid="2" />
              </SequencePoints>
              <BranchPoints />
            </Method>
            <Method visited="false" cyclomaticComplexity="0" nPathComplexity="0" sequenceCoverage="0.0" branchCoverage="0" crapScore="0" isConstructor="true" isStatic="false" isGetter="false" isSetter="false">
              <Summary numSequencePoints="4" visitedSequencePoints="0" numBranchPoints="0" visitedBranchPoints="0" sequenceCoverage="0.0" branchCoverage="0" maxCyclomaticComplexity="0" minCyclomaticComplexity="0" maxCrapScore="0" minCrapScore="0" visitedClasses="0" numClasses="0" visitedMethods="0" numMethods="1" />
              <MetadataToken>100663311</MetadataToken>
              <Name>AIBERG.Factions.TheOrderOfTheFlesh.AssaultRifle::AssaultRifle()</Name>
              <FileRef uid="2" />
              <SequencePoints>
                <SequencePoint vc="0" uspid="4474" ordinal="0" offset="0" sl="11" sc="22" el="11" ec="22" bec="0" bev="0" fileid="2" />
                <SequencePoint vc="0" uspid="4475" ordinal="0" offset="11" sl="12" sc="22" el="12" ec="22" bec="0" bev="0" fileid="2" />
                <SequencePoint vc="0" uspid="4476" ordinal="0" offset="22" sl="13" sc="22" el="13" ec="22" bec="0" bev="0" fileid="2" />
                <SequencePoint vc="0" uspid="4477" ordinal="0" offset="33" sl="22" sc="22" el="22" ec="22" bec="0" bev="0" fileid="2" />
              </SequencePoints>
              <BranchPoints />
            </Method>
          </Methods>
        </Class>
        <Class>
          <Summary numSequencePoints="24" visitedSequencePoints="0" numBranchPoints="0" visitedBranchPoints="0" sequenceCoverage="0.0" branchCoverage="0.0" maxCyclomaticComplexity="0" minCyclomaticComplexity="0" maxCrapScore="0" minCrapScore="0" visitedClasses="0" numClasses="1" visitedMethods="0" numMethods="9" />
          <FullName>AIBERG.Factions.TheOrderOfTheFlesh.Jump</FullName>
          <Methods>
            <Method visited="false" cyclomaticComplexity="0" nPathComplexity="0" sequenceCoverage="0.0" branchCoverage="0" crapScore="0" isConstructor="false" isStatic="false" isGetter="true" isSetter="false">
              <Summary numSequencePoints="1" visitedSequencePoints="0" numBranchPoints="0" visitedBranchPoints="0" sequenceCoverage="0.0" branchCoverage="0" maxCyclomaticComplexity="0" minCyclomaticComplexity="0" maxCrapScore="0" minCrapScore="0" visitedClasses="0" numClasses="0" visitedMethods="0" numMethods="1" />
              <MetadataToken>100663312</MetadataToken>
              <Name>UnityEngine.GameObject AIBERG.Factions.TheOrderOfTheFlesh.Jump::get_AbilityOwner()</Name>
              <FileRef uid="3" />
              <SequencePoints>
                <SequencePoint vc="0" uspid="4478" ordinal="0" offset="0" sl="15" sc="0" el="15" ec="0" bec="0" bev="0" fileid="3" />
              </SequencePoints>
              <BranchPoints />
            </Method>
            <Method visited="false" cyclomaticComplexity="0" nPathComplexity="0" sequenceCoverage="0.0" branchCoverage="0" crapScore="0" isConstructor="false" isStatic="false" isGetter="true" isSetter="false">
              <Summary numSequencePoints="1" visitedSequencePoints="0" numBranchPoints="0" visitedBranchPoints="0" sequenceCoverage="0.0" branchCoverage="0" maxCyclomaticComplexity="0" minCyclomaticComplexity="0" maxCrapScore="0" minCrapScore="0" visitedClasses="0" numClasses="0" visitedMethods="0" numMethods="1" />
              <MetadataToken>100663313</MetadataToken>
              <Name>System.Single AIBERG.Factions.TheOrderOfTheFlesh.Jump::get_Cooldown()</Name>
              <FileRef uid="3" />
              <SequencePoints>
                <SequencePoint vc="0" uspid="4479" ordinal="0" offset="0" sl="16" sc="0" el="16" ec="0" bec="0" bev="0" fileid="3" />
              </SequencePoints>
              <BranchPoints />
            </Method>
            <Method visited="false" cyclomaticComplexity="0" nPathComplexity="0" sequenceCoverage="0.0" branchCoverage="0" crapScore="0" isConstructor="false" isStatic="false" isGetter="true" isSetter="false">
              <Summary numSequencePoints="1" visitedSequencePoints="0" numBranchPoints="0" visitedBranchPoints="0" sequenceCoverage="0.0" branchCoverage="0" maxCyclomaticComplexity="0" minCyclomaticComplexity="0" maxCrapScore="0" minCrapScore="0" visitedClasses="0" numClasses="0" visitedMethods="0" numMethods="1" />
              <MetadataToken>100663314</MetadataToken>
              <Name>System.Single AIBERG.Factions.TheOrderOfTheFlesh.Jump::get_AbilityDuration()</Name>
              <FileRef uid="3" />
              <SequencePoints>
                <SequencePoint vc="0" uspid="4480" ordinal="0" offset="0" sl="17" sc="0" el="17" ec="0" bec="0" bev="0" fileid="3" />
              </SequencePoints>
              <BranchPoints />
            </Method>
            <Method visited="false" cyclomaticComplexity="0" nPathComplexity="0" sequenceCoverage="0.0" branchCoverage="0" crapScore="0" isConstructor="false" isStatic="false" isGetter="true" isSetter="false">
              <Summary numSequencePoints="1" visitedSequencePoints="0" numBranchPoints="0" visitedBranchPoints="0" sequenceCoverage="0.0" branchCoverage="0" maxCyclomaticComplexity="0" minCyclomaticComplexity="0" maxCrapScore="0" minCrapScore="0" visitedClasses="0" numClasses="0" visitedMethods="0" numMethods="1" />
              <MetadataToken>100663315</MetadataToken>
              <Name>System.Boolean AIBERG.Factions.TheOrderOfTheFlesh.Jump::get_CanBeUsed()</Name>
              <FileRef uid="3" />
              <SequencePoints>
                <SequencePoint vc="0" uspid="4481" ordinal="0" offset="0" sl="18" sc="0" el="18" ec="0" bec="0" bev="0" fileid="3" />
              </SequencePoints>
              <BranchPoints />
            </Method>
            <Method visited="false" cyclomaticComplexity="0" nPathComplexity="0" sequenceCoverage="0.0" branchCoverage="0" crapScore="0" isConstructor="false" isStatic="false" isGetter="true" isSetter="false">
              <Summary numSequencePoints="1" visitedSequencePoints="0" numBranchPoints="0" visitedBranchPoints="0" sequenceCoverage="0.0" branchCoverage="0" maxCyclomaticComplexity="0" minCyclomaticComplexity="0" maxCrapScore="0" minCrapScore="0" visitedClasses="0" numClasses="0" visitedMethods="0" numMethods="1" />
              <MetadataToken>100663316</MetadataToken>
              <Name>AIBERG.Interfaces.IAbility AIBERG.Factions.TheOrderOfTheFlesh.Jump::get_AbilityLock()</Name>
              <FileRef uid="3" />
              <SequencePoints>
                <SequencePoint vc="0" uspid="4482" ordinal="0" offset="0" sl="20" sc="0" el="20" ec="0" bec="0" bev="0" fileid="3" />
              </SequencePoints>
              <BranchPoints />
            </Method>
            <Method visited="false" cyclomaticComplexity="0" nPathComplexity="0" sequenceCoverage="0.0" branchCoverage="0" crapScore="0" isConstructor="false" isStatic="false" isGetter="false" isSetter="true">
              <Summary numSequencePoints="6" visitedSequencePoints="0" numBranchPoints="0" visitedBranchPoints="0" sequenceCoverage="0.0" branchCoverage="0" maxCyclomaticComplexity="0" minCyclomaticComplexity="0" maxCrapScore="0" minCrapScore="0" visitedClasses="0" numClasses="0" visitedMethods="0" numMethods="1" />
              <MetadataToken>100663317</MetadataToken>
              <Name>System.Void AIBERG.Factions.TheOrderOfTheFlesh.Jump::set_AbilityLock(AIBERG.Interfaces.IAbility)</Name>
              <FileRef uid="3" />
              <SequencePoints>
                <SequencePoint vc="0" uspid="4483" ordinal="0" offset="0" sl="21" sc="0" el="21" ec="0" bec="0" bev="0" fileid="3" />
                <SequencePoint vc="0" uspid="4484" ordinal="0" offset="1" sl="22" sc="0" el="22" ec="0" bec="0" bev="0" fileid="3" />
                <SequencePoint vc="0" uspid="4485" ordinal="0" offset="26" sl="22" sc="0" el="22" ec="0" bec="0" bev="0" fileid="3" />
                <SequencePoint vc="0" uspid="4486" ordinal="0" offset="27" sl="23" sc="0" el="23" ec="0" bec="0" bev="0" fileid="3" />
                <SequencePoint vc="0" uspid="4487" ordinal="0" offset="34" sl="24" sc="0" el="24" ec="0" bec="0" bev="0" fileid="3" />
                <SequencePoint vc="0" uspid="4488" ordinal="0" offset="35" sl="25" sc="0" el="25" ec="0" bec="0" bev="0" fileid="3" />
              </SequencePoints>
              <BranchPoints />
            </Method>
            <Method visited="false" cyclomaticComplexity="0" nPathComplexity="0" sequenceCoverage="0.0" branchCoverage="0" crapScore="0" isConstructor="false" isStatic="false" isGetter="false" isSetter="false">
              <Summary numSequencePoints="4" visitedSequencePoints="0" numBranchPoints="0" visitedBranchPoints="0" sequenceCoverage="0.0" branchCoverage="0" maxCyclomaticComplexity="0" minCyclomaticComplexity="0" maxCrapScore="0" minCrapScore="0" visitedClasses="0" numClasses="0" visitedMethods="0" numMethods="1" />
              <MetadataToken>100663318</MetadataToken>
              <Name>System.Void AIBERG.Factions.TheOrderOfTheFlesh.Jump::Start()</Name>
              <FileRef uid="3" />
              <SequencePoints>
                <SequencePoint vc="0" uspid="4489" ordinal="0" offset="0" sl="30" sc="0" el="30" ec="0" bec="0" bev="0" fileid="3" />
                <SequencePoint vc="0" uspid="4490" ordinal="0" offset="1" sl="31" sc="0" el="31" ec="0" bec="0" bev="0" fileid="3" />
                <SequencePoint vc="0" uspid="4491" ordinal="0" offset="18" sl="32" sc="0" el="32" ec="0" bec="0" bev="0" fileid="3" />
                <SequencePoint vc="0" uspid="4492" ordinal="0" offset="26" sl="33" sc="0" el="33" ec="0" bec="0" bev="0" fileid="3" />
              </SequencePoints>
              <BranchPoints />
            </Method>
            <Method visited="false" cyclomaticComplexity="0" nPathComplexity="0" sequenceCoverage="0.0" branchCoverage="0" crapScore="0" isConstructor="false" isStatic="false" isGetter="false" isSetter="false">
              <Summary numSequencePoints="6" visitedSequencePoints="0" numBranchPoints="0" visitedBranchPoints="0" sequenceCoverage="0.0" branchCoverage="0" maxCyclomaticComplexity="0" minCyclomaticComplexity="0" maxCrapScore="0" minCrapScore="0" visitedClasses="0" numClasses="0" visitedMethods="0" numMethods="1" />
              <MetadataToken>100663319</MetadataToken>
              <Name>System.Void AIBERG.Factions.TheOrderOfTheFlesh.Jump::UseAbility(System.Boolean)</Name>
              <FileRef uid="3" />
              <SequencePoints>
                <SequencePoint vc="0" uspid="4493" ordinal="0" offset="0" sl="35" sc="0" el="35" ec="0" bec="0" bev="0" fileid="3" />
                <SequencePoint vc="0" uspid="4494" ordinal="0" offset="1" sl="36" sc="0" el="36" ec="0" bec="0" bev="0" fileid="3" />
                <SequencePoint vc="0" uspid="4495" ordinal="0" offset="6" sl="36" sc="0" el="36" ec="0" bec="0" bev="0" fileid="3" />
                <SequencePoint vc="0" uspid="4496" ordinal="0" offset="7" sl="37" sc="0" el="37" ec="0" bec="0" bev="0" fileid="3" />
                <SequencePoint vc="0" uspid="4497" ordinal="0" offset="40" sl="38" sc="0" el="38" ec="0" bec="0" bev="0" fileid="3" />
                <SequencePoint vc="0" uspid="4498" ordinal="0" offset="41" sl="39" sc="0" el="39" ec="0" bec="0" bev="0" fileid="3" />
              </SequencePoints>
              <BranchPoints />
            </Method>
            <Method visited="false" cyclomaticComplexity="0" nPathComplexity="0" sequenceCoverage="0.0" branchCoverage="0" crapScore="0" isConstructor="false" isStatic="false" isGetter="false" isSetter="false">
              <Summary numSequencePoints="3" visitedSequencePoints="0" numBranchPoints="0" visitedBranchPoints="0" sequenceCoverage="0.0" branchCoverage="0" maxCyclomaticComplexity="0" minCyclomaticComplexity="0" maxCrapScore="0" minCrapScore="0" visitedClasses="0" numClasses="0" visitedMethods="0" numMethods="1" />
              <MetadataToken>100663320</MetadataToken>
              <Name>System.Void AIBERG.Factions.TheOrderOfTheFlesh.Jump::ResetCooldown()</Name>
              <FileRef uid="3" />
              <SequencePoints>
                <SequencePoint vc="0" uspid="4499" ordinal="0" offset="0" sl="41" sc="0" el="41" ec="0" bec="0" bev="0" fileid="3" />
                <SequencePoint vc="0" uspid="4500" ordinal="0" offset="1" sl="42" sc="0" el="42" ec="0" bec="0" bev="0" fileid="3" />
                <SequencePoint vc="0" uspid="4501" ordinal="0" offset="3" sl="43" sc="0" el="43" ec="0" bec="0" bev="0" fileid="3" />
              </SequencePoints>
              <BranchPoints />
            </Method>
          </Methods>
        </Class>
        <Class>
          <Summary numSequencePoints="50" visitedSequencePoints="0" numBranchPoints="0" visitedBranchPoints="0" sequenceCoverage="0.0" branchCoverage="0.0" maxCyclomaticComplexity="0" minCyclomaticComplexity="0" maxCrapScore="0" minCrapScore="0" visitedClasses="0" numClasses="1" visitedMethods="0" numMethods="13" />
          <FullName>AIBERG.Factions.TheOrderOfTheFlesh.LastResort</FullName>
          <Methods>
            <Method visited="false" cyclomaticComplexity="0" nPathComplexity="0" sequenceCoverage="0.0" branchCoverage="0" crapScore="0" isConstructor="false" isStatic="false" isGetter="true" isSetter="false">
              <Summary numSequencePoints="1" visitedSequencePoints="0" numBranchPoints="0" visitedBranchPoints="0" sequenceCoverage="0.0" branchCoverage="0" maxCyclomaticComplexity="0" minCyclomaticComplexity="0" maxCrapScore="0" minCrapScore="0" visitedClasses="0" numClasses="0" visitedMethods="0" numMethods="1" />
              <MetadataToken>100663322</MetadataToken>
              <Name>System.Single AIBERG.Factions.TheOrderOfTheFlesh.LastResort::get_Cooldown()</Name>
              <FileRef uid="4" />
              <SequencePoints>
                <SequencePoint vc="0" uspid="4502" ordinal="0" offset="0" sl="29" sc="0" el="29" ec="0" bec="0" bev="0" fileid="4" />
              </SequencePoints>
              <BranchPoints />
            </Method>
            <Method visited="false" cyclomaticComplexity="0" nPathComplexity="0" sequenceCoverage="0.0" branchCoverage="0" crapScore="0" isConstructor="false" isStatic="false" isGetter="true" isSetter="false">
              <Summary numSequencePoints="1" visitedSequencePoints="0" numBranchPoints="0" visitedBranchPoints="0" sequenceCoverage="0.0" branchCoverage="0" maxCyclomaticComplexity="0" minCyclomaticComplexity="0" maxCrapScore="0" minCrapScore="0" visitedClasses="0" numClasses="0" visitedMethods="0" numMethods="1" />
              <MetadataToken>100663323</MetadataToken>
              <Name>System.Single AIBERG.Factions.TheOrderOfTheFlesh.LastResort::get_AbilityDuration()</Name>
              <FileRef uid="4" />
              <SequencePoints>
                <SequencePoint vc="0" uspid="4503" ordinal="0" offset="0" sl="30" sc="0" el="30" ec="0" bec="0" bev="0" fileid="4" />
              </SequencePoints>
              <BranchPoints />
            </Method>
            <Method visited="false" cyclomaticComplexity="0" nPathComplexity="0" sequenceCoverage="0.0" branchCoverage="0" crapScore="0" isConstructor="false" isStatic="false" isGetter="true" isSetter="false">
              <Summary numSequencePoints="1" visitedSequencePoints="0" numBranchPoints="0" visitedBranchPoints="0" sequenceCoverage="0.0" branchCoverage="0" maxCyclomaticComplexity="0" minCyclomaticComplexity="0" maxCrapScore="0" minCrapScore="0" visitedClasses="0" numClasses="0" visitedMethods="0" numMethods="1" />
              <MetadataToken>100663324</MetadataToken>
              <Name>System.Single AIBERG.Factions.TheOrderOfTheFlesh.LastResort::get_Damage()</Name>
              <FileRef uid="4" />
              <SequencePoints>
                <SequencePoint vc="0" uspid="4504" ordinal="0" offset="0" sl="31" sc="0" el="31" ec="0" bec="0" bev="0" fileid="4" />
              </SequencePoints>
              <BranchPoints />
            </Method>
            <Method visited="false" cyclomaticComplexity="0" nPathComplexity="0" sequenceCoverage="0.0" branchCoverage="0" crapScore="0" isConstructor="false" isStatic="false" isGetter="true" isSetter="false">
              <Summary numSequencePoints="1" visitedSequencePoints="0" numBranchPoints="0" visitedBranchPoints="0" sequenceCoverage="0.0" branchCoverage="0" maxCyclomaticComplexity="0" minCyclomaticComplexity="0" maxCrapScore="0" minCrapScore="0" visitedClasses="0" numClasses="0" visitedMethods="0" numMethods="1" />
              <MetadataToken>100663325</MetadataToken>
              <Name>System.Boolean AIBERG.Factions.TheOrderOfTheFlesh.LastResort::get_CanBeUsed()</Name>
              <FileRef uid="4" />
              <SequencePoints>
                <SequencePoint vc="0" uspid="4505" ordinal="0" offset="0" sl="32" sc="0" el="32" ec="0" bec="0" bev="0" fileid="4" />
              </SequencePoints>
              <BranchPoints />
            </Method>
            <Method visited="false" cyclomaticComplexity="0" nPathComplexity="0" sequenceCoverage="0.0" branchCoverage="0" crapScore="0" isConstructor="false" isStatic="false" isGetter="true" isSetter="false">
              <Summary numSequencePoints="1" visitedSequencePoints="0" numBranchPoints="0" visitedBranchPoints="0" sequenceCoverage="0.0" branchCoverage="0" maxCyclomaticComplexity="0" minCyclomaticComplexity="0" maxCrapScore="0" minCrapScore="0" visitedClasses="0" numClasses="0" visitedMethods="0" numMethods="1" />
              <MetadataToken>100663326</MetadataToken>
              <Name>AIBERG.Interfaces.IAbility AIBERG.Factions.TheOrderOfTheFlesh.LastResort::get_AbilityLock()</Name>
              <FileRef uid="4" />
              <SequencePoints>
                <SequencePoint vc="0" uspid="4506" ordinal="0" offset="0" sl="35" sc="0" el="35" ec="0" bec="0" bev="0" fileid="4" />
              </SequencePoints>
              <BranchPoints />
            </Method>
            <Method visited="false" cyclomaticComplexity="0" nPathComplexity="0" sequenceCoverage="0.0" branchCoverage="0" crapScore="0" isConstructor="false" isStatic="false" isGetter="false" isSetter="true">
              <Summary numSequencePoints="6" visitedSequencePoints="0" numBranchPoints="0" visitedBranchPoints="0" sequenceCoverage="0.0" branchCoverage="0" maxCyclomaticComplexity="0" minCyclomaticComplexity="0" maxCrapScore="0" minCrapScore="0" visitedClasses="0" numClasses="0" visitedMethods="0" numMethods="1" />
              <MetadataToken>100663327</MetadataToken>
              <Name>System.Void AIBERG.Factions.TheOrderOfTheFlesh.LastResort::set_AbilityLock(AIBERG.Interfaces.IAbility)</Name>
              <FileRef uid="4" />
              <SequencePoints>
                <SequencePoint vc="0" uspid="4507" ordinal="0" offset="0" sl="36" sc="0" el="36" ec="0" bec="0" bev="0" fileid="4" />
                <SequencePoint vc="0" uspid="4508" ordinal="0" offset="1" sl="37" sc="0" el="37" ec="0" bec="0" bev="0" fileid="4" />
                <SequencePoint vc="0" uspid="4509" ordinal="0" offset="26" sl="37" sc="0" el="37" ec="0" bec="0" bev="0" fileid="4" />
                <SequencePoint vc="0" uspid="4510" ordinal="0" offset="27" sl="38" sc="0" el="38" ec="0" bec="0" bev="0" fileid="4" />
                <SequencePoint vc="0" uspid="4511" ordinal="0" offset="34" sl="39" sc="0" el="39" ec="0" bec="0" bev="0" fileid="4" />
                <SequencePoint vc="0" uspid="4512" ordinal="0" offset="35" sl="40" sc="0" el="40" ec="0" bec="0" bev="0" fileid="4" />
              </SequencePoints>
              <BranchPoints />
            </Method>
            <Method visited="false" cyclomaticComplexity="0" nPathComplexity="0" sequenceCoverage="0.0" branchCoverage="0" crapScore="0" isConstructor="false" isStatic="false" isGetter="true" isSetter="false">
              <Summary numSequencePoints="1" visitedSequencePoints="0" numBranchPoints="0" visitedBranchPoints="0" sequenceCoverage="0.0" branchCoverage="0" maxCyclomaticComplexity="0" minCyclomaticComplexity="0" maxCrapScore="0" minCrapScore="0" visitedClasses="0" numClasses="0" visitedMethods="0" numMethods="1" />
              <MetadataToken>100663328</MetadataToken>
              <Name>UnityEngine.GameObject AIBERG.Factions.TheOrderOfTheFlesh.LastResort::get_AbilityOwner()</Name>
              <FileRef uid="4" />
              <SequencePoints>
                <SequencePoint vc="0" uspid="4513" ordinal="0" offset="0" sl="42" sc="0" el="42" ec="0" bec="0" bev="0" fileid="4" />
              </SequencePoints>
              <BranchPoints />
            </Method>
            <Method visited="false" cyclomaticComplexity="0" nPathComplexity="0" sequenceCoverage="0.0" branchCoverage="0" crapScore="0" isConstructor="false" isStatic="false" isGetter="false" isSetter="false">
              <Summary numSequencePoints="9" visitedSequencePoints="0" numBranchPoints="0" visitedBranchPoints="0" sequenceCoverage="0.0" branchCoverage="0" maxCyclomaticComplexity="0" minCyclomaticComplexity="0" maxCrapScore="0" minCrapScore="0" visitedClasses="0" numClasses="0" visitedMethods="0" numMethods="1" />
              <MetadataToken>100663329</MetadataToken>
              <Name>System.Void AIBERG.Factions.TheOrderOfTheFlesh.LastResort::Start()</Name>
              <FileRef uid="4" />
              <SequencePoints>
                <SequencePoint vc="0" uspid="4514" ordinal="0" offset="0" sl="45" sc="0" el="45" ec="0" bec="0" bev="0" fileid="4" />
                <SequencePoint vc="0" uspid="4515" ordinal="0" offset="1" sl="46" sc="0" el="46" ec="0" bec="0" bev="0" fileid="4" />
                <SequencePoint vc="0" uspid="4516" ordinal="0" offset="18" sl="47" sc="0" el="47" ec="0" bec="0" bev="0" fileid="4" />
                <SequencePoint vc="0" uspid="4517" ordinal="0" offset="25" sl="48" sc="0" el="48" ec="0" bec="0" bev="0" fileid="4" />
                <SequencePoint vc="0" uspid="4518" ordinal="0" offset="36" sl="49" sc="0" el="49" ec="0" bec="0" bev="0" fileid="4" />
                <SequencePoint vc="0" uspid="4519" ordinal="0" offset="58" sl="50" sc="0" el="50" ec="0" bec="0" bev="0" fileid="4" />
                <SequencePoint vc="0" uspid="4520" ordinal="0" offset="80" sl="51" sc="0" el="51" ec="0" bec="0" bev="0" fileid="4" />
                <SequencePoint vc="0" uspid="4521" ordinal="0" offset="102" sl="52" sc="0" el="52" ec="0" bec="0" bev="0" fileid="4" />
                <SequencePoint vc="0" uspid="4522" ordinal="0" offset="110" sl="53" sc="0" el="53" ec="0" bec="0" bev="0" fileid="4" />
              </SequencePoints>
              <BranchPoints />
            </Method>
            <Method visited="false" cyclomaticComplexity="0" nPathComplexity="0" sequenceCoverage="0.0" branchCoverage="0" crapScore="0" isConstructor="false" isStatic="false" isGetter="false" isSetter="false">
              <Summary numSequencePoints="4" visitedSequencePoints="0" numBranchPoints="0" visitedBranchPoints="0" sequenceCoverage="0.0" branchCoverage="0" maxCyclomaticComplexity="0" minCyclomaticComplexity="0" maxCrapScore="0" minCrapScore="0" visitedClasses="0" numClasses="0" visitedMethods="0" numMethods="1" />
              <MetadataToken>100663330</MetadataToken>
              <Name>System.Void AIBERG.Factions.TheOrderOfTheFlesh.LastResort::FixedUpdate()</Name>
              <FileRef uid="4" />
              <SequencePoints>
                <SequencePoint vc="0" uspid="4523" ordinal="0" offset="0" sl="55" sc="0" el="55" ec="0" bec="0" bev="0" fileid="4" />
                <SequencePoint vc="0" uspid="4524" ordinal="0" offset="1" sl="56" sc="0" el="56" ec="0" bec="0" bev="0" fileid="4" />
                <SequencePoint vc="0" uspid="4525" ordinal="0" offset="30" sl="57" sc="0" el="57" ec="0" bec="0" bev="0" fileid="4" />
                <SequencePoint vc="0" uspid="4526" ordinal="0" offset="64" sl="58" sc="0" el="58" ec="0" bec="0" bev="0" fileid="4" />
              </SequencePoints>
              <BranchPoints />
            </Method>
            <Method visited="false" cyclomaticComplexity="0" nPathComplexity="0" sequenceCoverage="0.0" branchCoverage="0" crapScore="0" isConstructor="false" isStatic="false" isGetter="false" isSetter="false">
              <Summary numSequencePoints="6" visitedSequencePoints="0" numBranchPoints="0" visitedBranchPoints="0" sequenceCoverage="0.0" branchCoverage="0" maxCyclomaticComplexity="0" minCyclomaticComplexity="0" maxCrapScore="0" minCrapScore="0" visitedClasses="0" numClasses="0" visitedMethods="0" numMethods="1" />
              <MetadataToken>100663331</MetadataToken>
              <Name>System.Void AIBERG.Factions.TheOrderOfTheFlesh.LastResort::UseAbility(System.Boolean)</Name>
              <FileRef uid="4" />
              <SequencePoints>
                <SequencePoint vc="0" uspid="4527" ordinal="0" offset="0" sl="59" sc="0" el="59" ec="0" bec="0" bev="0" fileid="4" />
                <SequencePoint vc="0" uspid="4528" ordinal="0" offset="1" sl="60" sc="0" el="60" ec="0" bec="0" bev="0" fileid="4" />
                <SequencePoint vc="0" uspid="4529" ordinal="0" offset="13" sl="60" sc="0" el="60" ec="0" bec="0" bev="0" fileid="4" />
                <SequencePoint vc="0" uspid="4530" ordinal="0" offset="14" sl="61" sc="0" el="61" ec="0" bec="0" bev="0" fileid="4" />
                <SequencePoint vc="0" uspid="4531" ordinal="0" offset="33" sl="62" sc="0" el="62" ec="0" bec="0" bev="0" fileid="4" />
                <SequencePoint vc="0" uspid="4532" ordinal="0" offset="34" sl="63" sc="0" el="63" ec="0" bec="0" bev="0" fileid="4" />
              </SequencePoints>
              <BranchPoints />
            </Method>
            <Method visited="false" cyclomaticComplexity="0" nPathComplexity="0" sequenceCoverage="0.0" branchCoverage="0" crapScore="0" isConstructor="false" isStatic="false" isGetter="false" isSetter="false">
              <Summary numSequencePoints="9" visitedSequencePoints="0" numBranchPoints="0" visitedBranchPoints="0" sequenceCoverage="0.0" branchCoverage="0" maxCyclomaticComplexity="0" minCyclomaticComplexity="0" maxCrapScore="0" minCrapScore="0" visitedClasses="0" numClasses="0" visitedMethods="0" numMethods="1" />
              <MetadataToken>100663333</MetadataToken>
              <Name>System.Void AIBERG.Factions.TheOrderOfTheFlesh.LastResort::ShootBullet()</Name>
              <FileRef uid="4" />
              <SequencePoints>
                <SequencePoint vc="0" uspid="4533" ordinal="0" offset="0" sl="75" sc="0" el="75" ec="0" bec="0" bev="0" fileid="4" />
                <SequencePoint vc="0" uspid="4534" ordinal="0" offset="1" sl="76" sc="0" el="76" ec="0" bec="0" bev="0" fileid="4" />
                <SequencePoint vc="0" uspid="4535" ordinal="0" offset="34" sl="77" sc="0" el="77" ec="0" bec="0" bev="0" fileid="4" />
                <SequencePoint vc="0" uspid="4536" ordinal="0" offset="57" sl="78" sc="0" el="78" ec="0" bec="0" bev="0" fileid="4" />
                <SequencePoint vc="0" uspid="4537" ordinal="0" offset="68" sl="78" sc="0" el="78" ec="0" bec="0" bev="0" fileid="4" />
                <SequencePoint vc="0" uspid="4538" ordinal="0" offset="69" sl="79" sc="0" el="79" ec="0" bec="0" bev="0" fileid="4" />
                <SequencePoint vc="0" uspid="4539" ordinal="0" offset="144" sl="80" sc="0" el="80" ec="0" bec="0" bev="0" fileid="4" />
                <SequencePoint vc="0" uspid="4540" ordinal="0" offset="176" sl="81" sc="0" el="81" ec="0" bec="0" bev="0" fileid="4" />
                <SequencePoint vc="0" uspid="4541" ordinal="0" offset="177" sl="82" sc="0" el="82" ec="0" bec="0" bev="0" fileid="4" />
              </SequencePoints>
              <BranchPoints />
            </Method>
            <Method visited="false" cyclomaticComplexity="0" nPathComplexity="0" sequenceCoverage="0.0" branchCoverage="0" crapScore="0" isConstructor="false" isStatic="false" isGetter="false" isSetter="false">
              <Summary numSequencePoints="3" visitedSequencePoints="0" numBranchPoints="0" visitedBranchPoints="0" sequenceCoverage="0.0" branchCoverage="0" maxCyclomaticComplexity="0" minCyclomaticComplexity="0" maxCrapScore="0" minCrapScore="0" visitedClasses="0" numClasses="0" visitedMethods="0" numMethods="1" />
              <MetadataToken>100663334</MetadataToken>
              <Name>System.Void AIBERG.Factions.TheOrderOfTheFlesh.LastResort::ResetCooldown()</Name>
              <FileRef uid="4" />
              <SequencePoints>
                <SequencePoint vc="0" uspid="4542" ordinal="0" offset="0" sl="84" sc="0" el="84" ec="0" bec="0" bev="0" fileid="4" />
                <SequencePoint vc="0" uspid="4543" ordinal="0" offset="1" sl="85" sc="0" el="85" ec="0" bec="0" bev="0" fileid="4" />
                <SequencePoint vc="0" uspid="4544" ordinal="0" offset="13" sl="86" sc="0" el="86" ec="0" bec="0" bev="0" fileid="4" />
              </SequencePoints>
              <BranchPoints />
            </Method>
            <Method visited="false" cyclomaticComplexity="0" nPathComplexity="0" sequenceCoverage="0.0" branchCoverage="0" crapScore="0" isConstructor="true" isStatic="false" isGetter="false" isSetter="false">
              <Summary numSequencePoints="7" visitedSequencePoints="0" numBranchPoints="0" visitedBranchPoints="0" sequenceCoverage="0.0" branchCoverage="0" maxCyclomaticComplexity="0" minCyclomaticComplexity="0" maxCrapScore="0" minCrapScore="0" visitedClasses="0" numClasses="0" visitedMethods="0" numMethods="1" />
              <MetadataToken>100663335</MetadataToken>
              <Name>AIBERG.Factions.TheOrderOfTheFlesh.LastResort::LastResort()</Name>
              <FileRef uid="4" />
              <SequencePoints>
                <SequencePoint vc="0" uspid="4545" ordinal="0" offset="0" sl="13" sc="22" el="13" ec="22" bec="0" bev="0" fileid="4" />
                <SequencePoint vc="0" uspid="4546" ordinal="0" offset="11" sl="14" sc="22" el="14" ec="22" bec="0" bev="0" fileid="4" />
                <SequencePoint vc="0" uspid="4547" ordinal="0" offset="22" sl="15" sc="22" el="15" ec="22" bec="0" bev="0" fileid="4" />
                <SequencePoint vc="0" uspid="4548" ordinal="0" offset="33" sl="16" sc="22" el="16" ec="22" bec="0" bev="0" fileid="4" />
                <SequencePoint vc="0" uspid="4549" ordinal="0" offset="44" sl="24" sc="22" el="24" ec="22" bec="0" bev="0" fileid="4" />
                <SequencePoint vc="0" uspid="4550" ordinal="0" offset="55" sl="25" sc="22" el="25" ec="22" bec="0" bev="0" fileid="4" />
                <SequencePoint vc="0" uspid="4551" ordinal="0" offset="66" sl="26" sc="22" el="26" ec="22" bec="0" bev="0" fileid="4" />
              </SequencePoints>
              <BranchPoints />
            </Method>
          </Methods>
        </Class>
        <Class>
          <Summary numSequencePoints="49" visitedSequencePoints="0" numBranchPoints="0" visitedBranchPoints="0" sequenceCoverage="0.0" branchCoverage="0.0" maxCyclomaticComplexity="0" minCyclomaticComplexity="0" maxCrapScore="0" minCrapScore="0" visitedClasses="0" numClasses="1" visitedMethods="0" numMethods="13" />
          <FullName>AIBERG.Factions.TheOrderOfTheFlesh.MachineGun</FullName>
          <Methods>
            <Method visited="false" cyclomaticComplexity="0" nPathComplexity="0" sequenceCoverage="0.0" branchCoverage="0" crapScore="0" isConstructor="false" isStatic="false" isGetter="true" isSetter="false">
              <Summary numSequencePoints="1" visitedSequencePoints="0" numBranchPoints="0" visitedBranchPoints="0" sequenceCoverage="0.0" branchCoverage="0" maxCyclomaticComplexity="0" minCyclomaticComplexity="0" maxCrapScore="0" minCrapScore="0" visitedClasses="0" numClasses="0" visitedMethods="0" numMethods="1" />
              <MetadataToken>100663336</MetadataToken>
              <Name>System.Single AIBERG.Factions.TheOrderOfTheFlesh.MachineGun::get_Cooldown()</Name>
              <FileRef uid="5" />
              <SequencePoints>
                <SequencePoint vc="0" uspid="4552" ordinal="0" offset="0" sl="28" sc="0" el="28" ec="0" bec="0" bev="0" fileid="5" />
              </SequencePoints>
              <BranchPoints />
            </Method>
            <Method visited="false" cyclomaticComplexity="0" nPathComplexity="0" sequenceCoverage="0.0" branchCoverage="0" crapScore="0" isConstructor="false" isStatic="false" isGetter="true" isSetter="false">
              <Summary numSequencePoints="1" visitedSequencePoints="0" numBranchPoints="0" visitedBranchPoints="0" sequenceCoverage="0.0" branchCoverage="0" maxCyclomaticComplexity="0" minCyclomaticComplexity="0" maxCrapScore="0" minCrapScore="0" visitedClasses="0" numClasses="0" visitedMethods="0" numMethods="1" />
              <MetadataToken>100663337</MetadataToken>
              <Name>System.Single AIBERG.Factions.TheOrderOfTheFlesh.MachineGun::get_Damage()</Name>
              <FileRef uid="5" />
              <SequencePoints>
                <SequencePoint vc="0" uspid="4553" ordinal="0" offset="0" sl="29" sc="0" el="29" ec="0" bec="0" bev="0" fileid="5" />
              </SequencePoints>
              <BranchPoints />
            </Method>
            <Method visited="false" cyclomaticComplexity="0" nPathComplexity="0" sequenceCoverage="0.0" branchCoverage="0" crapScore="0" isConstructor="false" isStatic="false" isGetter="true" isSetter="false">
              <Summary numSequencePoints="1" visitedSequencePoints="0" numBranchPoints="0" visitedBranchPoints="0" sequenceCoverage="0.0" branchCoverage="0" maxCyclomaticComplexity="0" minCyclomaticComplexity="0" maxCrapScore="0" minCrapScore="0" visitedClasses="0" numClasses="0" visitedMethods="0" numMethods="1" />
              <MetadataToken>100663338</MetadataToken>
              <Name>System.Single AIBERG.Factions.TheOrderOfTheFlesh.MachineGun::get_AbilityDuration()</Name>
              <FileRef uid="5" />
              <SequencePoints>
                <SequencePoint vc="0" uspid="4554" ordinal="0" offset="0" sl="30" sc="0" el="30" ec="0" bec="0" bev="0" fileid="5" />
              </SequencePoints>
              <BranchPoints />
            </Method>
            <Method visited="false" cyclomaticComplexity="0" nPathComplexity="0" sequenceCoverage="0.0" branchCoverage="0" crapScore="0" isConstructor="false" isStatic="false" isGetter="true" isSetter="false">
              <Summary numSequencePoints="1" visitedSequencePoints="0" numBranchPoints="0" visitedBranchPoints="0" sequenceCoverage="0.0" branchCoverage="0" maxCyclomaticComplexity="0" minCyclomaticComplexity="0" maxCrapScore="0" minCrapScore="0" visitedClasses="0" numClasses="0" visitedMethods="0" numMethods="1" />
              <MetadataToken>100663339</MetadataToken>
              <Name>System.Boolean AIBERG.Factions.TheOrderOfTheFlesh.MachineGun::get_CanBeUsed()</Name>
              <FileRef uid="5" />
              <SequencePoints>
                <SequencePoint vc="0" uspid="4555" ordinal="0" offset="0" sl="31" sc="0" el="31" ec="0" bec="0" bev="0" fileid="5" />
              </SequencePoints>
              <BranchPoints />
            </Method>
            <Method visited="false" cyclomaticComplexity="0" nPathComplexity="0" sequenceCoverage="0.0" branchCoverage="0" crapScore="0" isConstructor="false" isStatic="false" isGetter="true" isSetter="false">
              <Summary numSequencePoints="1" visitedSequencePoints="0" numBranchPoints="0" visitedBranchPoints="0" sequenceCoverage="0.0" branchCoverage="0" maxCyclomaticComplexity="0" minCyclomaticComplexity="0" maxCrapScore="0" minCrapScore="0" visitedClasses="0" numClasses="0" visitedMethods="0" numMethods="1" />
              <MetadataToken>100663340</MetadataToken>
              <Name>AIBERG.Interfaces.IAbility AIBERG.Factions.TheOrderOfTheFlesh.MachineGun::get_AbilityLock()</Name>
              <FileRef uid="5" />
              <SequencePoints>
                <SequencePoint vc="0" uspid="4556" ordinal="0" offset="0" sl="33" sc="0" el="33" ec="0" bec="0" bev="0" fileid="5" />
              </SequencePoints>
              <BranchPoints />
            </Method>
            <Method visited="false" cyclomaticComplexity="0" nPathComplexity="0" sequenceCoverage="0.0" branchCoverage="0" crapScore="0" isConstructor="false" isStatic="false" isGetter="false" isSetter="true">
              <Summary numSequencePoints="6" visitedSequencePoints="0" numBranchPoints="0" visitedBranchPoints="0" sequenceCoverage="0.0" branchCoverage="0" maxCyclomaticComplexity="0" minCyclomaticComplexity="0" maxCrapScore="0" minCrapScore="0" visitedClasses="0" numClasses="0" visitedMethods="0" numMethods="1" />
              <MetadataToken>100663341</MetadataToken>
              <Name>System.Void AIBERG.Factions.TheOrderOfTheFlesh.MachineGun::set_AbilityLock(AIBERG.Interfaces.IAbility)</Name>
              <FileRef uid="5" />
              <SequencePoints>
                <SequencePoint vc="0" uspid="4557" ordinal="0" offset="0" sl="34" sc="0" el="34" ec="0" bec="0" bev="0" fileid="5" />
                <SequencePoint vc="0" uspid="4558" ordinal="0" offset="1" sl="35" sc="0" el="35" ec="0" bec="0" bev="0" fileid="5" />
                <SequencePoint vc="0" uspid="4559" ordinal="0" offset="26" sl="35" sc="0" el="35" ec="0" bec="0" bev="0" fileid="5" />
                <SequencePoint vc="0" uspid="4560" ordinal="0" offset="27" sl="36" sc="0" el="36" ec="0" bec="0" bev="0" fileid="5" />
                <SequencePoint vc="0" uspid="4561" ordinal="0" offset="34" sl="37" sc="0" el="37" ec="0" bec="0" bev="0" fileid="5" />
                <SequencePoint vc="0" uspid="4562" ordinal="0" offset="35" sl="38" sc="0" el="38" ec="0" bec="0" bev="0" fileid="5" />
              </SequencePoints>
              <BranchPoints />
            </Method>
            <Method visited="false" cyclomaticComplexity="0" nPathComplexity="0" sequenceCoverage="0.0" branchCoverage="0" crapScore="0" isConstructor="false" isStatic="false" isGetter="true" isSetter="false">
              <Summary numSequencePoints="1" visitedSequencePoints="0" numBranchPoints="0" visitedBranchPoints="0" sequenceCoverage="0.0" branchCoverage="0" maxCyclomaticComplexity="0" minCyclomaticComplexity="0" maxCrapScore="0" minCrapScore="0" visitedClasses="0" numClasses="0" visitedMethods="0" numMethods="1" />
              <MetadataToken>100663342</MetadataToken>
              <Name>UnityEngine.GameObject AIBERG.Factions.TheOrderOfTheFlesh.MachineGun::get_AbilityOwner()</Name>
              <FileRef uid="5" />
              <SequencePoints>
                <SequencePoint vc="0" uspid="4563" ordinal="0" offset="0" sl="40" sc="0" el="40" ec="0" bec="0" bev="0" fileid="5" />
              </SequencePoints>
              <BranchPoints />
            </Method>
            <Method visited="false" cyclomaticComplexity="0" nPathComplexity="0" sequenceCoverage="0.0" branchCoverage="0" crapScore="0" isConstructor="false" isStatic="false" isGetter="false" isSetter="false">
              <Summary numSequencePoints="8" visitedSequencePoints="0" numBranchPoints="0" visitedBranchPoints="0" sequenceCoverage="0.0" branchCoverage="0" maxCyclomaticComplexity="0" minCyclomaticComplexity="0" maxCrapScore="0" minCrapScore="0" visitedClasses="0" numClasses="0" visitedMethods="0" numMethods="1" />
              <MetadataToken>100663343</MetadataToken>
              <Name>System.Void AIBERG.Factions.TheOrderOfTheFlesh.MachineGun::Start()</Name>
              <FileRef uid="5" />
              <SequencePoints>
                <SequencePoint vc="0" uspid="4564" ordinal="0" offset="0" sl="44" sc="0" el="44" ec="0" bec="0" bev="0" fileid="5" />
                <SequencePoint vc="0" uspid="4565" ordinal="0" offset="1" sl="45" sc="0" el="45" ec="0" bec="0" bev="0" fileid="5" />
                <SequencePoint vc="0" uspid="4566" ordinal="0" offset="18" sl="46" sc="0" el="46" ec="0" bec="0" bev="0" fileid="5" />
                <SequencePoint vc="0" uspid="4567" ordinal="0" offset="25" sl="47" sc="0" el="47" ec="0" bec="0" bev="0" fileid="5" />
                <SequencePoint vc="0" uspid="4568" ordinal="0" offset="47" sl="48" sc="0" el="48" ec="0" bec="0" bev="0" fileid="5" />
                <SequencePoint vc="0" uspid="4569" ordinal="0" offset="69" sl="49" sc="0" el="49" ec="0" bec="0" bev="0" fileid="5" />
                <SequencePoint vc="0" uspid="4570" ordinal="0" offset="91" sl="50" sc="0" el="50" ec="0" bec="0" bev="0" fileid="5" />
                <SequencePoint vc="0" uspid="4571" ordinal="0" offset="99" sl="51" sc="0" el="51" ec="0" bec="0" bev="0" fileid="5" />
              </SequencePoints>
              <BranchPoints />
            </Method>
            <Method visited="false" cyclomaticComplexity="0" nPathComplexity="0" sequenceCoverage="0.0" branchCoverage="0" crapScore="0" isConstructor="false" isStatic="false" isGetter="false" isSetter="false">
              <Summary numSequencePoints="4" visitedSequencePoints="0" numBranchPoints="0" visitedBranchPoints="0" sequenceCoverage="0.0" branchCoverage="0" maxCyclomaticComplexity="0" minCyclomaticComplexity="0" maxCrapScore="0" minCrapScore="0" visitedClasses="0" numClasses="0" visitedMethods="0" numMethods="1" />
              <MetadataToken>100663344</MetadataToken>
              <Name>System.Void AIBERG.Factions.TheOrderOfTheFlesh.MachineGun::FixedUpdate()</Name>
              <FileRef uid="5" />
              <SequencePoints>
                <SequencePoint vc="0" uspid="4572" ordinal="0" offset="0" sl="53" sc="0" el="53" ec="0" bec="0" bev="0" fileid="5" />
                <SequencePoint vc="0" uspid="4573" ordinal="0" offset="1" sl="54" sc="0" el="54" ec="0" bec="0" bev="0" fileid="5" />
                <SequencePoint vc="0" uspid="4574" ordinal="0" offset="30" sl="55" sc="0" el="55" ec="0" bec="0" bev="0" fileid="5" />
                <SequencePoint vc="0" uspid="4575" ordinal="0" offset="64" sl="56" sc="0" el="56" ec="0" bec="0" bev="0" fileid="5" />
              </SequencePoints>
              <BranchPoints />
            </Method>
            <Method visited="false" cyclomaticComplexity="0" nPathComplexity="0" sequenceCoverage="0.0" branchCoverage="0" crapScore="0" isConstructor="false" isStatic="false" isGetter="false" isSetter="false">
              <Summary numSequencePoints="6" visitedSequencePoints="0" numBranchPoints="0" visitedBranchPoints="0" sequenceCoverage="0.0" branchCoverage="0" maxCyclomaticComplexity="0" minCyclomaticComplexity="0" maxCrapScore="0" minCrapScore="0" visitedClasses="0" numClasses="0" visitedMethods="0" numMethods="1" />
              <MetadataToken>100663345</MetadataToken>
              <Name>System.Void AIBERG.Factions.TheOrderOfTheFlesh.MachineGun::UseAbility(System.Boolean)</Name>
              <FileRef uid="5" />
              <SequencePoints>
                <SequencePoint vc="0" uspid="4576" ordinal="0" offset="0" sl="58" sc="0" el="58" ec="0" bec="0" bev="0" fileid="5" />
                <SequencePoint vc="0" uspid="4577" ordinal="0" offset="1" sl="59" sc="0" el="59" ec="0" bec="0" bev="0" fileid="5" />
                <SequencePoint vc="0" uspid="4578" ordinal="0" offset="13" sl="59" sc="0" el="59" ec="0" bec="0" bev="0" fileid="5" />
                <SequencePoint vc="0" uspid="4579" ordinal="0" offset="14" sl="60" sc="0" el="60" ec="0" bec="0" bev="0" fileid="5" />
                <SequencePoint vc="0" uspid="4580" ordinal="0" offset="33" sl="61" sc="0" el="61" ec="0" bec="0" bev="0" fileid="5" />
                <SequencePoint vc="0" uspid="4581" ordinal="0" offset="34" sl="62" sc="0" el="62" ec="0" bec="0" bev="0" fileid="5" />
              </SequencePoints>
              <BranchPoints />
            </Method>
            <Method visited="false" cyclomaticComplexity="0" nPathComplexity="0" sequenceCoverage="0.0" branchCoverage="0" crapScore="0" isConstructor="false" isStatic="false" isGetter="false" isSetter="false">
              <Summary numSequencePoints="9" visitedSequencePoints="0" numBranchPoints="0" visitedBranchPoints="0" sequenceCoverage="0.0" branchCoverage="0" maxCyclomaticComplexity="0" minCyclomaticComplexity="0" maxCrapScore="0" minCrapScore="0" visitedClasses="0" numClasses="0" visitedMethods="0" numMethods="1" />
              <MetadataToken>100663347</MetadataToken>
              <Name>System.Void AIBERG.Factions.TheOrderOfTheFlesh.MachineGun::ShootBullet()</Name>
              <FileRef uid="5" />
              <SequencePoints>
                <SequencePoint vc="0" uspid="4582" ordinal="0" offset="0" sl="74" sc="0" el="74" ec="0" bec="0" bev="0" fileid="5" />
                <SequencePoint vc="0" uspid="4583" ordinal="0" offset="1" sl="75" sc="0" el="75" ec="0" bec="0" bev="0" fileid="5" />
                <SequencePoint vc="0" uspid="4584" ordinal="0" offset="34" sl="76" sc="0" el="76" ec="0" bec="0" bev="0" fileid="5" />
                <SequencePoint vc="0" uspid="4585" ordinal="0" offset="57" sl="77" sc="0" el="77" ec="0" bec="0" bev="0" fileid="5" />
                <SequencePoint vc="0" uspid="4586" ordinal="0" offset="68" sl="77" sc="0" el="77" ec="0" bec="0" bev="0" fileid="5" />
                <SequencePoint vc="0" uspid="4587" ordinal="0" offset="69" sl="78" sc="0" el="78" ec="0" bec="0" bev="0" fileid="5" />
                <SequencePoint vc="0" uspid="4588" ordinal="0" offset="97" sl="79" sc="0" el="79" ec="0" bec="0" bev="0" fileid="5" />
                <SequencePoint vc="0" uspid="4589" ordinal="0" offset="129" sl="80" sc="0" el="80" ec="0" bec="0" bev="0" fileid="5" />
                <SequencePoint vc="0" uspid="4590" ordinal="0" offset="130" sl="81" sc="0" el="81" ec="0" bec="0" bev="0" fileid="5" />
              </SequencePoints>
              <BranchPoints />
            </Method>
            <Method visited="false" cyclomaticComplexity="0" nPathComplexity="0" sequenceCoverage="0.0" branchCoverage="0" crapScore="0" isConstructor="false" isStatic="false" isGetter="false" isSetter="false">
              <Summary numSequencePoints="3" visitedSequencePoints="0" numBranchPoints="0" visitedBranchPoints="0" sequenceCoverage="0.0" branchCoverage="0" maxCyclomaticComplexity="0" minCyclomaticComplexity="0" maxCrapScore="0" minCrapScore="0" visitedClasses="0" numClasses="0" visitedMethods="0" numMethods="1" />
              <MetadataToken>100663348</MetadataToken>
              <Name>System.Void AIBERG.Factions.TheOrderOfTheFlesh.MachineGun::ResetCooldown()</Name>
              <FileRef uid="5" />
              <SequencePoints>
                <SequencePoint vc="0" uspid="4591" ordinal="0" offset="0" sl="82" sc="0" el="82" ec="0" bec="0" bev="0" fileid="5" />
                <SequencePoint vc="0" uspid="4592" ordinal="0" offset="1" sl="83" sc="0" el="83" ec="0" bec="0" bev="0" fileid="5" />
                <SequencePoint vc="0" uspid="4593" ordinal="0" offset="13" sl="84" sc="0" el="84" ec="0" bec="0" bev="0" fileid="5" />
              </SequencePoints>
              <BranchPoints />
            </Method>
            <Method visited="false" cyclomaticComplexity="0" nPathComplexity="0" sequenceCoverage="0.0" branchCoverage="0" crapScore="0" isConstructor="true" isStatic="false" isGetter="false" isSetter="false">
              <Summary numSequencePoints="7" visitedSequencePoints="0" numBranchPoints="0" visitedBranchPoints="0" sequenceCoverage="0.0" branchCoverage="0" maxCyclomaticComplexity="0" minCyclomaticComplexity="0" maxCrapScore="0" minCrapScore="0" visitedClasses="0" numClasses="0" visitedMethods="0" numMethods="1" />
              <MetadataToken>100663349</MetadataToken>
              <Name>AIBERG.Factions.TheOrderOfTheFlesh.MachineGun::MachineGun()</Name>
              <FileRef uid="5" />
              <SequencePoints>
                <SequencePoint vc="0" uspid="4594" ordinal="0" offset="0" sl="12" sc="22" el="12" ec="22" bec="0" bev="0" fileid="5" />
                <SequencePoint vc="0" uspid="4595" ordinal="0" offset="11" sl="13" sc="22" el="13" ec="22" bec="0" bev="0" fileid="5" />
                <SequencePoint vc="0" uspid="4596" ordinal="0" offset="22" sl="14" sc="22" el="14" ec="22" bec="0" bev="0" fileid="5" />
                <SequencePoint vc="0" uspid="4597" ordinal="0" offset="33" sl="15" sc="22" el="15" ec="22" bec="0" bev="0" fileid="5" />
                <SequencePoint vc="0" uspid="4598" ordinal="0" offset="44" sl="23" sc="22" el="23" ec="22" bec="0" bev="0" fileid="5" />
                <SequencePoint vc="0" uspid="4599" ordinal="0" offset="55" sl="24" sc="22" el="24" ec="22" bec="0" bev="0" fileid="5" />
                <SequencePoint vc="0" uspid="4600" ordinal="0" offset="66" sl="25" sc="22" el="25" ec="22" bec="0" bev="0" fileid="5" />
              </SequencePoints>
              <BranchPoints />
            </Method>
          </Methods>
        </Class>
        <Class>
          <Summary numSequencePoints="10" visitedSequencePoints="0" numBranchPoints="0" visitedBranchPoints="0" sequenceCoverage="0.0" branchCoverage="0.0" maxCyclomaticComplexity="0" minCyclomaticComplexity="0" maxCrapScore="0" minCrapScore="0" visitedClasses="0" numClasses="1" visitedMethods="0" numMethods="1" />
          <FullName>AIBERG.Factions.TheOrderOfTheFlesh.LastResort/&lt;LastResortCoroutine&gt;d__27</FullName>
          <Methods>
            <Method visited="false" cyclomaticComplexity="0" nPathComplexity="0" sequenceCoverage="0.0" branchCoverage="0" crapScore="0" isConstructor="false" isStatic="false" isGetter="false" isSetter="false">
              <Summary numSequencePoints="10" visitedSequencePoints="0" numBranchPoints="0" visitedBranchPoints="0" sequenceCoverage="0.0" branchCoverage="0" maxCyclomaticComplexity="0" minCyclomaticComplexity="0" maxCrapScore="0" minCrapScore="0" visitedClasses="0" numClasses="0" visitedMethods="0" numMethods="1" />
              <MetadataToken>100663352</MetadataToken>
              <Name>System.Boolean AIBERG.Factions.TheOrderOfTheFlesh.LastResort/&lt;LastResortCoroutine&gt;d__27::MoveNext()</Name>
              <FileRef uid="4" />
              <SequencePoints>
                <SequencePoint vc="0" uspid="4601" ordinal="0" offset="31" sl="65" sc="0" el="65" ec="0" bec="0" bev="0" fileid="4" />
                <SequencePoint vc="0" uspid="4602" ordinal="0" offset="32" sl="66" sc="0" el="66" ec="0" bec="0" bev="0" fileid="4" />
                <SequencePoint vc="0" uspid="4603" ordinal="0" offset="50" sl="67" sc="0" el="67" ec="0" bec="0" bev="0" fileid="4" />
                <SequencePoint vc="0" uspid="4604" ordinal="0" offset="51" sl="68" sc="0" el="68" ec="0" bec="0" bev="0" fileid="4" />
                <SequencePoint vc="0" uspid="4605" ordinal="0" offset="63" sl="69" sc="0" el="69" ec="0" bec="0" bev="0" fileid="4" />
                <SequencePoint vc="0" uspid="4606" ordinal="0" offset="79" sl="70" sc="0" el="70" ec="0" bec="0" bev="0" fileid="4" />
                <SequencePoint vc="0" uspid="4607" ordinal="0" offset="114" sl="71" sc="0" el="71" ec="0" bec="0" bev="0" fileid="4" />
                <SequencePoint vc="0" uspid="4608" ordinal="0" offset="153" sl="72" sc="0" el="72" ec="0" bec="0" bev="0" fileid="4" />
                <SequencePoint vc="0" uspid="4609" ordinal="0" offset="154" sl="67" sc="0" el="67" ec="0" bec="0" bev="0" fileid="4" />
                <SequencePoint vc="0" uspid="4610" ordinal="0" offset="185" sl="73" sc="0" el="73" ec="0" bec="0" bev="0" fileid="4" />
              </SequencePoints>
              <BranchPoints />
            </Method>
          </Methods>
        </Class>
        <Class>
          <Summary numSequencePoints="12" visitedSequencePoints="0" numBranchPoints="0" visitedBranchPoints="0" sequenceCoverage="0.0" branchCoverage="0.0" maxCyclomaticComplexity="0" minCyclomaticComplexity="0" maxCrapScore="0" minCrapScore="0" visitedClasses="0" numClasses="1" visitedMethods="0" numMethods="1" />
          <FullName>AIBERG.Factions.TheOrderOfTheFlesh.MachineGun/&lt;MachineGunCoroutine&gt;d__27</FullName>
          <Methods>
            <Method visited="false" cyclomaticComplexity="0" nPathComplexity="0" sequenceCoverage="0.0" branchCoverage="0" crapScore="0" isConstructor="false" isStatic="false" isGetter="false" isSetter="false">
              <Summary numSequencePoints="12" visitedSequencePoints="0" numBranchPoints="0" visitedBranchPoints="0" sequenceCoverage="0.0" branchCoverage="0" maxCyclomaticComplexity="0" minCyclomaticComplexity="0" maxCrapScore="0" minCrapScore="0" visitedClasses="0" numClasses="0" visitedMethods="0" numMethods="1" />
              <MetadataToken>100663358</MetadataToken>
              <Name>System.Boolean AIBERG.Factions.TheOrderOfTheFlesh.MachineGun/&lt;MachineGunCoroutine&gt;d__27::MoveNext()</Name>
              <FileRef uid="5" />
              <SequencePoints>
                <SequencePoint vc="0" uspid="4611" ordinal="0" offset="34" sl="63" sc="0" el="63" ec="0" bec="0" bev="0" fileid="5" />
                <SequencePoint vc="0" uspid="4612" ordinal="0" offset="35" sl="64" sc="0" el="64" ec="0" bec="0" bev="0" fileid="5" />
                <SequencePoint vc="0" uspid="4613" ordinal="0" offset="58" sl="65" sc="0" el="65" ec="0" bec="0" bev="0" fileid="5" />
                <SequencePoint vc="0" uspid="4614" ordinal="0" offset="76" sl="66" sc="0" el="66" ec="0" bec="0" bev="0" fileid="5" />
                <SequencePoint vc="0" uspid="4615" ordinal="0" offset="77" sl="67" sc="0" el="67" ec="0" bec="0" bev="0" fileid="5" />
                <SequencePoint vc="0" uspid="4616" ordinal="0" offset="89" sl="68" sc="0" el="68" ec="0" bec="0" bev="0" fileid="5" />
                <SequencePoint vc="0" uspid="4617" ordinal="0" offset="124" sl="69" sc="0" el="69" ec="0" bec="0" bev="0" fileid="5" />
                <SequencePoint vc="0" uspid="4618" ordinal="0" offset="140" sl="70" sc="0" el="70" ec="0" bec="0" bev="0" fileid="5" />
                <SequencePoint vc="0" uspid="4619" ordinal="0" offset="179" sl="71" sc="0" el="71" ec="0" bec="0" bev="0" fileid="5" />
                <SequencePoint vc="0" uspid="4620" ordinal="0" offset="180" sl="66" sc="0" el="66" ec="0" bec="0" bev="0" fileid="5" />
                <SequencePoint vc="0" uspid="4621" ordinal="0" offset="211" sl="72" sc="0" el="72" ec="0" bec="0" bev="0" fileid="5" />
                <SequencePoint vc="0" uspid="4622" ordinal="0" offset="249" sl="73" sc="0" el="73" ec="0" bec="0" bev="0" fileid="5" />
              </SequencePoints>
              <BranchPoints />
            </Method>
          </Methods>
        </Class>
      </Classes>
    </Module>
    <Module>
      <Summary numSequencePoints="64" visitedSequencePoints="0" numBranchPoints="0" visitedBranchPoints="0" sequenceCoverage="0.0" branchCoverage="0.0" maxCyclomaticComplexity="0" minCyclomaticComplexity="0" maxCrapScore="0" minCrapScore="0" visitedClasses="0" numClasses="1" visitedMethods="0" numMethods="5" />
      <ModuleTime>0001-01-01T00:00:00</ModuleTime>
      <ModuleName>AIBERG.Utilities</ModuleName>
      <Files>
        <File uid="6" fullPath="D:/CNG491ERG/EndlessRunnerGame/Assets/Scripts/Utilities/ComponentFinder.cs" />
      </Files>
      <Classes>
        <Class>
          <Summary numSequencePoints="64" visitedSequencePoints="0" numBranchPoints="0" visitedBranchPoints="0" sequenceCoverage="0.0" branchCoverage="0.0" maxCyclomaticComplexity="0" minCyclomaticComplexity="0" maxCrapScore="0" minCrapScore="0" visitedClasses="0" numClasses="1" visitedMethods="0" numMethods="5" />
          <FullName>AIBERG.Utilities.ComponentFinder</FullName>
          <Methods>
            <Method visited="false" cyclomaticComplexity="0" nPathComplexity="0" sequenceCoverage="0.0" branchCoverage="0" crapScore="0" isConstructor="false" isStatic="true" isGetter="false" isSetter="false">
              <Summary numSequencePoints="11" visitedSequencePoints="0" numBranchPoints="0" visitedBranchPoints="0" sequenceCoverage="0.0" branchCoverage="0" maxCyclomaticComplexity="0" minCyclomaticComplexity="0" maxCrapScore="0" minCrapScore="0" visitedClasses="0" numClasses="0" visitedMethods="0" numMethods="1" />
              <MetadataToken>100663299</MetadataToken>
              <Name>static T AIBERG.Utilities.ComponentFinder::FindComponentInParents[T](UnityEngine.Transform)</Name>
              <FileRef uid="6" />
              <SequencePoints>
                <SequencePoint vc="0" uspid="4623" ordinal="0" offset="0" sl="7" sc="0" el="7" ec="0" bec="0" bev="0" fileid="6" />
                <SequencePoint vc="0" uspid="4624" ordinal="0" offset="3" sl="10" sc="0" el="10" ec="0" bec="0" bev="0" fileid="6" />
                <SequencePoint vc="0" uspid="4625" ordinal="0" offset="4" sl="12" sc="0" el="12" ec="0" bec="0" bev="0" fileid="6" />
                <SequencePoint vc="0" uspid="4626" ordinal="0" offset="11" sl="15" sc="0" el="15" ec="0" bec="0" bev="0" fileid="6" />
                <SequencePoint vc="0" uspid="4627" ordinal="0" offset="27" sl="16" sc="0" el="16" ec="0" bec="0" bev="0" fileid="6" />
                <SequencePoint vc="0" uspid="4628" ordinal="0" offset="28" sl="17" sc="0" el="17" ec="0" bec="0" bev="0" fileid="6" />
                <SequencePoint vc="0" uspid="4629" ordinal="0" offset="32" sl="21" sc="0" el="21" ec="0" bec="0" bev="0" fileid="6" />
[...]
                <SequencePoint vc="0" uspid="5477" ordinal="0" offset="42" sl="9" sc="0" el="9" ec="0" bec="0" bev="0" fileid="21" />
                <SequencePoint vc="0" uspid="5478" ordinal="0" offset="56" sl="10" sc="0" el="10" ec="0" bec="0" bev="0" fileid="21" />
              </SequencePoints>
              <BranchPoints />
            </Method>
          </Methods>
        </Class>
        <Class>
          <Summary numSequencePoints="6" visitedSequencePoints="0" numBranchPoints="0" visitedBranchPoints="0" sequenceCoverage="0.0" branchCoverage="0.0" maxCyclomaticComplexity="0" minCyclomaticComplexity="0" maxCrapScore="0" minCrapScore="0" visitedClasses="0" numClasses="1" visitedMethods="0" numMethods="1" />
          <FullName>AIBERG.Core.InputHandlers.RandomInputHandler</FullName>
          <Methods>
            <Method visited="false" cyclomaticComplexity="0" nPathComplexity="0" sequenceCoverage="0.0" branchCoverage="0" crapScore="0" isConstructor="false" isStatic="false" isGetter="false" isSetter="false">
              <Summary numSequencePoints="6" visitedSequencePoints="0" numBranchPoints="0" visitedBranchPoints="0" sequenceCoverage="0.0" branchCoverage="0" maxCyclomaticComplexity="0" minCyclomaticComplexity="0" maxCrapScore="0" minCrapScore="0" visitedClasses="0" numClasses="0" visitedMethods="0" numMethods="1" />
              <MetadataToken>100663409</MetadataToken>
              <Name>System.Void AIBERG.Core.InputHandlers.RandomInputHandler::FixedUpdate()</Name>
              <FileRef uid="22" />
              <SequencePoints>
                <SequencePoint vc="0" uspid="5479" ordinal="0" offset="0" sl="5" sc="0" el="5" ec="0" bec="0" bev="0" fileid="22" />
                <SequencePoint vc="0" uspid="5480" ordinal="0" offset="1" sl="6" sc="0" el="6" ec="0" bec="0" bev="0" fileid="22" />
                <SequencePoint vc="0" uspid="5481" ordinal="0" offset="30" sl="7" sc="0" el="7" ec="0" bec="0" bev="0" fileid="22" />
                <SequencePoint vc="0" uspid="5482" ordinal="0" offset="59" sl="8" sc="0" el="8" ec="0" bec="0" bev="0" fileid="22" />
                <SequencePoint vc="0" uspid="5483" ordinal="0" offset="88" sl="9" sc="0" el="9" ec="0" bec="0" bev="0" fileid="22" />
                <SequencePoint vc="0" uspid="5484" ordinal="0" offset="117" sl="10" sc="0" el="10" ec="0" bec="0" bev="0" fileid="22" />
              </SequencePoints>
              <BranchPoints />
            </Method>
          </Methods>
        </Class>
        <Class>
          <Summary numSequencePoints="23" visitedSequencePoints="0" numBranchPoints="0" visitedBranchPoints="0" sequenceCoverage="0.0" branchCoverage="0.0" maxCyclomaticComplexity="0" minCyclomaticComplexity="0" maxCrapScore="0" minCrapScore="0" visitedClasses="0" numClasses="1" visitedMethods="0" numMethods="2" />
          <FullName>AIBERG.Core.InputHandlers.StoopidInputHandler</FullName>
          <Methods>
            <Method visited="false" cyclomaticComplexity="0" nPathComplexity="0" sequenceCoverage="0.0" branchCoverage="0" crapScore="0" isConstructor="false" isStatic="false" isGetter="false" isSetter="false">
              <Summary numSequencePoints="4" visitedSequencePoints="0" numBranchPoints="0" visitedBranchPoints="0" sequenceCoverage="0.0" branchCoverage="0" maxCyclomaticComplexity="0" minCyclomaticComplexity="0" maxCrapScore="0" minCrapScore="0" visitedClasses="0" numClasses="0" visitedMethods="0" numMethods="1" />
              <MetadataToken>100663411</MetadataToken>
              <Name>System.Void AIBERG.Core.InputHandlers.StoopidInputHandler::Start()</Name>
              <FileRef uid="23" />
              <SequencePoints>
                <SequencePoint vc="0" uspid="5485" ordinal="0" offset="0" sl="12" sc="0" el="12" ec="0" bec="0" bev="0" fileid="23" />
                <SequencePoint vc="0" uspid="5486" ordinal="0" offset="1" sl="13" sc="0" el="13" ec="0" bec="0" bev="0" fileid="23" />
                <SequencePoint vc="0" uspid="5487" ordinal="0" offset="28" sl="14" sc="0" el="14" ec="0" bec="0" bev="0" fileid="23" />
                <SequencePoint vc="0" uspid="5488" ordinal="0" offset="36" sl="15" sc="0" el="15" ec="0" bec="0" bev="0" fileid="23" />
              </SequencePoints>
              <BranchPoints />
            </Method>
            <Method visited="false" cyclomaticComplexity="0" nPathComplexity="0" sequenceCoverage="0.0" branchCoverage="0" crapScore="0" isConstructor="false" isStatic="false" isGetter="false" isSetter="false">
              <Summary numSequencePoints="19" visitedSequencePoints="0" numBranchPoints="0" visitedBranchPoints="0" sequenceCoverage="0.0" branchCoverage="0" maxCyclomaticComplexity="0" minCyclomaticComplexity="0" maxCrapScore="0" minCrapScore="0" visitedClasses="0" numClasses="0" visitedMethods="0" numMethods="1" />
              <MetadataToken>100663412</MetadataToken>
              <Name>System.Void AIBERG.Core.InputHandlers.StoopidInputHandler::FixedUpdate()</Name>
              <FileRef uid="23" />
              <SequencePoints>
                <SequencePoint vc="0" uspid="5489" ordinal="0" offset="0" sl="17" sc="0" el="17" ec="0" bec="0" bev="0" fileid="23" />
                <SequencePoint vc="0" uspid="5490" ordinal="0" offset="1" sl="19" sc="0" el="19" ec="0" bec="0" bev="0" fileid="23" />
                <SequencePoint vc="0" uspid="5491" ordinal="0" offset="51" sl="19" sc="0" el="19" ec="0" bec="0" bev="0" fileid="23" />
                <SequencePoint vc="0" uspid="5492" ordinal="0" offset="52" sl="20" sc="0" el="20" ec="0" bec="0" bev="0" fileid="23" />
                <SequencePoint vc="0" uspid="5493" ordinal="0" offset="60" sl="21" sc="0" el="21" ec="0" bec="0" bev="0" fileid="23" />
                <SequencePoint vc="0" uspid="5494" ordinal="0" offset="68" sl="22" sc="0" el="22" ec="0" bec="0" bev="0" fileid="23" />
                <SequencePoint vc="0" uspid="5495" ordinal="0" offset="71" sl="23" sc="0" el="23" ec="0" bec="0" bev="0" fileid="23" />
                <SequencePoint vc="0" uspid="5496" ordinal="0" offset="72" sl="24" sc="0" el="24" ec="0" bec="0" bev="0" fileid="23" />
                <SequencePoint vc="0" uspid="5497" ordinal="0" offset="80" sl="25" sc="0" el="25" ec="0" bec="0" bev="0" fileid="23" />
                <SequencePoint vc="0" uspid="5498" ordinal="0" offset="88" sl="26" sc="0" el="26" ec="0" bec="0" bev="0" fileid="23" />
                <SequencePoint vc="0" uspid="5499" ordinal="0" offset="89" sl="28" sc="0" el="28" ec="0" bec="0" bev="0" fileid="23" />
                <SequencePoint vc="0" uspid="5500" ordinal="0" offset="134" sl="28" sc="0" el="28" ec="0" bec="0" bev="0" fileid="23" />
                <SequencePoint vc="0" uspid="5501" ordinal="0" offset="135" sl="29" sc="0" el="29" ec="0" bec="0" bev="0" fileid="23" />
                <SequencePoint vc="0" uspid="5502" ordinal="0" offset="143" sl="30" sc="0" el="30" ec="0" bec="0" bev="0" fileid="23" />
                <SequencePoint vc="0" uspid="5503" ordinal="0" offset="144" sl="31" sc="0" el="31" ec="0" bec="0" bev="0" fileid="23" />
                <SequencePoint vc="0" uspid="5504" ordinal="0" offset="190" sl="31" sc="0" el="31" ec="0" bec="0" bev="0" fileid="23" />
                <SequencePoint vc="0" uspid="5505" ordinal="0" offset="191" sl="32" sc="0" el="32" ec="0" bec="0" bev="0" fileid="23" />
                <SequencePoint vc="0" uspid="5506" ordinal="0" offset="199" sl="33" sc="0" el="33" ec="0" bec="0" bev="0" fileid="23" />
                <SequencePoint vc="0" uspid="5507" ordinal="0" offset="200" sl="34" sc="0" el="34" ec="0" bec="0" bev="0" fileid="23" />
              </SequencePoints>
              <BranchPoints />
            </Method>
          </Methods>
        </Class>
        <Class>
          <Summary numSequencePoints="1" visitedSequencePoints="0" numBranchPoints="0" visitedBranchPoints="0" sequenceCoverage="0.0" branchCoverage="0.0" maxCyclomaticComplexity="0" minCyclomaticComplexity="0" maxCrapScore="0" minCrapScore="0" visitedClasses="0" numClasses="1" visitedMethods="0" numMethods="1" />
          <FullName>AIBERG.Core.Boss/&lt;&gt;c</FullName>
          <Methods>
            <Method visited="false" cyclomaticComplexity="0" nPathComplexity="0" sequenceCoverage="0.0" branchCoverage="0" crapScore="0" isConstructor="false" isStatic="false" isGetter="false" isSetter="false">
              <Summary numSequencePoints="1" visitedSequencePoints="0" numBranchPoints="0" visitedBranchPoints="0" sequenceCoverage="0.0" branchCoverage="0" maxCyclomaticComplexity="0" minCyclomaticComplexity="0" maxCrapScore="0" minCrapScore="0" visitedClasses="0" numClasses="0" visitedMethods="0" numMethods="1" />
              <MetadataToken>100663416</MetadataToken>
              <Name>UnityEngine.Transform AIBERG.Core.Boss/&lt;&gt;c::&lt;Start&gt;b__50_0(UnityEngine.GameObject)</Name>
              <FileRef uid="12" />
              <SequencePoints>
                <SequencePoint vc="0" uspid="5508" ordinal="0" offset="0" sl="50" sc="0" el="50" ec="0" bec="0" bev="0" fileid="12" />
              </SequencePoints>
              <BranchPoints />
            </Method>
          </Methods>
        </Class>
        <Class>
          <Summary numSequencePoints="2" visitedSequencePoints="0" numBranchPoints="0" visitedBranchPoints="0" sequenceCoverage="0.0" branchCoverage="0.0" maxCyclomaticComplexity="0" minCyclomaticComplexity="0" maxCrapScore="0" minCrapScore="0" visitedClasses="0" numClasses="1" visitedMethods="0" numMethods="2" />
          <FullName>AIBERG.Core.InputHandlers.PlayerAutoInputHandler/&lt;&gt;c</FullName>
          <Methods>
            <Method visited="false" cyclomaticComplexity="0" nPathComplexity="0" sequenceCoverage="0.0" branchCoverage="0" crapScore="0" isConstructor="false" isStatic="false" isGetter="false" isSetter="false">
              <Summary numSequencePoints="1" visitedSequencePoints="0" numBranchPoints="0" visitedBranchPoints="0" sequenceCoverage="0.0" branchCoverage="0" maxCyclomaticComplexity="0" minCyclomaticComplexity="0" maxCrapScore="0" minCrapScore="0" visitedClasses="0" numClasses="0" visitedMethods="0" numMethods="1" />
              <MetadataToken>100663419</MetadataToken>
              <Name>System.Boolean AIBERG.Core.InputHandlers.PlayerAutoInputHandler/&lt;&gt;c::&lt;Start&gt;b__7_0(UnityEngine.GameObject)</Name>
              <FileRef uid="20" />
              <SequencePoints>
                <SequencePoint vc="0" uspid="5509" ordinal="0" offset="0" sl="23" sc="0" el="23" ec="0" bec="0" bev="0" fileid="20" />
              </SequencePoints>
              <BranchPoints />
            </Method>
            <Method visited="false" cyclomaticComplexity="0" nPathComplexity="0" sequenceCoverage="0.0" branchCoverage="0" crapScore="0" isConstructor="false" isStatic="false" isGetter="false" isSetter="false">
              <Summary numSequencePoints="1" visitedSequencePoints="0" numBranchPoints="0" visitedBranchPoints="0" sequenceCoverage="0.0" branchCoverage="0" maxCyclomaticComplexity="0" minCyclomaticComplexity="0" maxCrapScore="0" minCrapScore="0" visitedClasses="0" numClasses="0" visitedMethods="0" numMethods="1" />
              <MetadataToken>100663420</MetadataToken>
              <Name>System.Boolean AIBERG.Core.InputHandlers.PlayerAutoInputHandler/&lt;&gt;c::&lt;Start&gt;b__7_1(UnityEngine.GameObject)</Name>
              <FileRef uid="20" />
              <SequencePoints>
                <SequencePoint vc="0" uspid="5510" ordinal="0" offset="0" sl="24" sc="0" el="24" ec="0" bec="0" bev="0" fileid="20" />
              </SequencePoints>
              <BranchPoints />
            </Method>
          </Methods>
        </Class>
      </Classes>
    </Module>
    <Module>
      <Summary numSequencePoints="15" visitedSequencePoints="0" numBranchPoints="0" visitedBranchPoints="0" sequenceCoverage="0.0" branchCoverage="0.0" maxCyclomaticComplexity="0" minCyclomaticComplexity="0" maxCrapScore="0" minCrapScore="0" visitedClasses="0" numClasses="3" visitedMethods="0" numMethods="5" />
      <ModuleTime>0001-01-01T00:00:00</ModuleTime>
      <ModuleName>AIBERG.UI</ModuleName>
      <Files>
        <File uid="24" fullPath="D:/CNG491ERG/EndlessRunnerGame/Assets/Scripts/UI/HealthUIManager.cs" />
        <File uid="25" fullPath="D:/CNG491ERG/EndlessRunnerGame/Assets/Scripts/UI/MenuManager.cs" />
        <File uid="26" fullPath="D:/CNG491ERG/EndlessRunnerGame/Assets/Scripts/UI/StepCounter.cs" />
      </Files>
      <Classes>
        <Class>
          <Summary numSequencePoints="6" visitedSequencePoints="0" numBranchPoints="0" visitedBranchPoints="0" sequenceCoverage="0.0" branchCoverage="0.0" maxCyclomaticComplexity="0" minCyclomaticComplexity="0" maxCrapScore="0" minCrapScore="0" visitedClasses="0" numClasses="1" visitedMethods="0" numMethods="2" />
          <FullName>AIBERG.UI.HealthUIManager</FullName>
          <Methods>
            <Method visited="false" cyclomaticComplexity="0" nPathComplexity="0" sequenceCoverage="0.0" branchCoverage="0" crapScore="0" isConstructor="false" isStatic="false" isGetter="false" isSetter="false">
              <Summary numSequencePoints="3" visitedSequencePoints="0" numBranchPoints="0" visitedBranchPoints="0" sequenceCoverage="0.0" branchCoverage="0" maxCyclomaticComplexity="0" minCyclomaticComplexity="0" maxCrapScore="0" minCrapScore="0" visitedClasses="0" numClasses="0" visitedMethods="0" numMethods="1" />
              <MetadataToken>100663299</MetadataToken>
              <Name>System.Void AIBERG.UI.HealthUIManager::Start()</Name>
              <FileRef uid="24" />
              <SequencePoints>
                <SequencePoint vc="0" uspid="5511" ordinal="0" offset="0" sl="10" sc="0" el="10" ec="0" bec="0" bev="0" fileid="24" />
                <SequencePoint vc="0" uspid="5512" ordinal="0" offset="1" sl="11" sc="0" el="11" ec="0" bec="0" bev="0" fileid="24" />
                <SequencePoint vc="0" uspid="5513" ordinal="0" offset="18" sl="12" sc="0" el="12" ec="0" bec="0" bev="0" fileid="24" />
              </SequencePoints>
              <BranchPoints />
            </Method>
            <Method visited="false" cyclomaticComplexity="0" nPathComplexity="0" sequenceCoverage="0.0" branchCoverage="0" crapScore="0" isConstructor="false" isStatic="false" isGetter="false" isSetter="false">
              <Summary numSequencePoints="3" visitedSequencePoints="0" numBranchPoints="0" visitedBranchPoints="0" sequenceCoverage="0.0" branchCoverage="0" maxCyclomaticComplexity="0" minCyclomaticComplexity="0" maxCrapScore="0" minCrapScore="0" visitedClasses="0" numClasses="0" visitedMethods="0" numMethods="1" />
              <MetadataToken>100663300</MetadataToken>
              <Name>System.Void AIBERG.UI.HealthUIManager::Update()</Name>
              <FileRef uid="24" />
              <SequencePoints>
                <SequencePoint vc="0" uspid="5514" ordinal="0" offset="0" sl="13" sc="0" el="13" ec="0" bec="0" bev="0" fileid="24" />
                <SequencePoint vc="0" uspid="5515" ordinal="0" offset="1" sl="14" sc="0" el="14" ec="0" bec="0" bev="0" fileid="24" />
                <SequencePoint vc="0" uspid="5516" ordinal="0" offset="36" sl="15" sc="0" el="15" ec="0" bec="0" bev="0" fileid="24" />
              </SequencePoints>
              <BranchPoints />
            </Method>
          </Methods>
        </Class>
        <Class>
          <Summary numSequencePoints="6" visitedSequencePoints="0" numBranchPoints="0" visitedBranchPoints="0" sequenceCoverage="0.0" branchCoverage="0.0" maxCyclomaticComplexity="0" minCyclomaticComplexity="0" maxCrapScore="0" minCrapScore="0" visitedClasses="0" numClasses="1" visitedMethods="0" numMethods="2" />
          <FullName>AIBERG.UI.MenuManager</FullName>
          <Methods>
            <Method visited="false" cyclomaticComplexity="0" nPathComplexity="0" sequenceCoverage="0.0" branchCoverage="0" crapScore="0" isConstructor="false" isStatic="false" isGetter="false" isSetter="false">
              <Summary numSequencePoints="3" visitedSequencePoints="0" numBranchPoints="0" visitedBranchPoints="0" sequenceCoverage="0.0" branchCoverage="0" maxCyclomaticComplexity="0" minCyclomaticComplexity="0" maxCrapScore="0" minCrapScore="0" visitedClasses="0" numClasses="0" visitedMethods="0" numMethods="1" />
              <MetadataToken>100663302</MetadataToken>
              <Name>System.Void AIBERG.UI.MenuManager::LoadScene(System.String)</Name>
              <FileRef uid="25" />
              <SequencePoints>
                <SequencePoint vc="0" uspid="5517" ordinal="0" offset="0" sl="7" sc="0" el="7" ec="0" bec="0" bev="0" fileid="25" />
                <SequencePoint vc="0" uspid="5518" ordinal="0" offset="1" sl="8" sc="0" el="8" ec="0" bec="0" bev="0" fileid="25" />
                <SequencePoint vc="0" uspid="5519" ordinal="0" offset="8" sl="9" sc="0" el="9" ec="0" bec="0" bev="0" fileid="25" />
              </SequencePoints>
              <BranchPoints />
            </Method>
            <Method visited="false" cyclomaticComplexity="0" nPathComplexity="0" sequenceCoverage="0.0" branchCoverage="0" crapScore="0" isConstructor="false" isStatic="false" isGetter="false" isSetter="false">
              <Summary numSequencePoints="3" visitedSequencePoints="0" numBranchPoints="0" visitedBranchPoints="0" sequenceCoverage="0.0" branchCoverage="0" maxCyclomaticComplexity="0" minCyclomaticComplexity="0" maxCrapScore="0" minCrapScore="0" visitedClasses="0" numClasses="0" visitedMethods="0" numMethods="1" />
              <MetadataToken>100663303</MetadataToken>
              <Name>System.Void AIBERG.UI.MenuManager::QuitGame()</Name>
              <FileRef uid="25" />
              <SequencePoints>
                <SequencePoint vc="0" uspid="5520" ordinal="0" offset="0" sl="10" sc="0" el="10" ec="0" bec="0" bev="0" fileid="25" />
                <SequencePoint vc="0" uspid="5521" ordinal="0" offset="1" sl="11" sc="0" el="11" ec="0" bec="0" bev="0" fileid="25" />
                <SequencePoint vc="0" uspid="5522" ordinal="0" offset="7" sl="12" sc="0" el="12" ec="0" bec="0" bev="0" fileid="25" />
              </SequencePoints>
              <BranchPoints />
            </Method>
          </Methods>
        </Class>
        <Class>
          <Summary numSequencePoints="3" visitedSequencePoints="0" numBranchPoints="0" visitedBranchPoints="0" sequenceCoverage="0.0" branchCoverage="0.0" maxCyclomaticComplexity="0" minCyclomaticComplexity="0" maxCrapScore="0" minCrapScore="0" visitedClasses="0" numClasses="1" visitedMethods="0" numMethods="1" />
          <FullName>AIBERG.UI.StepCounter</FullName>
          <Methods>
            <Method visited="false" cyclomaticComplexity="0" nPathComplexity="0" sequenceCoverage="0.0" branchCoverage="0" crapScore="0" isConstructor="false" isStatic="false" isGetter="false" isSetter="false">
              <Summary numSequencePoints="3" visitedSequencePoints="0" numBranchPoints="0" visitedBranchPoints="0" sequenceCoverage="0.0" branchCoverage="0" maxCyclomaticComplexity="0" minCyclomaticComplexity="0" maxCrapScore="0" minCrapScore="0" visitedClasses="0" numClasses="0" visitedMethods="0" numMethods="1" />
              <MetadataToken>100663305</MetadataToken>
              <Name>System.Void AIBERG.UI.StepCounter::Update()</Name>
              <FileRef uid="26" />
              <SequencePoints>
                <SequencePoint vc="0" uspid="5523" ordinal="0" offset="0" sl="9" sc="0" el="9" ec="0" bec="0" bev="0" fileid="26" />
                <SequencePoint vc="0" uspid="5524" ordinal="0" offset="1" sl="10" sc="0" el="10" ec="0" bec="0" bev="0" fileid="26" />
                <SequencePoint vc="0" uspid="5525" ordinal="0" offset="48" sl="11" sc="0" el="11" ec="0" bec="0" bev="0" fileid="26" />
              </SequencePoints>
              <BranchPoints />
            </Method>
          </Methods>
        </Class>
      </Classes>
    </Module>
  </Modules>
</CoverageSession>