<?xml version="1.0" encoding="utf-8"?>
<CoverageSession xmlns:xsd="http://www.w3.org/2001/XMLSchema" xmlns:xsi="http://www.w3.org/2001/XMLSchema-instance" Version="0.0.0.0">
  <Summary numSequencePoints="52" visitedSequencePoints="24" numBranchPoints="0" visitedBranchPoints="0" sequenceCoverage="46.15" branchCoverage="0.0" maxCyclomaticComplexity="0" minCyclomaticComplexity="0" maxCrapScore="0" minCrapScore="0" visitedClasses="4" numClasses="5" visitedMethods="6" numMethods="8" />
  <Modules>
    <Module>
      <Summary numSequencePoints="15" visitedSequencePoints="15" numBranchPoints="0" visitedBranchPoints="0" sequenceCoverage="100.0" branchCoverage="0.0" maxCyclomaticComplexity="0" minCyclomaticComplexity="0" maxCrapScore="0" minCrapScore="0" visitedClasses="1" numClasses="1" visitedMethods="2" numMethods="2" />
      <ModuleTime>0001-01-01T00:00:00</ModuleTime>
      <ModuleName>EditModeTests</ModuleName>
      <Files>
        <File uid="1" fullPath="D:/CNG491ERG/EndlessRunnerGame/Assets/Tests/EditModeTests/DamagingProjectileTests.cs" />
      </Files>
      <Classes>
        <Class>
          <Summary numSequencePoints="15" visitedSequencePoints="15" numBranchPoints="0" visitedBranchPoints="0" sequenceCoverage="100.0" branchCoverage="0.0" maxCyclomaticComplexity="0" minCyclomaticComplexity="0" maxCrapScore="0" minCrapScore="0" visitedClasses="1" numClasses="1" visitedMethods="2" numMethods="2" />
          <FullName>DamagingProjectileTests</FullName>
          <Methods>
            <Method visited="true" cyclomaticComplexity="0" nPathComplexity="0" sequenceCoverage="100.0" branchCoverage="0" crapScore="0" isConstructor="false" isStatic="false" isGetter="false" isSetter="false">
              <Summary numSequencePoints="7" visitedSequencePoints="7" numBranchPoints="0" visitedBranchPoints="0" sequenceCoverage="100.0" branchCoverage="0" maxCyclomaticComplexity="0" minCyclomaticComplexity="0" maxCrapScore="0" minCrapScore="0" visitedClasses="0" numClasses="0" visitedMethods="1" numMethods="1" />
              <MetadataToken>100663297</MetadataToken>
              <Name>System.Void DamagingProjectileTests::AddTagToDamage_AddNewTag_TagAddedSuccessfully()</Name>
              <FileRef uid="1" />
              <SequencePoints>
                <SequencePoint vc="2" uspid="7748" ordinal="0" offset="0" sl="12" sc="5" el="12" ec="5" bec="0" bev="0" fileid="1" />
                <SequencePoint vc="2" uspid="7749" ordinal="0" offset="1" sl="13" sc="9" el="13" ec="9" bec="0" bev="0" fileid="1" />
                <SequencePoint vc="2" uspid="7750" ordinal="0" offset="12" sl="14" sc="9" el="14" ec="9" bec="0" bev="0" fileid="1" />
                <SequencePoint vc="2" uspid="7751" ordinal="0" offset="19" sl="15" sc="9" el="15" ec="9" bec="0" bev="0" fileid="1" />
                <SequencePoint vc="2" uspid="7752" ordinal="0" offset="25" sl="17" sc="9" el="17" ec="9" bec="0" bev="0" fileid="1" />
                <SequencePoint vc="2" uspid="7753" ordinal="0" offset="33" sl="19" sc="9" el="19" ec="9" bec="0" bev="0" fileid="1" />
                <SequencePoint vc="2" uspid="7754" ordinal="0" offset="46" sl="20" sc="5" el="20" ec="5" bec="0" bev="0" fileid="1" />
              </SequencePoints>
              <BranchPoints />
            </Method>
            <Method visited="true" cyclomaticComplexity="0" nPathComplexity="0" sequenceCoverage="100.0" branchCoverage="0" crapScore="0" isConstructor="false" isStatic="false" isGetter="false" isSetter="false">
              <Summary numSequencePoints="8" visitedSequencePoints="8" numBranchPoints="0" visitedBranchPoints="0" sequenceCoverage="100.0" branchCoverage="0" maxCyclomaticComplexity="0" minCyclomaticComplexity="0" maxCrapScore="0" minCrapScore="0" visitedClasses="0" numClasses="0" visitedMethods="1" numMethods="1" />
              <MetadataToken>100663298</MetadataToken>
              <Name>System.Void DamagingProjectileTests::AddTagToDamage_TryAddExistingTag_TagNotAdded()</Name>
              <FileRef uid="1" />
              <SequencePoints>
                <SequencePoint vc="2" uspid="7755" ordinal="0" offset="0" sl="23" sc="63" el="23" ec="63" bec="0" bev="0" fileid="1" />
                <SequencePoint vc="2" uspid="7756" ordinal="0" offset="1" sl="24" sc="9" el="24" ec="9" bec="0" bev="0" fileid="1" />
                <SequencePoint vc="2" uspid="7757" ordinal="0" offset="12" sl="25" sc="9" el="25" ec="9" bec="0" bev="0" fileid="1" />
                <SequencePoint vc="2" uspid="7758" ordinal="0" offset="19" sl="26" sc="9" el="26" ec="9" bec="0" bev="0" fileid="1" />
                <SequencePoint vc="2" uspid="7759" ordinal="0" offset="25" sl="28" sc="9" el="28" ec="9" bec="0" bev="0" fileid="1" />
                <SequencePoint vc="2" uspid="7760" ordinal="0" offset="33" sl="30" sc="9" el="30" ec="9" bec="0" bev="0" fileid="1" />
                <SequencePoint vc="2" uspid="7761" ordinal="0" offset="41" sl="31" sc="9" el="31" ec="9" bec="0" bev="0" fileid="1" />
                <SequencePoint vc="2" uspid="7762" ordinal="0" offset="69" sl="32" sc="5" el="32" ec="5" bec="0" bev="0" fileid="1" />
              </SequencePoints>
              <BranchPoints />
            </Method>
          </Methods>
        </Class>
      </Classes>
    </Module>
    <Module>
      <Summary numSequencePoints="28" visitedSequencePoints="0" numBranchPoints="0" visitedBranchPoints="0" sequenceCoverage="0.0" branchCoverage="0.0" maxCyclomaticComplexity="0" minCyclomaticComplexity="0" maxCrapScore="0" minCrapScore="0" visitedClasses="0" numClasses="1" visitedMethods="0" numMethods="2" />
      <ModuleTime>0001-01-01T00:00:00</ModuleTime>
      <ModuleName>AIBERG.Utilities</ModuleName>
      <Files>
        <File uid="6" fullPath="D:/CNG491ERG/EndlessRunnerGame/Assets/Scripts/Utilities/ComponentFinder.cs" />
      </Files>
      <Classes>
        <Class>
          <Summary numSequencePoints="28" visitedSequencePoints="0" numBranchPoints="0" visitedBranchPoints="0" sequenceCoverage="0.0" branchCoverage="0.0" maxCyclomaticComplexity="0" minCyclomaticComplexity="0" maxCrapScore="0" minCrapScore="0" visitedClasses="0" numClasses="1" visitedMethods="0" numMethods="2" />
          <FullName>AIBERG.Utilities.ComponentFinder</FullName>
          <Methods>
            <Method visited="false" cyclomaticComplexity="0" nPathComplexity="0" sequenceCoverage="0.0" branchCoverage="0" crapScore="0" isConstructor="false" isStatic="true" isGetter="false" isSetter="false">
              <Summary numSequencePoints="11" visitedSequencePoints="0" numBranchPoints="0" visitedBranchPoints="0" sequenceCoverage="0.0" branchCoverage="0" maxCyclomaticComplexity="0" minCyclomaticComplexity="0" maxCrapScore="0" minCrapScore="0" visitedClasses="0" numClasses="0" visitedMethods="0" numMethods="1" />
              <MetadataToken>100663299</MetadataToken>
              <Name>static T AIBERG.Utilities.ComponentFinder::FindComponentInParents[T](UnityEngine.Transform)</Name>
              <FileRef uid="6" />
              <SequencePoints>
                <SequencePoint vc="0" uspid="7956" ordinal="0" offset="0" sl="7" sc="0" el="7" ec="0" bec="0" bev="0" fileid="6" />
                <SequencePoint vc="0" uspid="7957" ordinal="0" offset="3" sl="10" sc="0" el="10" ec="0" bec="0" bev="0" fileid="6" />
                <SequencePoint vc="0" uspid="7958" ordinal="0" offset="4" sl="12" sc="0" el="12" ec="0" bec="0" bev="0" fileid="6" />
                <SequencePoint vc="0" uspid="7959" ordinal="0" offset="11" sl="15" sc="0" el="15" ec="0" bec="0" bev="0" fileid="6" />
                <SequencePoint vc="0" uspid="7960" ordinal="0" offset="27" sl="16" sc="0" el="16" ec="0" bec="0" bev="0" fileid="6" />
                <SequencePoint vc="0" uspid="7961" ordinal="0" offset="28" sl="17" sc="0" el="17" ec="0" bec="0" bev="0" fileid="6" />
                <SequencePoint vc="0" uspid="7962" ordinal="0" offset="32" sl="21" sc="0" el="21" ec="0" bec="0" bev="0" fileid="6" />
                <SequencePoint vc="0" uspid="7963" ordinal="0" offset="40" sl="22" sc="0" el="22" ec="0" bec="0" bev="0" fileid="6" />
                <SequencePoint vc="0" uspid="7964" ordinal="0" offset="41" sl="9" sc="0" el="9" ec="0" bec="0" bev="0" fileid="6" />
                <SequencePoint vc="0" uspid="7965" ordinal="0" offset="52" sl="25" sc="0" el="25" ec="0" bec="0" bev="0" fileid="6" />
                <SequencePoint vc="0" uspid="7966" ordinal="0" offset="65" sl="26" sc="0" el="26" ec="0" bec="0" bev="0" fileid="6" />
              </SequencePoints>
              <BranchPoints />
            </Method>
            <Method visited="false" cyclomaticComplexity="0" nPathComplexity="0" sequenceCoverage="0.0" branchCoverage="0" crapScore="0" isConstructor="false" isStatic="true" isGetter="false" isSetter="false">
              <Summary numSequencePoints="17" visitedSequencePoints="0" numBranchPoints="0" visitedBranchPoints="0" sequenceCoverage="0.0" branchCoverage="0" maxCyclomaticComplexity="0" minCyclomaticComplexity="0" maxCrapScore="0" minCrapScore="0" visitedClasses="0" numClasses="0" visitedMethods="0" numMethods="1" />
              <MetadataToken>100663300</MetadataToken>
              <Name>static T AIBERG.Utilities.ComponentFinder::FindComponentInChildren[T](UnityEngine.Transform)</Name>
              <FileRef uid="6" />
              <SequencePoints>
                <SequencePoint vc="0" uspid="7967" ordinal="0" offset="0" sl="28" sc="0" el="28" ec="0" bec="0" bev="0" fileid="6" />
                <SequencePoint vc="0" uspid="7968" ordinal="0" offset="1" sl="30" sc="0" el="30" ec="0" bec="0" bev="0" fileid="6" />
                <SequencePoint vc="0" uspid="7969" ordinal="0" offset="8" sl="33" sc="0" el="33" ec="0" bec="0" bev="0" fileid="6" />
                <SequencePoint vc="0" uspid="7970" ordinal="0" offset="24" sl="33" sc="0" el="33" ec="0" bec="0" bev="0" fileid="6" />
                <SequencePoint vc="0" uspid="7971" ordinal="0" offset="25" sl="34" sc="0" el="34" ec="0" bec="0" bev="0" fileid="6" />
                <SequencePoint vc="0" uspid="7972" ordinal="0" offset="29" sl="38" sc="0" el="38" ec="0" bec="0" bev="0" fileid="6" />
                <SequencePoint vc="0" uspid="7973" ordinal="0" offset="30" sl="38" sc="0" el="38" ec="0" bec="0" bev="0" fileid="6" />
                <SequencePoint vc="0" uspid="7974" ordinal="0" offset="39" sl="38" sc="0" el="38" ec="0" bec="0" bev="0" fileid="6" />
                <SequencePoint vc="0" uspid="7975" ordinal="0" offset="52" sl="38" sc="0" el="38" ec="0" bec="0" bev="0" fileid="6" />
                <SequencePoint vc="0" uspid="7976" ordinal="0" offset="53" sl="40" sc="0" el="40" ec="0" bec="0" bev="0" fileid="6" />
                <SequencePoint vc="0" uspid="7977" ordinal="0" offset="61" sl="43" sc="0" el="43" ec="0" bec="0" bev="0" fileid="6" />
                <SequencePoint vc="0" uspid="7978" ordinal="0" offset="79" sl="43" sc="0" el="43" ec="0" bec="0" bev="0" fileid="6" />
                <SequencePoint vc="0" uspid="7979" ordinal="0" offset="80" sl="44" sc="0" el="44" ec="0" bec="0" bev="0" fileid="6" />
                <SequencePoint vc="0" uspid="7980" ordinal="0" offset="84" sl="46" sc="0" el="46" ec="0" bec="0" bev="0" fileid="6" />
                <SequencePoint vc="0" uspid="7981" ordinal="0" offset="85" sl="38" sc="0" el="38" ec="0" bec="0" bev="0" fileid="6" />
                <SequencePoint vc="0" uspid="7982" ordinal="0" offset="116" sl="48" sc="0" el="48" ec="0" bec="0" bev="0" fileid="6" />
                <SequencePoint vc="0" uspid="7983" ordinal="0" offset="129" sl="49" sc="0" el="49" ec="0" bec="0" bev="0" fileid="6" />
              </SequencePoints>
              <BranchPoints />
            </Method>
          </Methods>
        </Class>
      </Classes>
    </Module>
    <Module>
      <Summary numSequencePoints="9" visitedSequencePoints="9" numBranchPoints="0" visitedBranchPoints="0" sequenceCoverage="100.0" branchCoverage="0.0" maxCyclomaticComplexity="0" minCyclomaticComplexity="0" maxCrapScore="0" minCrapScore="0" visitedClasses="3" numClasses="3" visitedMethods="4" numMethods="4" />
      <ModuleTime>0001-01-01T00:00:00</ModuleTime>
      <ModuleName>AIBERG.Core</ModuleName>
      <Files>
        <File uid="12" fullPath="D:/CNG491ERG/EndlessRunnerGame/Assets/Scripts/Core/Boss.cs" />
        <File uid="13" fullPath="D:/CNG491ERG/EndlessRunnerGame/Assets/Scripts/Core/BossAgent.cs" />
        <File uid="14" fullPath="D:/CNG491ERG/EndlessRunnerGame/Assets/Scripts/Core/DamagingProjectile.cs" />
        <File uid="15" fullPath="D:/CNG491ERG/EndlessRunnerGame/Assets/Scripts/Core/Despawner.cs" />
        <File uid="16" fullPath="D:/CNG491ERG/EndlessRunnerGame/Assets/Scripts/Core/GameEnvironment.cs" />
        <File uid="17" fullPath="D:/CNG491ERG/EndlessRunnerGame/Assets/Scripts/Core/Player.cs" />
        <File uid="18" fullPath="D:/CNG491ERG/EndlessRunnerGame/Assets/Scripts/Core/PlayerAgent.cs" />
        <File uid="19" fullPath="D:/CNG491ERG/EndlessRunnerGame/Assets/Scripts/Core/InputHandlers/InputHandler.cs" />
        <File uid="20" fullPath="D:/CNG491ERG/EndlessRunnerGame/Assets/Scripts/Core/InputHandlers/PlayerAutoInputHandler.cs" />
        <File uid="21" fullPath="D:/CNG491ERG/EndlessRunnerGame/Assets/Scripts/Core/InputHandlers/PlayerInputHandler.cs" />
        <File uid="22" fullPath="D:/CNG491ERG/EndlessRunnerGame/Assets/Scripts/Core/InputHandlers/RandomInputHandler.cs" />
        <File uid="23" fullPath="D:/CNG491ERG/EndlessRunnerGame/Assets/Scripts/Core/InputHandlers/StoopidInputHandler.cs" />
      </Files>
      <Classes>
        <Class>
          <Summary numSequencePoints="1" visitedSequencePoints="1" numBranchPoints="0" visitedBranchPoints="0" sequenceCoverage="100.0" branchCoverage="0.0" maxCyclomaticComplexity="0" minCyclomaticComplexity="0" maxCrapScore="0" minCrapScore="0" visitedClasses="1" numClasses="1" visitedMethods="1" numMethods="1" />
          <FullName>AIBERG.Core.Boss</FullName>
          <Methods>
            <Method visited="true" cyclomaticComplexity="0" nPathComplexity="0" sequenceCoverage="100.0" branchCoverage="0" crapScore="0" isConstructor="true" isStatic="false" isGetter="false" isSetter="false">
              <Summary numSequencePoints="1" visitedSequencePoints="1" numBranchPoints="0" visitedBranchPoints="0" sequenceCoverage="100.0" branchCoverage="0" maxCyclomaticComplexity="0" minCyclomaticComplexity="0" maxCrapScore="0" minCrapScore="0" visitedClasses="0" numClasses="0" visitedMethods="1" numMethods="1" />
              <MetadataToken>100663323</MetadataToken>
              <Name>AIBERG.Core.Boss::Boss()</Name>
              <FileRef uid="12" />
              <SequencePoints>
                <SequencePoint vc="8" uspid="8326" ordinal="0" offset="0" sl="18" sc="22" el="18" ec="22" bec="0" bev="0" fileid="12" />
              </SequencePoints>
              <BranchPoints />
            </Method>
          </Methods>
        </Class>
        <Class>
          <Summary numSequencePoints="7" visitedSequencePoints="7" numBranchPoints="0" visitedBranchPoints="0" sequenceCoverage="100.0" branchCoverage="0.0" maxCyclomaticComplexity="0" minCyclomaticComplexity="0" maxCrapScore="0" minCrapScore="0" visitedClasses="1" numClasses="1" visitedMethods="2" numMethods="2" />
          <FullName>AIBERG.Core.DamagingProjectile</FullName>
          <Methods>
            <Method visited="true" cyclomaticComplexity="0" nPathComplexity="0" sequenceCoverage="100.0" branchCoverage="0" crapScore="0" isConstructor="false" isStatic="false" isGetter="false" isSetter="false">
              <Summary numSequencePoints="6" visitedSequencePoints="6" numBranchPoints="0" visitedBranchPoints="0" sequenceCoverage="100.0" branchCoverage="0" maxCyclomaticComplexity="0" minCyclomaticComplexity="0" maxCrapScore="0" minCrapScore="0" visitedClasses="0" numClasses="0" visitedMethods="1" numMethods="1" />
              <MetadataToken>100663335</MetadataToken>
              <Name>System.Void AIBERG.Core.DamagingProjectile::AddTagToDamage(System.String)</Name>
              <FileRef uid="14" />
              <SequencePoints>
                <SequencePoint vc="6" uspid="8394" ordinal="0" offset="0" sl="24" sc="43" el="24" ec="43" bec="0" bev="0" fileid="14" />
                <SequencePoint vc="6" uspid="8395" ordinal="0" offset="1" sl="25" sc="9" el="25" ec="9" bec="0" bev="0" fileid="14" />
                <SequencePoint vc="4" uspid="8396" ordinal="0" offset="20" sl="25" sc="40" el="25" ec="40" bec="0" bev="0" fileid="14" />
                <SequencePoint vc="4" uspid="8397" ordinal="0" offset="21" sl="26" sc="13" el="26" ec="13" bec="0" bev="0" fileid="14" />
                <SequencePoint vc="4" uspid="8398" ordinal="0" offset="34" sl="27" sc="9" el="27" ec="9" bec="0" bev="0" fileid="14" />
                <SequencePoint vc="6" uspid="8399" ordinal="0" offset="35" sl="28" sc="5" el="28" ec="5" bec="0" bev="0" fileid="14" />
              </SequencePoints>
              <BranchPoints />
            </Method>
            <Method visited="true" cyclomaticComplexity="0" nPathComplexity="0" sequenceCoverage="100.0" branchCoverage="0" crapScore="0" isConstructor="true" isStatic="false" isGetter="false" isSetter="false">
              <Summary numSequencePoints="1" visitedSequencePoints="1" numBranchPoints="0" visitedBranchPoints="0" sequenceCoverage="100.0" branchCoverage="0" maxCyclomaticComplexity="0" minCyclomaticComplexity="0" maxCrapScore="0" minCrapScore="0" visitedClasses="0" numClasses="0" visitedMethods="1" numMethods="1" />
              <MetadataToken>100663337</MetadataToken>
              <Name>AIBERG.Core.DamagingProjectile::DamagingProjectile()</Name>
              <FileRef uid="14" />
              <SequencePoints>
                <SequencePoint vc="4" uspid="8408" ordinal="0" offset="0" sl="9" sc="5" el="9" ec="5" bec="0" bev="0" fileid="14" />
              </SequencePoints>
              <BranchPoints />
            </Method>
          </Methods>
        </Class>
        <Class>
          <Summary numSequencePoints="1" visitedSequencePoints="1" numBranchPoints="0" visitedBranchPoints="0" sequenceCoverage="100.0" branchCoverage="0.0" maxCyclomaticComplexity="0" minCyclomaticComplexity="0" maxCrapScore="0" minCrapScore="0" visitedClasses="1" numClasses="1" visitedMethods="1" numMethods="1" />
          <FullName>AIBERG.Core.GameEnvironment</FullName>
          <Methods>
            <Method visited="true" cyclomaticComplexity="0" nPathComplexity="0" sequenceCoverage="100.0" branchCoverage="0" crapScore="0" isConstructor="true" isStatic="false" isGetter="false" isSetter="false">
              <Summary numSequencePoints="1" visitedSequencePoints="1" numBranchPoints="0" visitedBranchPoints="0" sequenceCoverage="100.0" branchCoverage="0" maxCyclomaticComplexity="0" minCyclomaticComplexity="0" maxCrapScore="0" minCrapScore="0" visitedClasses="0" numClasses="0" visitedMethods="1" numMethods="1" />
              <MetadataToken>100663366</MetadataToken>
              <Name>AIBERG.Core.GameEnvironment::GameEnvironment()</Name>
              <FileRef uid="16" />
              <SequencePoints>
                <SequencePoint vc="8" uspid="8485" ordinal="0" offset="0" sl="19" sc="22" el="19" ec="22" bec="0" bev="0" fileid="16" />
              </SequencePoints>
              <BranchPoints />
            </Method>
          </Methods>
        </Class>
      </Classes>
    </Module>
  </Modules>
</CoverageSession>